node,degree,closeness,betweenness,eigenvalue,eccentricity,pagerank,graph_size,graph_edges,graph_avg_degree,graph_max_degree,graph_apl,graph_clust_coef,graph_diameter,graph_density,graph_assortativity,avg_distance,graph_triads,graph_girth
1,34,0.00137551581843191,7452.75557382339,0.854018723446353,5,0.02500568588297,300,596,3.97333333333333,37,3.47170568561873,0.0298367423531619,7,0.013288740245262,-0.194840945993799,3.47170568561873,159,3
2,26,0.00132275132275132,5358.68259412474,0.599482351713878,4,0.0191143180174492,300,596,3.97333333333333,37,3.47170568561873,0.0298367423531619,7,0.013288740245262,-0.194840945993799,3.47170568561873,159,3
3,37,0.00145772594752187,9889.08990375528,1,4,0.0270047983329225,300,596,3.97333333333333,37,3.47170568561873,0.0298367423531619,7,0.013288740245262,-0.194840945993799,3.47170568561873,159,3
4,5,0.00118063754427391,383.86334737307,0.27479438134095,5,0.00382117094448877,300,596,3.97333333333333,37,3.47170568561873,0.0298367423531619,7,0.013288740245262,-0.194840945993799,3.47170568561873,159,3
5,4,0.00108225108225108,339.580944261698,0.175940841970174,5,0.00338248065470096,300,596,3.97333333333333,37,3.47170568561873,0.0298367423531619,7,0.013288740245262,-0.194840945993799,3.47170568561873,159,3
6,8,0.00110987791342952,861.120029631679,0.191174432837414,5,0.0062112519338654,300,596,3.97333333333333,37,3.47170568561873,0.0298367423531619,7,0.013288740245262,-0.194840945993799,3.47170568561873,159,3
7,37,0.00143884892086331,9413.02407785207,0.946505925287194,4,0.0272980695320077,300,596,3.97333333333333,37,3.47170568561873,0.0298367423531619,7,0.013288740245262,-0.194840945993799,3.47170568561873,159,3
8,12,0.00116414435389988,2226.2717472367,0.257371863728758,5,0.00897750479069681,300,596,3.97333333333333,37,3.47170568561873,0.0298367423531619,7,0.013288740245262,-0.194840945993799,3.47170568561873,159,3
9,37,0.00142247510668563,8859.56751538144,0.955202287474651,4,0.0270029906469017,300,596,3.97333333333333,37,3.47170568561873,0.0298367423531619,7,0.013288740245262,-0.194840945993799,3.47170568561873,159,3
10,21,0.00119904076738609,2691.43967753754,0.444078064763764,5,0.0157881925582861,300,596,3.97333333333333,37,3.47170568561873,0.0298367423531619,7,0.013288740245262,-0.194840945993799,3.47170568561873,159,3
11,12,0.00119047619047619,2066.34683364745,0.300206688611318,4,0.00943153378735595,300,596,3.97333333333333,37,3.47170568561873,0.0298367423531619,7,0.013288740245262,-0.194840945993799,3.47170568561873,159,3
12,18,0.00118764845605701,2825.83591258854,0.337358200361463,5,0.0136042375336279,300,596,3.97333333333333,37,3.47170568561873,0.0298367423531619,7,0.013288740245262,-0.194840945993799,3.47170568561873,159,3
13,15,0.00118343195266272,2345.98818710042,0.294767593715056,5,0.0116624079710456,300,596,3.97333333333333,37,3.47170568561873,0.0298367423531619,7,0.013288740245262,-0.194840945993799,3.47170568561873,159,3
14,16,0.00113122171945701,2171.46841774982,0.266358440207438,5,0.0123393632663157,300,596,3.97333333333333,37,3.47170568561873,0.0298367423531619,7,0.013288740245262,-0.194840945993799,3.47170568561873,159,3
15,3,0.000931098696461825,78.8035756158442,0.0694554809758743,5,0.00263158162354291,300,596,3.97333333333333,37,3.47170568561873,0.0298367423531619,7,0.013288740245262,-0.194840945993799,3.47170568561873,159,3
16,22,0.00126103404791929,4429.03192974644,0.416836367064132,5,0.0163593543375671,300,596,3.97333333333333,37,3.47170568561873,0.0298367423531619,7,0.013288740245262,-0.194840945993799,3.47170568561873,159,3
17,3,0.00107874865156419,17.93943001443,0.199392754405659,5,0.00252555192608387,300,596,3.97333333333333,37,3.47170568561873,0.0298367423531619,7,0.013288740245262,-0.194840945993799,3.47170568561873,159,3
18,3,0.00106157112526539,450.847936108512,0.142370173986822,5,0.00252241627813875,300,596,3.97333333333333,37,3.47170568561873,0.0298367423531619,7,0.013288740245262,-0.194840945993799,3.47170568561873,159,3
19,7,0.00106382978723404,757.370777759687,0.15658174205423,5,0.00532875373708012,300,596,3.97333333333333,37,3.47170568561873,0.0298367423531619,7,0.013288740245262,-0.194840945993799,3.47170568561873,159,3
20,3,0.00107066381156317,167.506088681514,0.153068771791984,5,0.00256251849653435,300,596,3.97333333333333,37,3.47170568561873,0.0298367423531619,7,0.013288740245262,-0.194840945993799,3.47170568561873,159,3
21,15,0.00120772946859903,2757.02121682319,0.279948057047455,5,0.0112903149907528,300,596,3.97333333333333,37,3.47170568561873,0.0298367423531619,7,0.013288740245262,-0.194840945993799,3.47170568561873,159,3
22,8,0.00117233294255569,796.395406596242,0.327035409379646,5,0.00613486970637912,300,596,3.97333333333333,37,3.47170568561873,0.0298367423531619,7,0.013288740245262,-0.194840945993799,3.47170568561873,159,3
23,12,0.00104931794333683,1440.2355241609,0.121345701589222,5,0.00912398793316697,300,596,3.97333333333333,37,3.47170568561873,0.0298367423531619,7,0.013288740245262,-0.194840945993799,3.47170568561873,159,3
24,3,0.0011037527593819,166.105067597521,0.214601459708943,5,0.00252879781580639,300,596,3.97333333333333,37,3.47170568561873,0.0298367423531619,7,0.013288740245262,-0.194840945993799,3.47170568561873,159,3
25,8,0.00116686114352392,1444.03422272933,0.267850499826183,5,0.00636088445844069,300,596,3.97333333333333,37,3.47170568561873,0.0298367423531619,7,0.013288740245262,-0.194840945993799,3.47170568561873,159,3
26,5,0.00100200400801603,418.102308739153,0.102399288548861,5,0.00395961632304891,300,596,3.97333333333333,37,3.47170568561873,0.0298367423531619,7,0.013288740245262,-0.194840945993799,3.47170568561873,159,3
27,3,0.000998003992015968,140.554642028608,0.0951544520380833,5,0.0024583562464108,300,596,3.97333333333333,37,3.47170568561873,0.0298367423531619,7,0.013288740245262,-0.194840945993799,3.47170568561873,159,3
28,3,0.00104712041884817,63.1542974998857,0.162492784136741,5,0.00255613141913031,300,596,3.97333333333333,37,3.47170568561873,0.0298367423531619,7,0.013288740245262,-0.194840945993799,3.47170568561873,159,3
29,5,0.00106951871657754,367.413963316439,0.145810243544505,5,0.00394565652850933,300,596,3.97333333333333,37,3.47170568561873,0.0298367423531619,7,0.013288740245262,-0.194840945993799,3.47170568561873,159,3
30,8,0.0011001100110011,797.0685850185,0.192833134731328,5,0.00626283344373844,300,596,3.97333333333333,37,3.47170568561873,0.0298367423531619,7,0.013288740245262,-0.194840945993799,3.47170568561873,159,3
31,4,0.00113636363636364,577.066925584199,0.232828245816486,5,0.00339358378962484,300,596,3.97333333333333,37,3.47170568561873,0.0298367423531619,7,0.013288740245262,-0.194840945993799,3.47170568561873,159,3
32,6,0.00114155251141553,502.805557351146,0.263764428065344,4,0.00479286626236997,300,596,3.97333333333333,37,3.47170568561873,0.0298367423531619,7,0.013288740245262,-0.194840945993799,3.47170568561873,159,3
33,6,0.001001001001001,549.527682880544,0.0902882440454677,6,0.00477115564610451,300,596,3.97333333333333,37,3.47170568561873,0.0298367423531619,7,0.013288740245262,-0.194840945993799,3.47170568561873,159,3
34,5,0.0009765625,241.481652107496,0.0792767544957383,5,0.00400805999262676,300,596,3.97333333333333,37,3.47170568561873,0.0298367423531619,7,0.013288740245262,-0.194840945993799,3.47170568561873,159,3
35,2,0.000961538461538461,72.4035847593616,0.0644068938176397,5,0.00181639845854898,300,596,3.97333333333333,37,3.47170568561873,0.0298367423531619,7,0.013288740245262,-0.194840945993799,3.47170568561873,159,3
36,8,0.0011441647597254,1590.23534958709,0.197786647888297,4,0.0060866997667633,300,596,3.97333333333333,37,3.47170568561873,0.0298367423531619,7,0.013288740245262,-0.194840945993799,3.47170568561873,159,3
37,4,0.00102880658436214,322.97967198379,0.121111364530694,5,0.00335583935826873,300,596,3.97333333333333,37,3.47170568561873,0.0298367423531619,7,0.013288740245262,-0.194840945993799,3.47170568561873,159,3
38,3,0.00106723585912487,187.422598235098,0.168300954184958,5,0.00247295450243223,300,596,3.97333333333333,37,3.47170568561873,0.0298367423531619,7,0.013288740245262,-0.194840945993799,3.47170568561873,159,3
39,16,0.00111358574610245,1754.90142143793,0.293725129670849,5,0.0123864228819949,300,596,3.97333333333333,37,3.47170568561873,0.0298367423531619,7,0.013288740245262,-0.194840945993799,3.47170568561873,159,3
40,4,0.00105596620908131,427.277140893219,0.130187078813624,5,0.00331787910677262,300,596,3.97333333333333,37,3.47170568561873,0.0298367423531619,7,0.013288740245262,-0.194840945993799,3.47170568561873,159,3
41,5,0.00108459869848156,360.957435714142,0.188939262220152,5,0.00408545623337378,300,596,3.97333333333333,37,3.47170568561873,0.0298367423531619,7,0.013288740245262,-0.194840945993799,3.47170568561873,159,3
42,2,0.00101729399796541,0,0.1376681121684,5,0.00183595354796661,300,596,3.97333333333333,37,3.47170568561873,0.0298367423531619,7,0.013288740245262,-0.194840945993799,3.47170568561873,159,3
43,7,0.00105708245243129,613.322777877039,0.143636844365587,5,0.00537206160642063,300,596,3.97333333333333,37,3.47170568561873,0.0298367423531619,7,0.013288740245262,-0.194840945993799,3.47170568561873,159,3
44,5,0.000950570342205323,291.825036248861,0.053982374332658,5,0.00417054296584595,300,596,3.97333333333333,37,3.47170568561873,0.0298367423531619,7,0.013288740245262,-0.194840945993799,3.47170568561873,159,3
45,5,0.00112866817155756,658.21338501941,0.236377373030072,5,0.00397715618280747,300,596,3.97333333333333,37,3.47170568561873,0.0298367423531619,7,0.013288740245262,-0.194840945993799,3.47170568561873,159,3
46,2,0.000950570342205323,0,0.0682640151629602,6,0.00177832891731801,300,596,3.97333333333333,37,3.47170568561873,0.0298367423531619,7,0.013288740245262,-0.194840945993799,3.47170568561873,159,3
47,3,0.00105932203389831,278.447492271587,0.128034859973597,5,0.0026300830102923,300,596,3.97333333333333,37,3.47170568561873,0.0298367423531619,7,0.013288740245262,-0.194840945993799,3.47170568561873,159,3
48,5,0.000908265213442325,219.467729273637,0.0392161346026863,5,0.00411057509589425,300,596,3.97333333333333,37,3.47170568561873,0.0298367423531619,7,0.013288740245262,-0.194840945993799,3.47170568561873,159,3
49,7,0.00093984962406015,323.014236129368,0.0669919880263849,5,0.00587645584934212,300,596,3.97333333333333,37,3.47170568561873,0.0298367423531619,7,0.013288740245262,-0.194840945993799,3.47170568561873,159,3
50,5,0.000998003992015968,258.348406041906,0.112652900188244,5,0.00409096749866076,300,596,3.97333333333333,37,3.47170568561873,0.0298367423531619,7,0.013288740245262,-0.194840945993799,3.47170568561873,159,3
51,5,0.00107411385606874,535.825227876985,0.160770616758525,5,0.00402906823790367,300,596,3.97333333333333,37,3.47170568561873,0.0298367423531619,7,0.013288740245262,-0.194840945993799,3.47170568561873,159,3
52,5,0.000874890638670166,258.349622998216,0.0274937133202419,5,0.00435158700613969,300,596,3.97333333333333,37,3.47170568561873,0.0298367423531619,7,0.013288740245262,-0.194840945993799,3.47170568561873,159,3
53,3,0.00100502512562814,97.0307125880655,0.0922529575109211,5,0.00258847652497737,300,596,3.97333333333333,37,3.47170568561873,0.0298367423531619,7,0.013288740245262,-0.194840945993799,3.47170568561873,159,3
54,3,0.00100908173562059,110.420352849895,0.116528971030323,5,0.00257160960947008,300,596,3.97333333333333,37,3.47170568561873,0.0298367423531619,7,0.013288740245262,-0.194840945993799,3.47170568561873,159,3
55,3,0.00102774922918808,90.4446624284894,0.112017220738143,5,0.00257376374781092,300,596,3.97333333333333,37,3.47170568561873,0.0298367423531619,7,0.013288740245262,-0.194840945993799,3.47170568561873,159,3
56,2,0.000945179584120983,45.7318450752528,0.0639997085227395,5,0.00180397356594547,300,596,3.97333333333333,37,3.47170568561873,0.0298367423531619,7,0.013288740245262,-0.194840945993799,3.47170568561873,159,3
57,3,0.00106951871657754,153.716592161708,0.174070828319532,5,0.0024963684253387,300,596,3.97333333333333,37,3.47170568561873,0.0298367423531619,7,0.013288740245262,-0.194840945993799,3.47170568561873,159,3
58,3,0.00105263157894737,218.594411389078,0.152479344133801,5,0.00257560016887259,300,596,3.97333333333333,37,3.47170568561873,0.0298367423531619,7,0.013288740245262,-0.194840945993799,3.47170568561873,159,3
59,10,0.0011037527593819,1170.41837996594,0.175177625926887,5,0.00785558547593818,300,596,3.97333333333333,37,3.47170568561873,0.0298367423531619,7,0.013288740245262,-0.194840945993799,3.47170568561873,159,3
60,2,0.0010989010989011,41.3231361512476,0.206666939076725,5,0.00175225996064756,300,596,3.97333333333333,37,3.47170568561873,0.0298367423531619,7,0.013288740245262,-0.194840945993799,3.47170568561873,159,3
61,8,0.00100200400801603,594.251155332818,0.11340724379236,5,0.00638071572353146,300,596,3.97333333333333,37,3.47170568561873,0.0298367423531619,7,0.013288740245262,-0.194840945993799,3.47170568561873,159,3
62,2,0.00105374077976818,0,0.160611512600353,5,0.00175938486358475,300,596,3.97333333333333,37,3.47170568561873,0.0298367423531619,7,0.013288740245262,-0.194840945993799,3.47170568561873,159,3
63,2,0.000988142292490119,54.1440704051326,0.0896944349584841,6,0.00178146821724088,300,596,3.97333333333333,37,3.47170568561873,0.0298367423531619,7,0.013288740245262,-0.194840945993799,3.47170568561873,159,3
64,3,0.000978473581213307,83.1899460462821,0.064063801934471,5,0.00262889193626975,300,596,3.97333333333333,37,3.47170568561873,0.0298367423531619,7,0.013288740245262,-0.194840945993799,3.47170568561873,159,3
65,6,0.000953288846520496,142.268152821036,0.0752781098055097,5,0.00492447562421707,300,596,3.97333333333333,37,3.47170568561873,0.0298367423531619,7,0.013288740245262,-0.194840945993799,3.47170568561873,159,3
66,4,0.00105932203389831,281.857528413156,0.151928951174778,5,0.00327049751116608,300,596,3.97333333333333,37,3.47170568561873,0.0298367423531619,7,0.013288740245262,-0.194840945993799,3.47170568561873,159,3
67,3,0.000922509225092251,163.135715876458,0.0462062160539779,5,0.00265928097549926,300,596,3.97333333333333,37,3.47170568561873,0.0298367423531619,7,0.013288740245262,-0.194840945993799,3.47170568561873,159,3
68,3,0.000911577028258888,183.643405019934,0.0604308046347611,5,0.00276464715674991,300,596,3.97333333333333,37,3.47170568561873,0.0298367423531619,7,0.013288740245262,-0.194840945993799,3.47170568561873,159,3
69,8,0.0010515247108307,606.295670179494,0.192132259296143,5,0.00635241397958967,300,596,3.97333333333333,37,3.47170568561873,0.0298367423531619,7,0.013288740245262,-0.194840945993799,3.47170568561873,159,3
70,3,0.00107758620689655,69.7845706462068,0.18046414904455,5,0.00253326619672508,300,596,3.97333333333333,37,3.47170568561873,0.0298367423531619,7,0.013288740245262,-0.194840945993799,3.47170568561873,159,3
71,4,0.00109649122807018,235.206793549401,0.176675988428279,5,0.00335014662285752,300,596,3.97333333333333,37,3.47170568561873,0.0298367423531619,7,0.013288740245262,-0.194840945993799,3.47170568561873,159,3
72,6,0.00105374077976818,429.794160367496,0.178692435454539,5,0.00488050365048535,300,596,3.97333333333333,37,3.47170568561873,0.0298367423531619,7,0.013288740245262,-0.194840945993799,3.47170568561873,159,3
73,4,0.00102459016393443,337.051489947263,0.117067831740889,5,0.00328235185780036,300,596,3.97333333333333,37,3.47170568561873,0.0298367423531619,7,0.013288740245262,-0.194840945993799,3.47170568561873,159,3
74,2,0.000973709834469328,12.9300846814005,0.0825132653016209,5,0.00178864494982704,300,596,3.97333333333333,37,3.47170568561873,0.0298367423531619,7,0.013288740245262,-0.194840945993799,3.47170568561873,159,3
75,6,0.000959692898272553,403.300894536321,0.0702045599833054,5,0.00505632286323336,300,596,3.97333333333333,37,3.47170568561873,0.0298367423531619,7,0.013288740245262,-0.194840945993799,3.47170568561873,159,3
76,2,0.000983284169124877,76.458415060172,0.0697883980814301,5,0.0017920114810156,300,596,3.97333333333333,37,3.47170568561873,0.0298367423531619,7,0.013288740245262,-0.194840945993799,3.47170568561873,159,3
77,5,0.000949667616334283,370.123222555445,0.0649102148697679,6,0.00411218084453831,300,596,3.97333333333333,37,3.47170568561873,0.0298367423531619,7,0.013288740245262,-0.194840945993799,3.47170568561873,159,3
78,5,0.0011441647597254,632.663107903498,0.238963108920981,5,0.00414430098792824,300,596,3.97333333333333,37,3.47170568561873,0.0298367423531619,7,0.013288740245262,-0.194840945993799,3.47170568561873,159,3
79,3,0.000960614793467819,72.0459130967645,0.0714256110881041,6,0.00262853141559696,300,596,3.97333333333333,37,3.47170568561873,0.0298367423531619,7,0.013288740245262,-0.194840945993799,3.47170568561873,159,3
80,2,0.000960614793467819,0,0.0816669957262094,5,0.00185412422783484,300,596,3.97333333333333,37,3.47170568561873,0.0298367423531619,7,0.013288740245262,-0.194840945993799,3.47170568561873,159,3
81,3,0.0011001100110011,255.262736171809,0.182309877980877,5,0.00256258275778582,300,596,3.97333333333333,37,3.47170568561873,0.0298367423531619,7,0.013288740245262,-0.194840945993799,3.47170568561873,159,3
82,2,0.000920810313075506,87.3557815965278,0.0506801766608103,6,0.00182325343897783,300,596,3.97333333333333,37,3.47170568561873,0.0298367423531619,7,0.013288740245262,-0.194840945993799,3.47170568561873,159,3
83,2,0.00105820105820106,67.169951866372,0.142355593996651,5,0.00178514652917919,300,596,3.97333333333333,37,3.47170568561873,0.0298367423531619,7,0.013288740245262,-0.194840945993799,3.47170568561873,159,3
84,2,0.00105374077976818,0,0.160611512600353,5,0.00175938486358475,300,596,3.97333333333333,37,3.47170568561873,0.0298367423531619,7,0.013288740245262,-0.194840945993799,3.47170568561873,159,3
85,6,0.000974658869395712,306.349022678172,0.0631926151638885,5,0.00487183331704366,300,596,3.97333333333333,37,3.47170568561873,0.0298367423531619,7,0.013288740245262,-0.194840945993799,3.47170568561873,159,3
86,4,0.000885739592559787,140.848562548563,0.0348249948580334,5,0.00350518670354435,300,596,3.97333333333333,37,3.47170568561873,0.0298367423531619,7,0.013288740245262,-0.194840945993799,3.47170568561873,159,3
87,5,0.0010183299389002,418.270131663045,0.135169501489758,5,0.00406071405152739,300,596,3.97333333333333,37,3.47170568561873,0.0298367423531619,7,0.013288740245262,-0.194840945993799,3.47170568561873,159,3
88,2,0.00105374077976818,0,0.160611512600353,5,0.00175938486358475,300,596,3.97333333333333,37,3.47170568561873,0.0298367423531619,7,0.013288740245262,-0.194840945993799,3.47170568561873,159,3
89,2,0.000988142292490119,54.1440704051326,0.0896944349584842,6,0.00178146821724088,300,596,3.97333333333333,37,3.47170568561873,0.0298367423531619,7,0.013288740245262,-0.194840945993799,3.47170568561873,159,3
90,4,0.00103950103950104,316.146474709369,0.149912080294286,5,0.0033880977303549,300,596,3.97333333333333,37,3.47170568561873,0.0298367423531619,7,0.013288740245262,-0.194840945993799,3.47170568561873,159,3
91,6,0.00105596620908131,701.697662131757,0.164956164288048,5,0.00495662652401405,300,596,3.97333333333333,37,3.47170568561873,0.0298367423531619,7,0.013288740245262,-0.194840945993799,3.47170568561873,159,3
92,2,0.000923361034164358,55.9505228818309,0.0474752319716815,5,0.00184601802222953,300,596,3.97333333333333,37,3.47170568561873,0.0298367423531619,7,0.013288740245262,-0.194840945993799,3.47170568561873,159,3
93,4,0.00103842159916926,373.210108187498,0.135235842234412,5,0.00339095588136259,300,596,3.97333333333333,37,3.47170568561873,0.0298367423531619,7,0.013288740245262,-0.194840945993799,3.47170568561873,159,3
94,4,0.00088339222614841,163.345236044772,0.0322211806004438,5,0.00356244837402838,300,596,3.97333333333333,37,3.47170568561873,0.0298367423531619,7,0.013288740245262,-0.194840945993799,3.47170568561873,159,3
95,2,0.000915750915750916,27.9125446032863,0.0446725279231172,5,0.0018221264523086,300,596,3.97333333333333,37,3.47170568561873,0.0298367423531619,7,0.013288740245262,-0.194840945993799,3.47170568561873,159,3
96,3,0.000884173297966401,38.6359948176889,0.0380704022295794,6,0.00265035183378882,300,596,3.97333333333333,37,3.47170568561873,0.0298367423531619,7,0.013288740245262,-0.194840945993799,3.47170568561873,159,3
97,5,0.000869565217391304,329.20459496411,0.0424693424590152,6,0.00427243272990029,300,596,3.97333333333333,37,3.47170568561873,0.0298367423531619,7,0.013288740245262,-0.194840945993799,3.47170568561873,159,3
98,2,0.00086281276962899,18.6857323232323,0.0292973387639215,6,0.00187810247410005,300,596,3.97333333333333,37,3.47170568561873,0.0298367423531619,7,0.013288740245262,-0.194840945993799,3.47170568561873,159,3
99,8,0.00108459869848156,1157.57071826384,0.152901154569323,5,0.00657961745529748,300,596,3.97333333333333,37,3.47170568561873,0.0298367423531619,7,0.013288740245262,-0.194840945993799,3.47170568561873,159,3
100,5,0.00100200400801603,522.659607980026,0.0914359704529999,5,0.00421922777160049,300,596,3.97333333333333,37,3.47170568561873,0.0298367423531619,7,0.013288740245262,-0.194840945993799,3.47170568561873,159,3
101,2,0.00109409190371991,54.1356798947523,0.17844905141215,5,0.00174523014027593,300,596,3.97333333333333,37,3.47170568561873,0.0298367423531619,7,0.013288740245262,-0.194840945993799,3.47170568561873,159,3
102,5,0.00108225108225108,542.680167632505,0.173782949190076,5,0.00418478703654065,300,596,3.97333333333333,37,3.47170568561873,0.0298367423531619,7,0.013288740245262,-0.194840945993799,3.47170568561873,159,3
103,2,0.00105042016806723,101.508417399594,0.133715428334357,5,0.00182256925981149,300,596,3.97333333333333,37,3.47170568561873,0.0298367423531619,7,0.013288740245262,-0.194840945993799,3.47170568561873,159,3
104,2,0.00103626943005181,78.2434483490366,0.143353775585361,5,0.00177836768992676,300,596,3.97333333333333,37,3.47170568561873,0.0298367423531619,7,0.013288740245262,-0.194840945993799,3.47170568561873,159,3
105,5,0.0011001100110011,351.68507397689,0.181281860376223,5,0.00412684123675186,300,596,3.97333333333333,37,3.47170568561873,0.0298367423531619,7,0.013288740245262,-0.194840945993799,3.47170568561873,159,3
106,2,0.0010989010989011,0,0.207665120665435,5,0.00174548112139512,300,596,3.97333333333333,37,3.47170568561873,0.0298367423531619,7,0.013288740245262,-0.194840945993799,3.47170568561873,159,3
107,4,0.00100502512562814,525.706883037067,0.084858019779529,5,0.003466402006328,300,596,3.97333333333333,37,3.47170568561873,0.0298367423531619,7,0.013288740245262,-0.194840945993799,3.47170568561873,159,3
108,3,0.00100200400801603,102.959585732153,0.0946077047688573,5,0.00259002795353872,300,596,3.97333333333333,37,3.47170568561873,0.0298367423531619,7,0.013288740245262,-0.194840945993799,3.47170568561873,159,3
109,2,0.000911577028258888,18.3494225932306,0.0495816991239654,6,0.00187626358147945,300,596,3.97333333333333,37,3.47170568561873,0.0298367423531619,7,0.013288740245262,-0.194840945993799,3.47170568561873,159,3
110,2,0.0010183299389002,31.5321288188936,0.122016751233155,5,0.0018557405362563,300,596,3.97333333333333,37,3.47170568561873,0.0298367423531619,7,0.013288740245262,-0.194840945993799,3.47170568561873,159,3
111,6,0.00111607142857143,830.729809058654,0.186051604945464,4,0.00480935130790171,300,596,3.97333333333333,37,3.47170568561873,0.0298367423531619,7,0.013288740245262,-0.194840945993799,3.47170568561873,159,3
112,2,0.00084530853761623,0,0.0300014756383429,6,0.00187625792359778,300,596,3.97333333333333,37,3.47170568561873,0.0298367423531619,7,0.013288740245262,-0.194840945993799,3.47170568561873,159,3
113,4,0.00106157112526539,285.823663507975,0.15922380227733,5,0.00331591037312177,300,596,3.97333333333333,37,3.47170568561873,0.0298367423531619,7,0.013288740245262,-0.194840945993799,3.47170568561873,159,3
114,3,0.000925069380203515,86.4952214452215,0.0621886852420155,5,0.00267287668943859,300,596,3.97333333333333,37,3.47170568561873,0.0298367423531619,7,0.013288740245262,-0.194840945993799,3.47170568561873,159,3
115,3,0.00087260034904014,166.15547551169,0.0304110007902177,5,0.00271497171174749,300,596,3.97333333333333,37,3.47170568561873,0.0298367423531619,7,0.013288740245262,-0.194840945993799,3.47170568561873,159,3
116,2,0.000992063492063492,0,0.118739506807291,6,0.00184290090281309,300,596,3.97333333333333,37,3.47170568561873,0.0298367423531619,7,0.013288740245262,-0.194840945993799,3.47170568561873,159,3
117,3,0.00104384133611691,156.991053391053,0.143874987396994,5,0.00262824123930569,300,596,3.97333333333333,37,3.47170568561873,0.0298367423531619,7,0.013288740245262,-0.194840945993799,3.47170568561873,159,3
118,4,0.00104166666666667,258.143832892661,0.15282713757839,5,0.0033333721970089,300,596,3.97333333333333,37,3.47170568561873,0.0298367423531619,7,0.013288740245262,-0.194840945993799,3.47170568561873,159,3
119,5,0.000929368029739777,267.545251090296,0.041216636853898,5,0.00424955319224858,300,596,3.97333333333333,37,3.47170568561873,0.0298367423531619,7,0.013288740245262,-0.194840945993799,3.47170568561873,159,3
120,2,0.0010989010989011,41.3231361512476,0.206666939076725,5,0.00175225996064756,300,596,3.97333333333333,37,3.47170568561873,0.0298367423531619,7,0.013288740245262,-0.194840945993799,3.47170568561873,159,3
121,3,0.000974658869395712,277.409453216202,0.0625691034905869,6,0.00264418846633239,300,596,3.97333333333333,37,3.47170568561873,0.0298367423531619,7,0.013288740245262,-0.194840945993799,3.47170568561873,159,3
122,2,0.000873362445414847,7.06468253968254,0.0507858671756925,5,0.00187039407098769,300,596,3.97333333333333,37,3.47170568561873,0.0298367423531619,7,0.013288740245262,-0.194840945993799,3.47170568561873,159,3
123,3,0.000929368029739777,77.4969496451626,0.0571527933415849,5,0.00262492905746828,300,596,3.97333333333333,37,3.47170568561873,0.0298367423531619,7,0.013288740245262,-0.194840945993799,3.47170568561873,159,3
124,3,0.00086281276962899,67.7496985316026,0.0261346701564898,6,0.0027428988159788,300,596,3.97333333333333,37,3.47170568561873,0.0298367423531619,7,0.013288740245262,-0.194840945993799,3.47170568561873,159,3
125,4,0.000874125874125874,337.025249879298,0.0448674958972029,6,0.00357681289027883,300,596,3.97333333333333,37,3.47170568561873,0.0298367423531619,7,0.013288740245262,-0.194840945993799,3.47170568561873,159,3
126,2,0.00104166666666667,66.6101656513421,0.136834741571935,5,0.00179532448757425,300,596,3.97333333333333,37,3.47170568561873,0.0298367423531619,7,0.013288740245262,-0.194840945993799,3.47170568561873,159,3
127,3,0.000853242320819113,76.2564176896375,0.0251226630550371,6,0.00274338937524195,300,596,3.97333333333333,37,3.47170568561873,0.0298367423531619,7,0.013288740245262,-0.194840945993799,3.47170568561873,159,3
128,3,0.000846023688663283,41.7669017285397,0.0335612759020296,6,0.00269396411440209,300,596,3.97333333333333,37,3.47170568561873,0.0298367423531619,7,0.013288740245262,-0.194840945993799,3.47170568561873,159,3
129,3,0.000938967136150235,65.0550364154901,0.0690086732875943,6,0.00263625314562017,300,596,3.97333333333333,37,3.47170568561873,0.0298367423531619,7,0.013288740245262,-0.194840945993799,3.47170568561873,159,3
130,4,0.00102145045965271,281.712235244975,0.125956673951555,5,0.0034362575176598,300,596,3.97333333333333,37,3.47170568561873,0.0298367423531619,7,0.013288740245262,-0.194840945993799,3.47170568561873,159,3
131,3,0.00105708245243129,103.365565512272,0.162083880177768,5,0.00255312273497266,300,596,3.97333333333333,37,3.47170568561873,0.0298367423531619,7,0.013288740245262,-0.194840945993799,3.47170568561873,159,3
132,2,0.00102249488752556,52.1362805654414,0.12157184996666,5,0.00182258228834548,300,596,3.97333333333333,37,3.47170568561873,0.0298367423531619,7,0.013288740245262,-0.194840945993799,3.47170568561873,159,3
133,2,0.000836820083682008,12.2595293595294,0.0345646498372932,6,0.00189792948795864,300,596,3.97333333333333,37,3.47170568561873,0.0298367423531619,7,0.013288740245262,-0.194840945993799,3.47170568561873,159,3
134,3,0.000943396226415094,167.47988390246,0.0515655471620619,6,0.00267848621483202,300,596,3.97333333333333,37,3.47170568561873,0.0298367423531619,7,0.013288740245262,-0.194840945993799,3.47170568561873,159,3
135,2,0.00100603621730382,95.9793747143428,0.105278902996621,6,0.00181531853365547,300,596,3.97333333333333,37,3.47170568561873,0.0298367423531619,7,0.013288740245262,-0.194840945993799,3.47170568561873,159,3
136,4,0.000956937799043062,80.7369267127781,0.0890505017040336,5,0.0032937771586925,300,596,3.97333333333333,37,3.47170568561873,0.0298367423531619,7,0.013288740245262,-0.194840945993799,3.47170568561873,159,3
137,2,0.000956937799043062,31.5973149975742,0.0612624163088495,5,0.00186540095297365,300,596,3.97333333333333,37,3.47170568561873,0.0298367423531619,7,0.013288740245262,-0.194840945993799,3.47170568561873,159,3
138,6,0.000931098696461825,563.55080766012,0.0417543185134663,5,0.00501200947774941,300,596,3.97333333333333,37,3.47170568561873,0.0298367423531619,7,0.013288740245262,-0.194840945993799,3.47170568561873,159,3
139,3,0.00102564102564103,192.717994658706,0.121561923215213,5,0.002648411251808,300,596,3.97333333333333,37,3.47170568561873,0.0298367423531619,7,0.013288740245262,-0.194840945993799,3.47170568561873,159,3
140,2,0.000984251968503937,61.5383150294838,0.0699787863904693,5,0.0017974920164396,300,596,3.97333333333333,37,3.47170568561873,0.0298367423531619,7,0.013288740245262,-0.194840945993799,3.47170568561873,159,3
141,2,0.000861326442721792,6.11630591630591,0.0406774389476869,6,0.00197151974330863,300,596,3.97333333333333,37,3.47170568561873,0.0298367423531619,7,0.013288740245262,-0.194840945993799,3.47170568561873,159,3
142,2,0.000873362445414847,66.469660939419,0.0384451219289386,6,0.00188045275828817,300,596,3.97333333333333,37,3.47170568561873,0.0298367423531619,7,0.013288740245262,-0.194840945993799,3.47170568561873,159,3
143,2,0.000924214417744917,35.7503253181367,0.0493564439468567,5,0.0018814479098154,300,596,3.97333333333333,37,3.47170568561873,0.0298367423531619,7,0.013288740245262,-0.194840945993799,3.47170568561873,159,3
144,3,0.000909090909090909,154.187493062493,0.0436115487555607,5,0.00271819161307011,300,596,3.97333333333333,37,3.47170568561873,0.0298367423531619,7,0.013288740245262,-0.194840945993799,3.47170568561873,159,3
145,2,0.000899280575539568,55.5147127554248,0.0430922621325497,6,0.00189335534755024,300,596,3.97333333333333,37,3.47170568561873,0.0298367423531619,7,0.013288740245262,-0.194840945993799,3.47170568561873,159,3
146,4,0.000924214417744917,160.085054747517,0.0534121737108214,5,0.0034747037467336,300,596,3.97333333333333,37,3.47170568561873,0.0298367423531619,7,0.013288740245262,-0.194840945993799,3.47170568561873,159,3
147,4,0.0010515247108307,544.814706583559,0.134993580973815,6,0.00345183553163531,300,596,3.97333333333333,37,3.47170568561873,0.0298367423531619,7,0.013288740245262,-0.194840945993799,3.47170568561873,159,3
148,7,0.001,836.304482675047,0.0913179481593634,6,0.00590195359593071,300,596,3.97333333333333,37,3.47170568561873,0.0298367423531619,7,0.013288740245262,-0.194840945993799,3.47170568561873,159,3
149,2,0.000819000819000819,20.4587823725982,0.0148712178009258,6,0.00196275637097601,300,596,3.97333333333333,37,3.47170568561873,0.0298367423531619,7,0.013288740245262,-0.194840945993799,3.47170568561873,159,3
150,4,0.00102986611740474,198.097474747475,0.149117063414587,5,0.00346788964582507,300,596,3.97333333333333,37,3.47170568561873,0.0298367423531619,7,0.013288740245262,-0.194840945993799,3.47170568561873,159,3
151,2,0.00103412616339193,58.3738239976398,0.148997510272026,6,0.00176418803633834,300,596,3.97333333333333,37,3.47170568561873,0.0298367423531619,7,0.013288740245262,-0.194840945993799,3.47170568561873,159,3
152,2,0.00102145045965271,117.220050782551,0.116330821492776,5,0.00184068745242187,300,596,3.97333333333333,37,3.47170568561873,0.0298367423531619,7,0.013288740245262,-0.194840945993799,3.47170568561873,159,3
153,3,0.000905797101449275,226.500559578643,0.0363587702477675,6,0.00274571507873684,300,596,3.97333333333333,37,3.47170568561873,0.0298367423531619,7,0.013288740245262,-0.194840945993799,3.47170568561873,159,3
154,4,0.00106269925611052,297.632590957911,0.148114987944331,5,0.00336583958647927,300,596,3.97333333333333,37,3.47170568561873,0.0298367423531619,7,0.013288740245262,-0.194840945993799,3.47170568561873,159,3
155,2,0.000985221674876847,41.0659451659452,0.115141440965384,6,0.00186206869681208,300,596,3.97333333333333,37,3.47170568561873,0.0298367423531619,7,0.013288740245262,-0.194840945993799,3.47170568561873,159,3
156,2,0.000836120401337793,26.582215007215,0.0194920326640474,6,0.00197836722497673,300,596,3.97333333333333,37,3.47170568561873,0.0298367423531619,7,0.013288740245262,-0.194840945993799,3.47170568561873,159,3
157,2,0.000938967136150235,62.9205636313114,0.0564856430493907,5,0.00182970000980642,300,596,3.97333333333333,37,3.47170568561873,0.0298367423531619,7,0.013288740245262,-0.194840945993799,3.47170568561873,159,3
158,4,0.000951474785918173,227.25468119254,0.0544463449679371,6,0.00344518358923079,300,596,3.97333333333333,37,3.47170568561873,0.0298367423531619,7,0.013288740245262,-0.194840945993799,3.47170568561873,159,3
159,2,0.000919117647058824,0,0.0686529136704906,6,0.00183362897329009,300,596,3.97333333333333,37,3.47170568561873,0.0298367423531619,7,0.013288740245262,-0.194840945993799,3.47170568561873,159,3
160,2,0.0008110300081103,27.6422369297369,0.0136373819830132,6,0.00195643558483641,300,596,3.97333333333333,37,3.47170568561873,0.0298367423531619,7,0.013288740245262,-0.194840945993799,3.47170568561873,159,3
161,4,0.00099502487562189,306.806487870488,0.0903475755570492,5,0.00334673276929178,300,596,3.97333333333333,37,3.47170568561873,0.0298367423531619,7,0.013288740245262,-0.194840945993799,3.47170568561873,159,3
162,2,0.000915750915750916,24.7465922965923,0.051380829912038,6,0.00185709168377071,300,596,3.97333333333333,37,3.47170568561873,0.0298367423531619,7,0.013288740245262,-0.194840945993799,3.47170568561873,159,3
163,3,0.00104931794333683,188.325389899918,0.164093210000064,5,0.00259684773506381,300,596,3.97333333333333,37,3.47170568561873,0.0298367423531619,7,0.013288740245262,-0.194840945993799,3.47170568561873,159,3
164,2,0.00102669404517454,0,0.131782372673133,5,0.0018356214143696,300,596,3.97333333333333,37,3.47170568561873,0.0298367423531619,7,0.013288740245262,-0.194840945993799,3.47170568561873,159,3
165,2,0.000821018062397373,0,0.0270940294131831,6,0.00188257564720757,300,596,3.97333333333333,37,3.47170568561873,0.0298367423531619,7,0.013288740245262,-0.194840945993799,3.47170568561873,159,3
166,2,0.000796812749003984,20.3388639138639,0.0133618047251358,6,0.00196977534868391,300,596,3.97333333333333,37,3.47170568561873,0.0298367423531619,7,0.013288740245262,-0.194840945993799,3.47170568561873,159,3
167,3,0.000868055555555556,39.7358923387386,0.032159523453415,6,0.00271218941374261,300,596,3.97333333333333,37,3.47170568561873,0.0298367423531619,7,0.013288740245262,-0.194840945993799,3.47170568561873,159,3
168,3,0.000895255147717099,54.5413933288933,0.0656708321863474,6,0.00262778795969671,300,596,3.97333333333333,37,3.47170568561873,0.0298367423531619,7,0.013288740245262,-0.194840945993799,3.47170568561873,159,3
169,3,0.00088339222614841,41.8336195237511,0.0390091570723272,6,0.00278405090897883,300,596,3.97333333333333,37,3.47170568561873,0.0298367423531619,7,0.013288740245262,-0.194840945993799,3.47170568561873,159,3
170,3,0.000849617672047578,109.885715941209,0.0205908517063302,6,0.00266431515833449,300,596,3.97333333333333,37,3.47170568561873,0.0298367423531619,7,0.013288740245262,-0.194840945993799,3.47170568561873,159,3
171,2,0.000868809730668983,21.406727994228,0.0351179882072206,6,0.00191810080679758,300,596,3.97333333333333,37,3.47170568561873,0.0298367423531619,7,0.013288740245262,-0.194840945993799,3.47170568561873,159,3
172,2,0.00103734439834025,23.9657509157509,0.133432677839377,5,0.00184461773766303,300,596,3.97333333333333,37,3.47170568561873,0.0298367423531619,7,0.013288740245262,-0.194840945993799,3.47170568561873,159,3
173,4,0.000928505106778087,322.704351260108,0.0647789630364336,5,0.0034940980516077,300,596,3.97333333333333,37,3.47170568561873,0.0298367423531619,7,0.013288740245262,-0.194840945993799,3.47170568561873,159,3
174,2,0.00106951871657754,64.6971240272249,0.145354534743932,5,0.00177590917576594,300,596,3.97333333333333,37,3.47170568561873,0.0298367423531619,7,0.013288740245262,-0.194840945993799,3.47170568561873,159,3
175,2,0.00076103500761035,40.6940080139024,0.0100246542386487,6,0.00198638630326838,300,596,3.97333333333333,37,3.47170568561873,0.0298367423531619,7,0.013288740245262,-0.194840945993799,3.47170568561873,159,3
176,3,0.00102564102564103,314.966548709348,0.118553286107247,5,0.00276598895414387,300,596,3.97333333333333,37,3.47170568561873,0.0298367423531619,7,0.013288740245262,-0.194840945993799,3.47170568561873,159,3
177,2,0.000727272727272727,3.5625,0.00836531589210639,6,0.00199555554907923,300,596,3.97333333333333,37,3.47170568561873,0.0298367423531619,7,0.013288740245262,-0.194840945993799,3.47170568561873,159,3
178,5,0.000932835820895522,294.09788512668,0.0484422169777787,5,0.00420006707969859,300,596,3.97333333333333,37,3.47170568561873,0.0298367423531619,7,0.013288740245262,-0.194840945993799,3.47170568561873,159,3
179,2,0.000908265213442325,16,0.0418115171764117,5,0.00191291969188191,300,596,3.97333333333333,37,3.47170568561873,0.0298367423531619,7,0.013288740245262,-0.194840945993799,3.47170568561873,159,3
180,2,0.000865800865800866,5.13478090536914,0.0424945397122773,6,0.00189609056992243,300,596,3.97333333333333,37,3.47170568561873,0.0298367423531619,7,0.013288740245262,-0.194840945993799,3.47170568561873,159,3
181,2,0.0010482180293501,108.167016518913,0.128748532437575,5,0.001794842579028,300,596,3.97333333333333,37,3.47170568561873,0.0298367423531619,7,0.013288740245262,-0.194840945993799,3.47170568561873,159,3
182,2,0.000831946755407654,10.3788999889,0.0347573605311107,6,0.00191905512232692,300,596,3.97333333333333,37,3.47170568561873,0.0298367423531619,7,0.013288740245262,-0.194840945993799,3.47170568561873,159,3
183,3,0.00102774922918808,213.054913095161,0.122440445574679,5,0.00267483381536664,300,596,3.97333333333333,37,3.47170568561873,0.0298367423531619,7,0.013288740245262,-0.194840945993799,3.47170568561873,159,3
184,3,0.000867302688638335,96.604449573415,0.0325675781479588,6,0.002876359137022,300,596,3.97333333333333,37,3.47170568561873,0.0298367423531619,7,0.013288740245262,-0.194840945993799,3.47170568561873,159,3
185,2,0.0008424599831508,46.5074085675247,0.020433842711933,6,0.00197637801094506,300,596,3.97333333333333,37,3.47170568561873,0.0298367423531619,7,0.013288740245262,-0.194840945993799,3.47170568561873,159,3
186,2,0.000879507475813544,3.3757992007992,0.0390296221448422,6,0.00195455066405992,300,596,3.97333333333333,37,3.47170568561873,0.0298367423531619,7,0.013288740245262,-0.194840945993799,3.47170568561873,159,3
187,3,0.000904977375565611,98.3128861054026,0.0372735880594668,6,0.00260402644982958,300,596,3.97333333333333,37,3.47170568561873,0.0298367423531619,7,0.013288740245262,-0.194840945993799,3.47170568561873,159,3
188,3,0.00103092783505155,134.627839235927,0.137109864683251,5,0.00260486001301987,300,596,3.97333333333333,37,3.47170568561873,0.0298367423531619,7,0.013288740245262,-0.194840945993799,3.47170568561873,159,3
189,2,0.00101317122593718,0,0.129151967584675,5,0.00181852249739193,300,596,3.97333333333333,37,3.47170568561873,0.0298367423531619,7,0.013288740245262,-0.194840945993799,3.47170568561873,159,3
190,2,0.000884173297966401,71.6998311011314,0.0269684660116665,5,0.00186898756028537,300,596,3.97333333333333,37,3.47170568561873,0.0298367423531619,7,0.013288740245262,-0.194840945993799,3.47170568561873,159,3
191,2,0.000806451612903226,20.4554945054945,0.01343852748092,6,0.00199363070582679,300,596,3.97333333333333,37,3.47170568561873,0.0298367423531619,7,0.013288740245262,-0.194840945993799,3.47170568561873,159,3
192,2,0.001085776330076,0,0.162626618502385,5,0.00175244646528531,300,596,3.97333333333333,37,3.47170568561873,0.0298367423531619,7,0.013288740245262,-0.194840945993799,3.47170568561873,159,3
193,2,0.000854700854700855,4.64090909090909,0.0311697810999627,6,0.00199479613075946,300,596,3.97333333333333,37,3.47170568561873,0.0298367423531619,7,0.013288740245262,-0.194840945993799,3.47170568561873,159,3
194,2,0.000866551126516464,5.36666666666667,0.0251776466746008,6,0.00196185598004219,300,596,3.97333333333333,37,3.47170568561873,0.0298367423531619,7,0.013288740245262,-0.194840945993799,3.47170568561873,159,3
195,2,0.000921658986175115,11.7952380952381,0.0522185696907607,5,0.00183893490514216,300,596,3.97333333333333,37,3.47170568561873,0.0298367423531619,7,0.013288740245262,-0.194840945993799,3.47170568561873,159,3
196,2,0.00101729399796541,24.698124787283,0.128243794109625,5,0.00184372374922957,300,596,3.97333333333333,37,3.47170568561873,0.0298367423531619,7,0.013288740245262,-0.194840945993799,3.47170568561873,159,3
197,2,0.0010351966873706,19.9931027306027,0.130775058408782,5,0.00179254386697039,300,596,3.97333333333333,37,3.47170568561873,0.0298367423531619,7,0.013288740245262,-0.194840945993799,3.47170568561873,159,3
198,2,0.000894454382826476,24.9805799592564,0.0403939536417063,6,0.00190459968464315,300,596,3.97333333333333,37,3.47170568561873,0.0298367423531619,7,0.013288740245262,-0.194840945993799,3.47170568561873,159,3
199,2,0.000768639508070715,22.0904020230538,0.0093232735295348,6,0.00203802534482756,300,596,3.97333333333333,37,3.47170568561873,0.0298367423531619,7,0.013288740245262,-0.194840945993799,3.47170568561873,159,3
200,2,0.001,49.6309830341602,0.111042613925444,6,0.00180309319269953,300,596,3.97333333333333,37,3.47170568561873,0.0298367423531619,7,0.013288740245262,-0.194840945993799,3.47170568561873,159,3
201,2,0.000871839581517001,23.2841131091131,0.0352218149648526,6,0.00196465839791979,300,596,3.97333333333333,37,3.47170568561873,0.0298367423531619,7,0.013288740245262,-0.194840945993799,3.47170568561873,159,3
202,3,0.00103734439834025,101.10699941871,0.136528961141421,5,0.0026023370899409,300,596,3.97333333333333,37,3.47170568561873,0.0298367423531619,7,0.013288740245262,-0.194840945993799,3.47170568561873,159,3
203,6,0.001,248.186521697029,0.110736542583544,5,0.00492082951574774,300,596,3.97333333333333,37,3.47170568561873,0.0298367423531619,7,0.013288740245262,-0.194840945993799,3.47170568561873,159,3
204,2,0.00100401606425703,103.878029113899,0.103585830010683,5,0.00183915355062303,300,596,3.97333333333333,37,3.47170568561873,0.0298367423531619,7,0.013288740245262,-0.194840945993799,3.47170568561873,159,3
205,3,0.00106609808102345,94.9767425230429,0.145773495019264,5,0.00255671776351273,300,596,3.97333333333333,37,3.47170568561873,0.0298367423531619,7,0.013288740245262,-0.194840945993799,3.47170568561873,159,3
206,2,0.0010351966873706,19.9931027306027,0.130775058408782,5,0.00179254386697039,300,596,3.97333333333333,37,3.47170568561873,0.0298367423531619,7,0.013288740245262,-0.194840945993799,3.47170568561873,159,3
207,3,0.000857632933104631,147.324005234245,0.0319002702368069,6,0.0027847617222197,300,596,3.97333333333333,37,3.47170568561873,0.0298367423531619,7,0.013288740245262,-0.194840945993799,3.47170568561873,159,3
208,3,0.00102774922918808,118.137681436211,0.136233941152475,5,0.00264059813857559,300,596,3.97333333333333,37,3.47170568561873,0.0298367423531619,7,0.013288740245262,-0.194840945993799,3.47170568561873,159,3
209,2,0.000858369098712446,5.85,0.0304155337659626,6,0.00195778421476973,300,596,3.97333333333333,37,3.47170568561873,0.0298367423531619,7,0.013288740245262,-0.194840945993799,3.47170568561873,159,3
210,3,0.00101936799184506,90.7905529111411,0.131484214362017,5,0.00261916846738693,300,596,3.97333333333333,37,3.47170568561873,0.0298367423531619,7,0.013288740245262,-0.194840945993799,3.47170568561873,159,3
211,2,0.00101419878296146,0,0.12991869833764,5,0.00183224513167794,300,596,3.97333333333333,37,3.47170568561873,0.0298367423531619,7,0.013288740245262,-0.194840945993799,3.47170568561873,159,3
212,3,0.00088339222614841,211.966816280841,0.0359963258974633,6,0.00272600631011753,300,596,3.97333333333333,37,3.47170568561873,0.0298367423531619,7,0.013288740245262,-0.194840945993799,3.47170568561873,159,3
213,3,0.000861326442721792,64.0336079082596,0.0281471254751508,5,0.00271525445007409,300,596,3.97333333333333,37,3.47170568561873,0.0298367423531619,7,0.013288740245262,-0.194840945993799,3.47170568561873,159,3
214,2,0.00101214574898785,23.6904761904762,0.128300838667743,5,0.00180413153424332,300,596,3.97333333333333,37,3.47170568561873,0.0298367423531619,7,0.013288740245262,-0.194840945993799,3.47170568561873,159,3
215,2,0.000812347684809098,0,0.0162916919983988,6,0.00190117177346061,300,596,3.97333333333333,37,3.47170568561873,0.0298367423531619,7,0.013288740245262,-0.194840945993799,3.47170568561873,159,3
216,3,0.00088261253309797,128.132861887854,0.0413049473647844,6,0.00277933179687265,300,596,3.97333333333333,37,3.47170568561873,0.0298367423531619,7,0.013288740245262,-0.194840945993799,3.47170568561873,159,3
217,2,0.000951474785918173,30.8707431457432,0.0584340417114354,5,0.00186546764511921,300,596,3.97333333333333,37,3.47170568561873,0.0298367423531619,7,0.013288740245262,-0.194840945993799,3.47170568561873,159,3
218,2,0.00102040816326531,46.7914044289044,0.122350069134629,5,0.00181745648905167,300,596,3.97333333333333,37,3.47170568561873,0.0298367423531619,7,0.013288740245262,-0.194840945993799,3.47170568561873,159,3
219,3,0.00105820105820106,182.271717970273,0.147872817047975,5,0.00259585612810132,300,596,3.97333333333333,37,3.47170568561873,0.0298367423531619,7,0.013288740245262,-0.194840945993799,3.47170568561873,159,3
220,2,0.000821018062397373,34.5169009043932,0.0153004025400112,6,0.00195062182989315,300,596,3.97333333333333,37,3.47170568561873,0.0298367423531619,7,0.013288740245262,-0.194840945993799,3.47170568561873,159,3
221,3,0.000887311446317658,34.7086149312535,0.0349299757660129,5,0.00273883147075456,300,596,3.97333333333333,37,3.47170568561873,0.0298367423531619,7,0.013288740245262,-0.194840945993799,3.47170568561873,159,3
222,2,0.00078125,7.88968253968254,0.016400383434591,7,0.00197557022132704,300,596,3.97333333333333,37,3.47170568561873,0.0298367423531619,7,0.013288740245262,-0.194840945993799,3.47170568561873,159,3
223,2,0.000881057268722467,17.0841953797836,0.0288984286959599,5,0.00185570415441223,300,596,3.97333333333333,37,3.47170568561873,0.0298367423531619,7,0.013288740245262,-0.194840945993799,3.47170568561873,159,3
224,2,0.000733137829912023,14.8976222307105,0.00779327386974014,7,0.00206138427582998,300,596,3.97333333333333,37,3.47170568561873,0.0298367423531619,7,0.013288740245262,-0.194840945993799,3.47170568561873,159,3
225,2,0.000827129859387924,18.6407350819116,0.0229311832387088,6,0.0019470409320728,300,596,3.97333333333333,37,3.47170568561873,0.0298367423531619,7,0.013288740245262,-0.194840945993799,3.47170568561873,159,3
226,3,0.00109289617486339,175.324423812342,0.165705418890399,5,0.00249465673665203,300,596,3.97333333333333,37,3.47170568561873,0.0298367423531619,7,0.013288740245262,-0.194840945993799,3.47170568561873,159,3
227,3,0.000897666068222621,182.228592838789,0.0420774406657914,5,0.00273683608406252,300,596,3.97333333333333,37,3.47170568561873,0.0298367423531619,7,0.013288740245262,-0.194840945993799,3.47170568561873,159,3
228,2,0.00103305785123967,63.1054318001826,0.136748043023566,6,0.00176756447505125,300,596,3.97333333333333,37,3.47170568561873,0.0298367423531619,7,0.013288740245262,-0.194840945993799,3.47170568561873,159,3
229,2,0.000819672131147541,11.4032106782107,0.0226325111530646,6,0.00191861894903766,300,596,3.97333333333333,37,3.47170568561873,0.0298367423531619,7,0.013288740245262,-0.194840945993799,3.47170568561873,159,3
230,2,0.0009000900090009,19.2621181249232,0.0354113234089432,5,0.00184204367491105,300,596,3.97333333333333,37,3.47170568561873,0.0298367423531619,7,0.013288740245262,-0.194840945993799,3.47170568561873,159,3
231,2,0.000954198473282443,19.1553875188466,0.0904962238469137,5,0.00181941872562859,300,596,3.97333333333333,37,3.47170568561873,0.0298367423531619,7,0.013288740245262,-0.194840945993799,3.47170568561873,159,3
232,2,0.000886524822695035,7.80955988455988,0.0501291776169625,5,0.00190539581875413,300,596,3.97333333333333,37,3.47170568561873,0.0298367423531619,7,0.013288740245262,-0.194840945993799,3.47170568561873,159,3
233,2,0.000920810313075506,0,0.0605556155276061,6,0.00182918347777332,300,596,3.97333333333333,37,3.47170568561873,0.0298367423531619,7,0.013288740245262,-0.194840945993799,3.47170568561873,159,3
234,3,0.00101936799184506,163.799666169425,0.107827816067435,5,0.00258791799927671,300,596,3.97333333333333,37,3.47170568561873,0.0298367423531619,7,0.013288740245262,-0.194840945993799,3.47170568561873,159,3
235,2,0.000964320154291225,96.9959160227251,0.0736841851974351,5,0.0018512047300381,300,596,3.97333333333333,37,3.47170568561873,0.0298367423531619,7,0.013288740245262,-0.194840945993799,3.47170568561873,159,3
236,3,0.000868055555555556,31.3772949272949,0.0347061073820692,6,0.00281361512126009,300,596,3.97333333333333,37,3.47170568561873,0.0298367423531619,7,0.013288740245262,-0.194840945993799,3.47170568561873,159,3
237,2,0.00101626016260163,102.025653594771,0.112650695292253,5,0.00190312006362022,300,596,3.97333333333333,37,3.47170568561873,0.0298367423531619,7,0.013288740245262,-0.194840945993799,3.47170568561873,159,3
238,2,0.00107642626480086,36.3433073887671,0.166835049083822,5,0.00175003331302952,300,596,3.97333333333333,37,3.47170568561873,0.0298367423531619,7,0.013288740245262,-0.194840945993799,3.47170568561873,159,3
239,2,0.000933706816059757,42.5863126311104,0.0685221765993384,6,0.0018381302438893,300,596,3.97333333333333,37,3.47170568561873,0.0298367423531619,7,0.013288740245262,-0.194840945993799,3.47170568561873,159,3
240,2,0.001001001001001,55.8928932178932,0.106223898705669,6,0.00186989271482669,300,596,3.97333333333333,37,3.47170568561873,0.0298367423531619,7,0.013288740245262,-0.194840945993799,3.47170568561873,159,3
241,3,0.000909918107370337,166.628019203019,0.0409224972630814,5,0.00273547923350663,300,596,3.97333333333333,37,3.47170568561873,0.0298367423531619,7,0.013288740245262,-0.194840945993799,3.47170568561873,159,3
242,2,0.00103950103950104,97.8754282503101,0.100942350796217,5,0.00176467568209787,300,596,3.97333333333333,37,3.47170568561873,0.0298367423531619,7,0.013288740245262,-0.194840945993799,3.47170568561873,159,3
243,2,0.00103412616339193,35.5008851227892,0.12637166346246,5,0.00184474234064925,300,596,3.97333333333333,37,3.47170568561873,0.0298367423531619,7,0.013288740245262,-0.194840945993799,3.47170568561873,159,3
244,2,0.00101112234580384,0,0.123733336654345,5,0.00186921554599934,300,596,3.97333333333333,37,3.47170568561873,0.0298367423531619,7,0.013288740245262,-0.194840945993799,3.47170568561873,159,3
245,2,0.000896860986547085,45.5615301365301,0.054663269786034,6,0.00190749955649083,300,596,3.97333333333333,37,3.47170568561873,0.0298367423531619,7,0.013288740245262,-0.194840945993799,3.47170568561873,159,3
246,2,0.000858369098712446,0,0.0385452291581365,6,0.00190114346686004,300,596,3.97333333333333,37,3.47170568561873,0.0298367423531619,7,0.013288740245262,-0.194840945993799,3.47170568561873,159,3
247,2,0.0010482180293501,81.9878357753358,0.13069461086758,5,0.00180206179890455,300,596,3.97333333333333,37,3.47170568561873,0.0298367423531619,7,0.013288740245262,-0.194840945993799,3.47170568561873,159,3
248,2,0.00103092783505155,0,0.131859428854787,5,0.0017860119321003,300,596,3.97333333333333,37,3.47170568561873,0.0298367423531619,7,0.013288740245262,-0.194840945993799,3.47170568561873,159,3
249,2,0.000897666068222621,17.69329004329,0.053661283515217,6,0.00186944251181779,300,596,3.97333333333333,37,3.47170568561873,0.0298367423531619,7,0.013288740245262,-0.194840945993799,3.47170568561873,159,3
250,2,0.000927643784786642,17.4920745920746,0.0666090886656512,5,0.00188721536186023,300,596,3.97333333333333,37,3.47170568561873,0.0298367423531619,7,0.013288740245262,-0.194840945993799,3.47170568561873,159,3
251,2,0.000854700854700855,6.05952380952381,0.0403019081491805,6,0.00188650190457877,300,596,3.97333333333333,37,3.47170568561873,0.0298367423531619,7,0.013288740245262,-0.194840945993799,3.47170568561873,159,3
252,2,0.00087719298245614,33.9251450733649,0.0327723008893863,6,0.00190522868352875,300,596,3.97333333333333,37,3.47170568561873,0.0298367423531619,7,0.013288740245262,-0.194840945993799,3.47170568561873,159,3
253,2,0.00112612612612613,36.8804502778959,0.224421072109407,5,0.00174071947656367,300,596,3.97333333333333,37,3.47170568561873,0.0298367423531619,7,0.013288740245262,-0.194840945993799,3.47170568561873,159,3
254,2,0.00111856823266219,0,0.21280706978108,5,0.00174552264931726,300,596,3.97333333333333,37,3.47170568561873,0.0298367423531619,7,0.013288740245262,-0.194840945993799,3.47170568561873,159,3
255,2,0.000979431929480901,56.2761556556376,0.0865675917448707,5,0.00177448829101931,300,596,3.97333333333333,37,3.47170568561873,0.0298367423531619,7,0.013288740245262,-0.194840945993799,3.47170568561873,159,3
256,2,0.000820344544708778,35.9998436748437,0.0179305860461525,6,0.00195976455713969,300,596,3.97333333333333,37,3.47170568561873,0.0298367423531619,7,0.013288740245262,-0.194840945993799,3.47170568561873,159,3
257,2,0.00103305785123967,0,0.152319128924908,5,0.00177221040854566,300,596,3.97333333333333,37,3.47170568561873,0.0298367423531619,7,0.013288740245262,-0.194840945993799,3.47170568561873,159,3
258,3,0.000827129859387924,51.3753718503719,0.0261843060719575,6,0.0026798999432989,300,596,3.97333333333333,37,3.47170568561873,0.0298367423531619,7,0.013288740245262,-0.194840945993799,3.47170568561873,159,3
259,2,0.00086281276962899,46.6007936507936,0.0335728010513281,6,0.00193268333805015,300,596,3.97333333333333,37,3.47170568561873,0.0298367423531619,7,0.013288740245262,-0.194840945993799,3.47170568561873,159,3
260,4,0.00099403578528827,226.491647504804,0.093595428298025,5,0.0033624116270139,300,596,3.97333333333333,37,3.47170568561873,0.0298367423531619,7,0.013288740245262,-0.194840945993799,3.47170568561873,159,3
261,2,0.000914076782449726,7.74640844925347,0.0532752957006043,5,0.00188987357665823,300,596,3.97333333333333,37,3.47170568561873,0.0298367423531619,7,0.013288740245262,-0.194840945993799,3.47170568561873,159,3
262,2,0.000918273645546373,17.8455738705739,0.0462105093005034,5,0.00189411321815425,300,596,3.97333333333333,37,3.47170568561873,0.0298367423531619,7,0.013288740245262,-0.194840945993799,3.47170568561873,159,3
263,2,0.00105263157894737,56.0296544782098,0.143473431183115,5,0.00178120875934671,300,596,3.97333333333333,37,3.47170568561873,0.0298367423531619,7,0.013288740245262,-0.194840945993799,3.47170568561873,159,3
264,2,0.000836820083682008,30.5147907647908,0.0181681304118107,6,0.00191992381246592,300,596,3.97333333333333,37,3.47170568561873,0.0298367423531619,7,0.013288740245262,-0.194840945993799,3.47170568561873,159,3
265,2,0.00106951871657754,43.8840977108547,0.165753461715998,5,0.00175942639150689,300,596,3.97333333333333,37,3.47170568561873,0.0298367423531619,7,0.013288740245262,-0.194840945993799,3.47170568561873,159,3
266,2,0.00102669404517454,38.5209111541055,0.126917328459033,5,0.0018317487678614,300,596,3.97333333333333,37,3.47170568561873,0.0298367423531619,7,0.013288740245262,-0.194840945993799,3.47170568561873,159,3
267,3,0.000965250965250965,238.410278610279,0.0734944451066675,5,0.00272631118427944,300,596,3.97333333333333,37,3.47170568561873,0.0298367423531619,7,0.013288740245262,-0.194840945993799,3.47170568561873,159,3
268,2,0.000942507068803016,24.6890862437279,0.0497023257348365,5,0.0018658314234953,300,596,3.97333333333333,37,3.47170568561873,0.0298367423531619,7,0.013288740245262,-0.194840945993799,3.47170568561873,159,3
269,3,0.000928505106778087,203.115256794177,0.0440100708591901,5,0.00272442368394806,300,596,3.97333333333333,37,3.47170568561873,0.0298367423531619,7,0.013288740245262,-0.194840945993799,3.47170568561873,159,3
270,4,0.000956022944550669,254.805641403087,0.0716208513007863,6,0.00349294964371826,300,596,3.97333333333333,37,3.47170568561873,0.0298367423531619,7,0.013288740245262,-0.194840945993799,3.47170568561873,159,3
271,2,0.0010989010989011,0,0.207665120665435,5,0.00174548112139512,300,596,3.97333333333333,37,3.47170568561873,0.0298367423531619,7,0.013288740245262,-0.194840945993799,3.47170568561873,159,3
272,2,0.000846740050804403,9.86944444444444,0.0257624792174953,6,0.00195059339115563,300,596,3.97333333333333,37,3.47170568561873,0.0298367423531619,7,0.013288740245262,-0.194840945993799,3.47170568561873,159,3
273,2,0.000973709834469328,52.1776293134613,0.068292046901025,5,0.00182893676163031,300,596,3.97333333333333,37,3.47170568561873,0.0298367423531619,7,0.013288740245262,-0.194840945993799,3.47170568561873,159,3
274,2,0.000793650793650794,13.1343614718615,0.017345881084283,6,0.00209866529249815,300,596,3.97333333333333,37,3.47170568561873,0.0298367423531619,7,0.013288740245262,-0.194840945993799,3.47170568561873,159,3
275,2,0.000753012048192771,10.4096792096792,0.00988125461771064,6,0.00204735693427072,300,596,3.97333333333333,37,3.47170568561873,0.0298367423531619,7,0.013288740245262,-0.194840945993799,3.47170568561873,159,3
276,2,0.000810372771474878,19.935349780938,0.014631981903326,6,0.00198144713974068,300,596,3.97333333333333,37,3.47170568561873,0.0298367423531619,7,0.013288740245262,-0.194840945993799,3.47170568561873,159,3
277,2,0.000894454382826476,9.46971500721501,0.0372799989013656,5,0.00192714706948521,300,596,3.97333333333333,37,3.47170568561873,0.0298367423531619,7,0.013288740245262,-0.194840945993799,3.47170568561873,159,3
278,2,0.00106951871657754,64.6971240272249,0.145354534743932,5,0.00177590917576594,300,596,3.97333333333333,37,3.47170568561873,0.0298367423531619,7,0.013288740245262,-0.194840945993799,3.47170568561873,159,3
279,2,0.000823723228995058,12.1666666666667,0.0239306888595313,6,0.00200860474723683,300,596,3.97333333333333,37,3.47170568561873,0.0298367423531619,7,0.013288740245262,-0.194840945993799,3.47170568561873,159,3
280,2,0.00102880658436214,41.7903640648997,0.127711980671015,5,0.00181584497701518,300,596,3.97333333333333,37,3.47170568561873,0.0298367423531619,7,0.013288740245262,-0.194840945993799,3.47170568561873,159,3
281,2,0.000884173297966401,7.89054834054834,0.0336363108319779,5,0.00192318262943808,300,596,3.97333333333333,37,3.47170568561873,0.0298367423531619,7,0.013288740245262,-0.194840945993799,3.47170568561873,159,3
282,2,0.000931966449207828,46.7324344875557,0.0514329914927596,5,0.0018395398427078,300,596,3.97333333333333,37,3.47170568561873,0.0298367423531619,7,0.013288740245262,-0.194840945993799,3.47170568561873,159,3
283,2,0.000816993464052288,17.0746031746032,0.0166123420193948,6,0.00195504033997224,300,596,3.97333333333333,37,3.47170568561873,0.0298367423531619,7,0.013288740245262,-0.194840945993799,3.47170568561873,159,3
284,2,0.00076103500761035,10.9429335744551,0.0116773832978092,6,0.0020707940368609,300,596,3.97333333333333,37,3.47170568561873,0.0298367423531619,7,0.013288740245262,-0.194840945993799,3.47170568561873,159,3
285,2,0.000999000999000999,0,0.131739773257034,6,0.00178317086268035,300,596,3.97333333333333,37,3.47170568561873,0.0298367423531619,7,0.013288740245262,-0.194840945993799,3.47170568561873,159,3
286,2,0.000868055555555556,32.8317571317571,0.0399636478112308,6,0.00189013022831745,300,596,3.97333333333333,37,3.47170568561873,0.0298367423531619,7,0.013288740245262,-0.194840945993799,3.47170568561873,159,3
287,2,0.000741839762611276,16.6510442773601,0.00794839370081734,6,0.00194980446705807,300,596,3.97333333333333,37,3.47170568561873,0.0298367423531619,7,0.013288740245262,-0.194840945993799,3.47170568561873,159,3
288,2,0.000797448165869219,20.1435897435897,0.0122280509868071,6,0.00195253051198219,300,596,3.97333333333333,37,3.47170568561873,0.0298367423531619,7,0.013288740245262,-0.194840945993799,3.47170568561873,159,3
289,2,0.000824402308326463,12.8214285714286,0.0226328783822543,6,0.00199083011248115,300,596,3.97333333333333,37,3.47170568561873,0.0298367423531619,7,0.013288740245262,-0.194840945993799,3.47170568561873,159,3
290,2,0.000906618313689937,67.3081691244772,0.0467806693017836,6,0.00185873473360148,300,596,3.97333333333333,37,3.47170568561873,0.0298367423531619,7,0.013288740245262,-0.194840945993799,3.47170568561873,159,3
291,2,0.000855431993156544,46.1575507825508,0.0374126098715182,6,0.00191504899508689,300,596,3.97333333333333,37,3.47170568561873,0.0298367423531619,7,0.013288740245262,-0.194840945993799,3.47170568561873,159,3
292,2,0.000813008130081301,21.9356495259958,0.0192664884796407,6,0.00191005255833786,300,596,3.97333333333333,37,3.47170568561873,0.0298367423531619,7,0.013288740245262,-0.194840945993799,3.47170568561873,159,3
293,2,0.000946969696969697,57.376716747305,0.0681723913032716,5,0.00182609569221035,300,596,3.97333333333333,37,3.47170568561873,0.0298367423531619,7,0.013288740245262,-0.194840945993799,3.47170568561873,159,3
294,2,0.000856164383561644,16.590176326941,0.0311527365968882,6,0.00185631418407784,300,596,3.97333333333333,37,3.47170568561873,0.0298367423531619,7,0.013288740245262,-0.194840945993799,3.47170568561873,159,3
295,2,0.000764525993883792,9.66507936507936,0.00970294550020856,6,0.0020452067398646,300,596,3.97333333333333,37,3.47170568561873,0.0298367423531619,7,0.013288740245262,-0.194840945993799,3.47170568561873,159,3
296,2,0.00102669404517454,37.7887445887446,0.123422045772058,5,0.00181801454900691,300,596,3.97333333333333,37,3.47170568561873,0.0298367423531619,7,0.013288740245262,-0.194840945993799,3.47170568561873,159,3
297,2,0.000855431993156544,13.2077903091061,0.02829325014234,6,0.00191359682536684,300,596,3.97333333333333,37,3.47170568561873,0.0298367423531619,7,0.013288740245262,-0.194840945993799,3.47170568561873,159,3
298,2,0.000800640512409928,14.9811928811929,0.015671242020595,6,0.0019413225428628,300,596,3.97333333333333,37,3.47170568561873,0.0298367423531619,7,0.013288740245262,-0.194840945993799,3.47170568561873,159,3
299,2,0.000836820083682008,26.0259411340294,0.0301114164061805,6,0.00189125639095718,300,596,3.97333333333333,37,3.47170568561873,0.0298367423531619,7,0.013288740245262,-0.194840945993799,3.47170568561873,159,3
300,2,0.000900900900900901,4.91233766233766,0.0383283495868217,5,0.00191681733824926,300,596,3.97333333333333,37,3.47170568561873,0.0298367423531619,7,0.013288740245262,-0.194840945993799,3.47170568561873,159,3
