node,degree,closeness,betweenness,eigenvalue,eccentricity,pagerank,graph_size,graph_edges,graph_avg_degree,graph_max_degree,graph_apl,graph_clust_coef,graph_diameter,graph_density,graph_assortativity,avg_distance,graph_triads,graph_girth
1,2,0.00917431192660551,0,0.272815639673672,4,0.0123225565460428,45,86,3.82222222222222,15,2.61515151515152,0.118681318681319,5,0.0868686868686869,-0.323023986236421,2.61515151515152,54,3
2,14,0.0123456790123457,300.119172494173,0.85240039146887,3,0.0737095376115695,45,86,3.82222222222222,15,2.61515151515152,0.118681318681319,5,0.0868686868686869,-0.323023986236421,2.61515151515152,54,3
3,15,0.0125,281.621353646354,1,3,0.0781383665005871,45,86,3.82222222222222,15,2.61515151515152,0.118681318681319,5,0.0868686868686869,-0.323023986236421,2.61515151515152,54,3
4,5,0.0104166666666667,46.5876484626485,0.483154253386364,3,0.0278509535801431,45,86,3.82222222222222,15,2.61515151515152,0.118681318681319,5,0.0868686868686869,-0.323023986236421,2.61515151515152,54,3
5,10,0.0112359550561798,165.388417138417,0.561276050600603,3,0.0536633228746217,45,86,3.82222222222222,15,2.61515151515152,0.118681318681319,5,0.0868686868686869,-0.323023986236421,2.61515151515152,54,3
6,10,0.0101010101010101,140.43233988234,0.541562170899487,4,0.0549933545357088,45,86,3.82222222222222,15,2.61515151515152,0.118681318681319,5,0.0868686868686869,-0.323023986236421,2.61515151515152,54,3
7,3,0.00952380952380952,18.8111111111111,0.347758132730468,4,0.0178594132892709,45,86,3.82222222222222,15,2.61515151515152,0.118681318681319,5,0.0868686868686869,-0.323023986236421,2.61515151515152,54,3
8,6,0.01,73.6460317460317,0.44060903195345,4,0.0341444358904564,45,86,3.82222222222222,15,2.61515151515152,0.118681318681319,5,0.0868686868686869,-0.323023986236421,2.61515151515152,54,3
9,3,0.00961538461538462,15.0920634920635,0.360957009552348,4,0.0173298698554295,45,86,3.82222222222222,15,2.61515151515152,0.118681318681319,5,0.0868686868686869,-0.323023986236421,2.61515151515152,54,3
10,2,0.00709219858156028,0.916666666666667,0.137758401051642,5,0.0132306288497747,45,86,3.82222222222222,15,2.61515151515152,0.118681318681319,5,0.0868686868686869,-0.323023986236421,2.61515151515152,54,3
11,3,0.00943396226415094,11.281746031746,0.325546028239981,4,0.017059814467191,45,86,3.82222222222222,15,2.61515151515152,0.118681318681319,5,0.0868686868686869,-0.323023986236421,2.61515151515152,54,3
12,7,0.00961538461538462,67.934077034077,0.321480643900993,4,0.0380816901290477,45,86,3.82222222222222,15,2.61515151515152,0.118681318681319,5,0.0868686868686869,-0.323023986236421,2.61515151515152,54,3
13,5,0.0101010101010101,48.9328144078144,0.317517715402532,4,0.0271644448219483,45,86,3.82222222222222,15,2.61515151515152,0.118681318681319,5,0.0868686868686869,-0.323023986236421,2.61515151515152,54,3
14,3,0.00917431192660551,24.2039682539683,0.244274950294439,4,0.0181399096189551,45,86,3.82222222222222,15,2.61515151515152,0.118681318681319,5,0.0868686868686869,-0.323023986236421,2.61515151515152,54,3
15,4,0.00862068965517241,19.11278998779,0.172962387061383,4,0.0227866012193399,45,86,3.82222222222222,15,2.61515151515152,0.118681318681319,5,0.0868686868686869,-0.323023986236421,2.61515151515152,54,3
16,2,0.00826446280991736,0,0.259164723763406,4,0.0124958362103243,45,86,3.82222222222222,15,2.61515151515152,0.118681318681319,5,0.0868686868686869,-0.323023986236421,2.61515151515152,54,3
17,3,0.00833333333333333,14.9484126984127,0.194459255452002,4,0.0184226892730218,45,86,3.82222222222222,15,2.61515151515152,0.118681318681319,5,0.0868686868686869,-0.323023986236421,2.61515151515152,54,3
18,2,0.00735294117647059,0,0.110971125828986,4,0.0133902237118375,45,86,3.82222222222222,15,2.61515151515152,0.118681318681319,5,0.0868686868686869,-0.323023986236421,2.61515151515152,54,3
19,4,0.00793650793650794,13.2019841269841,0.213293257856328,4,0.0239692885991191,45,86,3.82222222222222,15,2.61515151515152,0.118681318681319,5,0.0868686868686869,-0.323023986236421,2.61515151515152,54,3
20,2,0.00884955752212389,4.54007936507937,0.230914057154426,4,0.0123853793316557,45,86,3.82222222222222,15,2.61515151515152,0.118681318681319,5,0.0868686868686869,-0.323023986236421,2.61515151515152,54,3
21,6,0.00970873786407767,87.7374375624376,0.341387528243903,4,0.0341794461283526,45,86,3.82222222222222,15,2.61515151515152,0.118681318681319,5,0.0868686868686869,-0.323023986236421,2.61515151515152,54,3
22,2,0.00719424460431655,0,0.131902597607861,5,0.0131012422961814,45,86,3.82222222222222,15,2.61515151515152,0.118681318681319,5,0.0868686868686869,-0.323023986236421,2.61515151515152,54,3
23,2,0.00862068965517241,9.30634920634921,0.186218122365343,4,0.0129020290870629,45,86,3.82222222222222,15,2.61515151515152,0.118681318681319,5,0.0868686868686869,-0.323023986236421,2.61515151515152,54,3
24,8,0.0087719298245614,69.2674353424353,0.225979815971862,4,0.0447048519005062,45,86,3.82222222222222,15,2.61515151515152,0.118681318681319,5,0.0868686868686869,-0.323023986236421,2.61515151515152,54,3
25,2,0.00840336134453781,5.93174603174603,0.137564214056314,4,0.012644606292105,45,86,3.82222222222222,15,2.61515151515152,0.118681318681319,5,0.0868686868686869,-0.323023986236421,2.61515151515152,54,3
26,4,0.00934579439252336,54.1107142857143,0.215983081371263,4,0.0239143615879098,45,86,3.82222222222222,15,2.61515151515152,0.118681318681319,5,0.0868686868686869,-0.323023986236421,2.61515151515152,54,3
27,2,0.00833333333333333,0,0.225939027771127,4,0.0126456836775647,45,86,3.82222222222222,15,2.61515151515152,0.118681318681319,5,0.0868686868686869,-0.323023986236421,2.61515151515152,54,3
28,3,0.00869565217391304,12.1054195804196,0.225923257892187,4,0.0183327684853562,45,86,3.82222222222222,15,2.61515151515152,0.118681318681319,5,0.0868686868686869,-0.323023986236421,2.61515151515152,54,3
29,3,0.00934579439252336,9.78333333333333,0.308254709606014,4,0.0177825021674314,45,86,3.82222222222222,15,2.61515151515152,0.118681318681319,5,0.0868686868686869,-0.323023986236421,2.61515151515152,54,3
30,2,0.00909090909090909,7.68209290709291,0.243579466928592,4,0.0124829903952853,45,86,3.82222222222222,15,2.61515151515152,0.118681318681319,5,0.0868686868686869,-0.323023986236421,2.61515151515152,54,3
31,3,0.00917431192660551,11.9440476190476,0.286299710392762,4,0.0178134761125329,45,86,3.82222222222222,15,2.61515151515152,0.118681318681319,5,0.0868686868686869,-0.323023986236421,2.61515151515152,54,3
32,3,0.0078740157480315,16.9659812409812,0.115732248136152,5,0.0183163209970483,45,86,3.82222222222222,15,2.61515151515152,0.118681318681319,5,0.0868686868686869,-0.323023986236421,2.61515151515152,54,3
33,2,0.0078125,10.490873015873,0.114854895336516,5,0.0131973927513656,45,86,3.82222222222222,15,2.61515151515152,0.118681318681319,5,0.0868686868686869,-0.323023986236421,2.61515151515152,54,3
34,3,0.00862068965517241,20.556746031746,0.157113957898535,4,0.0182739983192083,45,86,3.82222222222222,15,2.61515151515152,0.118681318681319,5,0.0868686868686869,-0.323023986236421,2.61515151515152,54,3
35,2,0.00746268656716418,1.5,0.0804249762721461,4,0.0135547762294681,45,86,3.82222222222222,15,2.61515151515152,0.118681318681319,5,0.0868686868686869,-0.323023986236421,2.61515151515152,54,3
36,2,0.00847457627118644,3,0.202811580769746,4,0.0128469308738556,45,86,3.82222222222222,15,2.61515151515152,0.118681318681319,5,0.0868686868686869,-0.323023986236421,2.61515151515152,54,3
37,2,0.0087719298245614,0,0.26937085827256,4,0.0124356092372352,45,86,3.82222222222222,15,2.61515151515152,0.118681318681319,5,0.0868686868686869,-0.323023986236421,2.61515151515152,54,3
38,2,0.0078740157480315,8.57301587301587,0.124855226125869,5,0.0128499212279783,45,86,3.82222222222222,15,2.61515151515152,0.118681318681319,5,0.0868686868686869,-0.323023986236421,2.61515151515152,54,3
39,2,0.00862068965517241,7.78211788211788,0.192708723572221,4,0.0125691509132114,45,86,3.82222222222222,15,2.61515151515152,0.118681318681319,5,0.0868686868686869,-0.323023986236421,2.61515151515152,54,3
40,2,0.0072992700729927,0,0.0772281048596823,5,0.0131650256851929,45,86,3.82222222222222,15,2.61515151515152,0.118681318681319,5,0.0868686868686869,-0.323023986236421,2.61515151515152,54,3
41,2,0.0078740157480315,5.30394327894328,0.0991411383545091,5,0.0129253120492787,45,86,3.82222222222222,15,2.61515151515152,0.118681318681319,5,0.0868686868686869,-0.323023986236421,2.61515151515152,54,3
42,2,0.00689655172413793,0,0.0991312554586052,5,0.0133697059390342,45,86,3.82222222222222,15,2.61515151515152,0.118681318681319,5,0.0868686868686869,-0.323023986236421,2.61515151515152,54,3
43,2,0.00826446280991736,2.22619047619048,0.224766579982998,4,0.0128083256669176,45,86,3.82222222222222,15,2.61515151515152,0.118681318681319,5,0.0868686868686869,-0.323023986236421,2.61515151515152,54,3
44,2,0.0078125,4.40632423132423,0.115828846752283,4,0.0127996267648057,45,86,3.82222222222222,15,2.61515151515152,0.118681318681319,5,0.0868686868686869,-0.323023986236421,2.61515151515152,54,3
45,2,0.0078740157480315,3.55555555555556,0.111879754741137,4,0.0132456282990667,45,86,3.82222222222222,15,2.61515151515152,0.118681318681319,5,0.0868686868686869,-0.323023986236421,2.61515151515152,54,3
