node,degree,closeness,betweenness,eigenvalue,eccentricity,pagerank,graph_size,graph_edges,graph_avg_degree,graph_max_degree,graph_apl,graph_clust_coef,graph_diameter,graph_density,graph_assortativity,avg_distance,graph_triads,graph_girth
1,5,0.00680272108843537,36.6120490620491,0.568585448440018,4,0.0249280285981828,45,94,4.17777777777778,9,2.66490486257928,0.0997442455242967,6,0.094949494949495,-0.269436117059245,2.66490486257928,39,3
2,5,0.00657894736842105,40.0846764346764,0.490996354156113,4,0.0252463712250649,45,94,4.17777777777778,9,2.66490486257928,0.0997442455242967,6,0.094949494949495,-0.269436117059245,2.66490486257928,39,3
3,9,0.00699300699300699,113.342821067821,0.807856150107351,4,0.0444626930616252,45,94,4.17777777777778,9,2.66490486257928,0.0997442455242967,6,0.094949494949495,-0.269436117059245,2.66490486257928,39,3
4,1,0.00490196078431373,0,0.054022978249207,6,0.00849216156668371,45,94,4.17777777777778,9,2.66490486257928,0.0997442455242967,6,0.094949494949495,-0.269436117059245,2.66490486257928,39,3
5,4,0.00602409638554217,20.4551587301587,0.30346333067496,5,0.0214091113881373,45,94,4.17777777777778,9,2.66490486257928,0.0997442455242967,6,0.094949494949495,-0.269436117059245,2.66490486257928,39,3
6,0,0.000505050505050505,0,1.04562684945555e-17,0,0.00339750849377124,45,94,4.17777777777778,9,2.66490486257928,0.0997442455242967,6,0.094949494949495,-0.269436117059245,2.66490486257928,39,3
7,4,0.00636942675159236,26.7397186147186,0.41305434660402,5,0.021309495615083,45,94,4.17777777777778,9,2.66490486257928,0.0997442455242967,6,0.094949494949495,-0.269436117059245,2.66490486257928,39,3
8,3,0.00591715976331361,13.610927960928,0.297796183591456,5,0.0167600382116785,45,94,4.17777777777778,9,2.66490486257928,0.0997442455242967,6,0.094949494949495,-0.269436117059245,2.66490486257928,39,3
9,7,0.00684931506849315,56.400949050949,0.802915301761529,4,0.0348828712339856,45,94,4.17777777777778,9,2.66490486257928,0.0997442455242967,6,0.094949494949495,-0.269436117059245,2.66490486257928,39,3
10,3,0.00645161290322581,12.5579365079365,0.380849635880863,5,0.0161791195606583,45,94,4.17777777777778,9,2.66490486257928,0.0997442455242967,6,0.094949494949495,-0.269436117059245,2.66490486257928,39,3
11,2,0.00598802395209581,6.19329004329004,0.266223101845923,5,0.0119387127932983,45,94,4.17777777777778,9,2.66490486257928,0.0997442455242967,6,0.094949494949495,-0.269436117059245,2.66490486257928,39,3
12,3,0.00558659217877095,4.16230158730159,0.20970963246653,5,0.0169174941911367,45,94,4.17777777777778,9,2.66490486257928,0.0997442455242967,6,0.094949494949495,-0.269436117059245,2.66490486257928,39,3
13,3,0.00645161290322581,23.6690226440226,0.30747991245198,4,0.0164667899607352,45,94,4.17777777777778,9,2.66490486257928,0.0997442455242967,6,0.094949494949495,-0.269436117059245,2.66490486257928,39,3
14,6,0.00666666666666667,59.0582251082251,0.446791184117953,4,0.0310973617671722,45,94,4.17777777777778,9,2.66490486257928,0.0997442455242967,6,0.094949494949495,-0.269436117059245,2.66490486257928,39,3
15,2,0.00598802395209581,5.15833333333333,0.199163284301234,4,0.0122527305977253,45,94,4.17777777777778,9,2.66490486257928,0.0997442455242967,6,0.094949494949495,-0.269436117059245,2.66490486257928,39,3
16,8,0.00675675675675676,83.3386835386836,0.555987087216988,4,0.040521666618893,45,94,4.17777777777778,9,2.66490486257928,0.0997442455242967,6,0.094949494949495,-0.269436117059245,2.66490486257928,39,3
17,3,0.00625,9.02070707070707,0.394201161446909,4,0.0160973040694894,45,94,4.17777777777778,9,2.66490486257928,0.0997442455242967,6,0.094949494949495,-0.269436117059245,2.66490486257928,39,3
18,6,0.0065359477124183,56.0461815961816,0.566714326026963,5,0.0307651398001684,45,94,4.17777777777778,9,2.66490486257928,0.0997442455242967,6,0.094949494949495,-0.269436117059245,2.66490486257928,39,3
19,6,0.00671140939597316,59.2791486291486,0.506798577343963,4,0.030792680325677,45,94,4.17777777777778,9,2.66490486257928,0.0997442455242967,6,0.094949494949495,-0.269436117059245,2.66490486257928,39,3
20,4,0.00636942675159236,30.3270562770563,0.358652024665059,4,0.0211011822572501,45,94,4.17777777777778,9,2.66490486257928,0.0997442455242967,6,0.094949494949495,-0.269436117059245,2.66490486257928,39,3
21,4,0.00602409638554217,43.6979908979909,0.482763980510141,5,0.0231431203865916,45,94,4.17777777777778,9,2.66490486257928,0.0997442455242967,6,0.094949494949495,-0.269436117059245,2.66490486257928,39,3
22,9,0.00735294117647059,129.605033855034,1,4,0.0432352749916926,45,94,4.17777777777778,9,2.66490486257928,0.0997442455242967,6,0.094949494949495,-0.269436117059245,2.66490486257928,39,3
23,3,0.00636942675159236,16.4909090909091,0.278590797682451,4,0.016714083077358,45,94,4.17777777777778,9,2.66490486257928,0.0997442455242967,6,0.094949494949495,-0.269436117059245,2.66490486257928,39,3
24,4,0.00617283950617284,51.0246753246753,0.275753507841964,5,0.0239748379901763,45,94,4.17777777777778,9,2.66490486257928,0.0997442455242967,6,0.094949494949495,-0.269436117059245,2.66490486257928,39,3
25,5,0.00666666666666667,66.425,0.425607956675508,5,0.0263388053327609,45,94,4.17777777777778,9,2.66490486257928,0.0997442455242967,6,0.094949494949495,-0.269436117059245,2.66490486257928,39,3
26,5,0.00649350649350649,38.5472083472083,0.542694487767386,4,0.0256441189810274,45,94,4.17777777777778,9,2.66490486257928,0.0997442455242967,6,0.094949494949495,-0.269436117059245,2.66490486257928,39,3
27,3,0.00598802395209581,16.52442002442,0.234564516794072,4,0.0171199093798584,45,94,4.17777777777778,9,2.66490486257928,0.0997442455242967,6,0.094949494949495,-0.269436117059245,2.66490486257928,39,3
28,3,0.00561797752808989,7.15396825396825,0.215320220985754,5,0.0173552217830639,45,94,4.17777777777778,9,2.66490486257928,0.0997442455242967,6,0.094949494949495,-0.269436117059245,2.66490486257928,39,3
29,6,0.00689655172413793,63.5691142191142,0.541548201279133,4,0.030152029050299,45,94,4.17777777777778,9,2.66490486257928,0.0997442455242967,6,0.094949494949495,-0.269436117059245,2.66490486257928,39,3
30,5,0.0062111801242236,29.011544011544,0.3477623156246,5,0.0270850918484353,45,94,4.17777777777778,9,2.66490486257928,0.0997442455242967,6,0.094949494949495,-0.269436117059245,2.66490486257928,39,3
31,4,0.00609756097560976,20.5511904761905,0.408321126597986,4,0.0211131684598616,45,94,4.17777777777778,9,2.66490486257928,0.0997442455242967,6,0.094949494949495,-0.269436117059245,2.66490486257928,39,3
32,2,0.00571428571428571,0,0.239189055922608,5,0.0121250306566854,45,94,4.17777777777778,9,2.66490486257928,0.0997442455242967,6,0.094949494949495,-0.269436117059245,2.66490486257928,39,3
33,3,0.00609756097560976,12.6595238095238,0.273245190181381,5,0.0165992842945237,45,94,4.17777777777778,9,2.66490486257928,0.0997442455242967,6,0.094949494949495,-0.269436117059245,2.66490486257928,39,3
34,6,0.00671140939597316,54.4885614385614,0.505351744375059,4,0.0300294188417933,45,94,4.17777777777778,9,2.66490486257928,0.0997442455242967,6,0.094949494949495,-0.269436117059245,2.66490486257928,39,3
35,2,0.00588235294117647,5.13459595959596,0.245798453037718,5,0.012002222422163,45,94,4.17777777777778,9,2.66490486257928,0.0997442455242967,6,0.094949494949495,-0.269436117059245,2.66490486257928,39,3
36,3,0.00632911392405063,10.3480519480519,0.440740883062202,4,0.0161220768257168,45,94,4.17777777777778,9,2.66490486257928,0.0997442455242967,6,0.094949494949495,-0.269436117059245,2.66490486257928,39,3
37,5,0.00680272108843537,68.7654512154512,0.440436695250921,4,0.0266679446985883,45,94,4.17777777777778,9,2.66490486257928,0.0997442455242967,6,0.094949494949495,-0.269436117059245,2.66490486257928,39,3
38,6,0.00689655172413793,62.6516705516706,0.763194797287413,4,0.0294612665688009,45,94,4.17777777777778,9,2.66490486257928,0.0997442455242967,6,0.094949494949495,-0.269436117059245,2.66490486257928,39,3
39,7,0.00704225352112676,88.8694805194805,0.58015589893254,4,0.0352217735381696,45,94,4.17777777777778,9,2.66490486257928,0.0997442455242967,6,0.094949494949495,-0.269436117059245,2.66490486257928,39,3
40,4,0.00666666666666667,24.1770562770563,0.578743232681435,4,0.0202831491342507,45,94,4.17777777777778,9,2.66490486257928,0.0997442455242967,6,0.094949494949495,-0.269436117059245,2.66490486257928,39,3
41,6,0.0072463768115942,82.1985209235209,0.668841656597123,4,0.0300053399274356,45,94,4.17777777777778,9,2.66490486257928,0.0997442455242967,6,0.094949494949495,-0.269436117059245,2.66490486257928,39,3
42,2,0.00564971751412429,0,0.205606599433351,4,0.0121193051000168,45,94,4.17777777777778,9,2.66490486257928,0.0997442455242967,6,0.094949494949495,-0.269436117059245,2.66490486257928,39,3
43,2,0.00568181818181818,2.96666666666667,0.154842583990033,5,0.0125267698141771,45,94,4.17777777777778,9,2.66490486257928,0.0997442455242967,6,0.094949494949495,-0.269436117059245,2.66490486257928,39,3
44,1,0.00480769230769231,0,0.0945784814224258,6,0.00831542157592196,45,94,4.17777777777778,9,2.66490486257928,0.0997442455242967,6,0.094949494949495,-0.269436117059245,2.66490486257928,39,3
45,4,0.00628930817610063,24.0821789321789,0.349937828374909,4,0.0216268739842159,45,94,4.17777777777778,9,2.66490486257928,0.0997442455242967,6,0.094949494949495,-0.269436117059245,2.66490486257928,39,3
