node,degree,closeness,betweenness,eigenvalue,eccentricity,pagerank,graph_size,graph_edges,graph_avg_degree,graph_max_degree,graph_apl,graph_clust_coef,graph_diameter,graph_density,graph_assortativity,avg_distance,graph_triads,graph_girth
1,16,0.00141843971631206,211.381612675737,0.63442482348832,3,0.00351406409970337,300,2242,14.9466666666667,25,2.39716833890747,0.0518971700672071,4,0.0499888517279822,-0.0362396286832829,2.39716833890747,1722,3
2,13,0.00136798905608755,125.937326706288,0.520452871542378,3,0.00293927607998399,300,2242,14.9466666666667,25,2.39716833890747,0.0518971700672071,4,0.0499888517279822,-0.0362396286832829,2.39716833890747,1722,3
3,17,0.00145137880986938,255.439302500115,0.684296099703035,3,0.003705567944871,300,2242,14.9466666666667,25,2.39716833890747,0.0518971700672071,4,0.0499888517279822,-0.0362396286832829,2.39716833890747,1722,3
4,13,0.00136798905608755,169.692368681988,0.49028419212869,3,0.00301489291591512,300,2242,14.9466666666667,25,2.39716833890747,0.0518971700672071,4,0.0499888517279822,-0.0362396286832829,2.39716833890747,1722,3
5,15,0.00142247510668563,208.623393737318,0.582954850119532,3,0.00334784349935628,300,2242,14.9466666666667,25,2.39716833890747,0.0518971700672071,4,0.0499888517279822,-0.0362396286832829,2.39716833890747,1722,3
6,13,0.00136798905608755,136.420403071028,0.535164629439475,3,0.00294059358595306,300,2242,14.9466666666667,25,2.39716833890747,0.0518971700672071,4,0.0499888517279822,-0.0362396286832829,2.39716833890747,1722,3
7,14,0.0013986013986014,164.998020904416,0.595204946628782,3,0.00311814536411503,300,2242,14.9466666666667,25,2.39716833890747,0.0518971700672071,4,0.0499888517279822,-0.0362396286832829,2.39716833890747,1722,3
8,17,0.00142045454545455,269.169167834814,0.682335798678258,3,0.00374535371892759,300,2242,14.9466666666667,25,2.39716833890747,0.0518971700672071,4,0.0499888517279822,-0.0362396286832829,2.39716833890747,1722,3
9,14,0.00136425648021828,190.093832374582,0.499405206698108,3,0.00320673751128187,300,2242,14.9466666666667,25,2.39716833890747,0.0518971700672071,4,0.0499888517279822,-0.0362396286832829,2.39716833890747,1722,3
10,13,0.00136425648021828,128.933791434521,0.550036812381436,3,0.00293949211872016,300,2242,14.9466666666667,25,2.39716833890747,0.0518971700672071,4,0.0499888517279822,-0.0362396286832829,2.39716833890747,1722,3
11,16,0.0014265335235378,254.587504096197,0.599741015040818,3,0.0035599529930782,300,2242,14.9466666666667,25,2.39716833890747,0.0518971700672071,4,0.0499888517279822,-0.0362396286832829,2.39716833890747,1722,3
12,16,0.00142247510668563,210.753594063652,0.666675173908056,3,0.00350916098672797,300,2242,14.9466666666667,25,2.39716833890747,0.0518971700672071,4,0.0499888517279822,-0.0362396286832829,2.39716833890747,1722,3
13,13,0.00134770889487871,147.246080850918,0.47208148557524,3,0.00298478952867436,300,2242,14.9466666666667,25,2.39716833890747,0.0518971700672071,4,0.0499888517279822,-0.0362396286832829,2.39716833890747,1722,3
14,11,0.00131233595800525,121.239996391793,0.364228695208021,3,0.00264426554697892,300,2242,14.9466666666667,25,2.39716833890747,0.0518971700672071,4,0.0499888517279822,-0.0362396286832829,2.39716833890747,1722,3
15,13,0.0013550135501355,155.339252230448,0.45920560000139,3,0.00300623078552253,300,2242,14.9466666666667,25,2.39716833890747,0.0518971700672071,4,0.0499888517279822,-0.0362396286832829,2.39716833890747,1722,3
16,13,0.00136798905608755,162.739228541579,0.489744339659013,3,0.00299086739462288,300,2242,14.9466666666667,25,2.39716833890747,0.0518971700672071,4,0.0499888517279822,-0.0362396286832829,2.39716833890747,1722,3
17,14,0.00141043723554302,180.099445937782,0.582591545496782,3,0.00313441562368364,300,2242,14.9466666666667,25,2.39716833890747,0.0518971700672071,4,0.0499888517279822,-0.0362396286832829,2.39716833890747,1722,3
18,13,0.00136798905608755,153.862764694387,0.509339538662034,3,0.00296302008650702,300,2242,14.9466666666667,25,2.39716833890747,0.0518971700672071,4,0.0499888517279822,-0.0362396286832829,2.39716833890747,1722,3
19,18,0.00146842878120411,341.214864188988,0.695457575955703,3,0.00395629826157954,300,2242,14.9466666666667,25,2.39716833890747,0.0518971700672071,4,0.0499888517279822,-0.0362396286832829,2.39716833890747,1722,3
20,18,0.00146198830409357,281.269578032383,0.735622849387926,3,0.00388354606702522,300,2242,14.9466666666667,25,2.39716833890747,0.0518971700672071,4,0.0499888517279822,-0.0362396286832829,2.39716833890747,1722,3
21,14,0.00136798905608755,176.510099810862,0.525010370370352,3,0.00316851425872206,300,2242,14.9466666666667,25,2.39716833890747,0.0518971700672071,4,0.0499888517279822,-0.0362396286832829,2.39716833890747,1722,3
22,11,0.00133155792276964,98.7425669058062,0.427422712248708,3,0.00258748313094431,300,2242,14.9466666666667,25,2.39716833890747,0.0518971700672071,4,0.0499888517279822,-0.0362396286832829,2.39716833890747,1722,3
23,19,0.00143884892086331,293.530251862534,0.745623293094371,3,0.00411686132415535,300,2242,14.9466666666667,25,2.39716833890747,0.0518971700672071,4,0.0499888517279822,-0.0362396286832829,2.39716833890747,1722,3
24,15,0.00139664804469274,204.000338088969,0.57256083783068,3,0.00334492805662857,300,2242,14.9466666666667,25,2.39716833890747,0.0518971700672071,4,0.0499888517279822,-0.0362396286832829,2.39716833890747,1722,3
25,14,0.00139275766016713,153.663704134242,0.587721856345189,3,0.00312134238364884,300,2242,14.9466666666667,25,2.39716833890747,0.0518971700672071,4,0.0499888517279822,-0.0362396286832829,2.39716833890747,1722,3
26,22,0.00152439024390244,427.710452654836,0.948667327201026,3,0.00462059093548078,300,2242,14.9466666666667,25,2.39716833890747,0.0518971700672071,4,0.0499888517279822,-0.0362396286832829,2.39716833890747,1722,3
27,15,0.00136425648021828,212.569250753666,0.494860556439443,3,0.00341522142782101,300,2242,14.9466666666667,25,2.39716833890747,0.0518971700672071,4,0.0499888517279822,-0.0362396286832829,2.39716833890747,1722,3
28,16,0.00138504155124654,203.886555824724,0.609566226524103,3,0.00354652411059064,300,2242,14.9466666666667,25,2.39716833890747,0.0518971700672071,4,0.0499888517279822,-0.0362396286832829,2.39716833890747,1722,3
29,17,0.00142247510668563,258.090279112586,0.65650562375356,3,0.00374208046350371,300,2242,14.9466666666667,25,2.39716833890747,0.0518971700672071,4,0.0499888517279822,-0.0362396286832829,2.39716833890747,1722,3
30,11,0.00134952766531714,108.131354043417,0.461729677395172,4,0.00256751916681166,300,2242,14.9466666666667,25,2.39716833890747,0.0518971700672071,4,0.0499888517279822,-0.0362396286832829,2.39716833890747,1722,3
31,13,0.00137551581843191,126.848012565272,0.548936221341016,3,0.00294400854623853,300,2242,14.9466666666667,25,2.39716833890747,0.0518971700672071,4,0.0499888517279822,-0.0362396286832829,2.39716833890747,1722,3
32,15,0.00139082058414465,205.704517938401,0.568070521506345,3,0.00335290141181646,300,2242,14.9466666666667,25,2.39716833890747,0.0518971700672071,4,0.0499888517279822,-0.0362396286832829,2.39716833890747,1722,3
33,19,0.00146198830409357,304.390043613987,0.805644706650299,3,0.00407205613980417,300,2242,14.9466666666667,25,2.39716833890747,0.0518971700672071,4,0.0499888517279822,-0.0362396286832829,2.39716833890747,1722,3
34,12,0.00134408602150538,115.482701302503,0.476042737106811,3,0.0027637359807453,300,2242,14.9466666666667,25,2.39716833890747,0.0518971700672071,4,0.0499888517279822,-0.0362396286832829,2.39716833890747,1722,3
35,11,0.00132100396301189,120.432978898205,0.386404525170192,4,0.00263353677962012,300,2242,14.9466666666667,25,2.39716833890747,0.0518971700672071,4,0.0499888517279822,-0.0362396286832829,2.39716833890747,1722,3
36,10,0.00128205128205128,82.2840743237708,0.355082739753511,4,0.00244040119341473,300,2242,14.9466666666667,25,2.39716833890747,0.0518971700672071,4,0.0499888517279822,-0.0362396286832829,2.39716833890747,1722,3
37,22,0.00148588410104012,448.503698525547,0.834138332875222,3,0.00469800763089211,300,2242,14.9466666666667,25,2.39716833890747,0.0518971700672071,4,0.0499888517279822,-0.0362396286832829,2.39716833890747,1722,3
38,18,0.00145137880986938,269.513126129422,0.752936782164217,3,0.00389006718807623,300,2242,14.9466666666667,25,2.39716833890747,0.0518971700672071,4,0.0499888517279822,-0.0362396286832829,2.39716833890747,1722,3
39,16,0.00141843971631206,249.923467544943,0.603690660734906,3,0.00355146526939675,300,2242,14.9466666666667,25,2.39716833890747,0.0518971700672071,4,0.0499888517279822,-0.0362396286832829,2.39716833890747,1722,3
40,17,0.00141242937853107,232.842846852262,0.680984774024541,3,0.00371508392729141,300,2242,14.9466666666667,25,2.39716833890747,0.0518971700672071,4,0.0499888517279822,-0.0362396286832829,2.39716833890747,1722,3
41,16,0.00141843971631206,223.819501590727,0.672451625399916,3,0.00350903197035086,300,2242,14.9466666666667,25,2.39716833890747,0.0518971700672071,4,0.0499888517279822,-0.0362396286832829,2.39716833890747,1722,3
42,10,0.00130890052356021,98.2798060728401,0.362519729216626,3,0.00243006550424822,300,2242,14.9466666666667,25,2.39716833890747,0.0518971700672071,4,0.0499888517279822,-0.0362396286832829,2.39716833890747,1722,3
43,9,0.00129032258064516,77.6395966667006,0.344633295925154,4,0.00223808349154475,300,2242,14.9466666666667,25,2.39716833890747,0.0518971700672071,4,0.0499888517279822,-0.0362396286832829,2.39716833890747,1722,3
44,13,0.0013869625520111,154.838303593657,0.53699281585174,3,0.0029641785424549,300,2242,14.9466666666667,25,2.39716833890747,0.0518971700672071,4,0.0499888517279822,-0.0362396286832829,2.39716833890747,1722,3
45,12,0.00135685210312076,117.079433372592,0.527465333042889,3,0.00274697891766346,300,2242,14.9466666666667,25,2.39716833890747,0.0518971700672071,4,0.0499888517279822,-0.0362396286832829,2.39716833890747,1722,3
46,11,0.00133511348464619,106.82671548523,0.438938932812815,4,0.00258066216454632,300,2242,14.9466666666667,25,2.39716833890747,0.0518971700672071,4,0.0499888517279822,-0.0362396286832829,2.39716833890747,1722,3
47,17,0.00144717800289436,224.903580831147,0.759347549511619,3,0.00365809509638626,300,2242,14.9466666666667,25,2.39716833890747,0.0518971700672071,4,0.0499888517279822,-0.0362396286832829,2.39716833890747,1722,3
48,9,0.0012987012987013,70.2870975219498,0.346849000048868,3,0.00220992862055965,300,2242,14.9466666666667,25,2.39716833890747,0.0518971700672071,4,0.0499888517279822,-0.0362396286832829,2.39716833890747,1722,3
49,19,0.00146198830409357,348.744700247959,0.711898928043786,3,0.00413090608598454,300,2242,14.9466666666667,25,2.39716833890747,0.0518971700672071,4,0.0499888517279822,-0.0362396286832829,2.39716833890747,1722,3
50,19,0.00147058823529412,339.59848445219,0.761352374588156,3,0.00410880814770239,300,2242,14.9466666666667,25,2.39716833890747,0.0518971700672071,4,0.0499888517279822,-0.0362396286832829,2.39716833890747,1722,3
51,19,0.00144927536231884,319.779576673414,0.740547492354085,3,0.0041032375745144,300,2242,14.9466666666667,25,2.39716833890747,0.0518971700672071,4,0.0499888517279822,-0.0362396286832829,2.39716833890747,1722,3
52,16,0.00144508670520231,232.704210131471,0.669264023142807,3,0.00352226486876557,300,2242,14.9466666666667,25,2.39716833890747,0.0518971700672071,4,0.0499888517279822,-0.0362396286832829,2.39716833890747,1722,3
53,22,0.00151745068285281,437.983437629074,0.883671851544879,3,0.00466675092920981,300,2242,14.9466666666667,25,2.39716833890747,0.0518971700672071,4,0.0499888517279822,-0.0362396286832829,2.39716833890747,1722,3
54,14,0.0013531799729364,182.110365329814,0.492321790013698,3,0.00319812322150427,300,2242,14.9466666666667,25,2.39716833890747,0.0518971700672071,4,0.0499888517279822,-0.0362396286832829,2.39716833890747,1722,3
55,23,0.0015220700152207,477.58547370235,0.925722370622982,3,0.00483843351786318,300,2242,14.9466666666667,25,2.39716833890747,0.0518971700672071,4,0.0499888517279822,-0.0362396286832829,2.39716833890747,1722,3
56,24,0.00153846153846154,531.956928474308,0.95867554929878,3,0.00504623697024895,300,2242,14.9466666666667,25,2.39716833890747,0.0518971700672071,4,0.0499888517279822,-0.0362396286832829,2.39716833890747,1722,3
57,12,0.00134408602150538,134.527570474176,0.437321983336182,3,0.00279857286596638,300,2242,14.9466666666667,25,2.39716833890747,0.0518971700672071,4,0.0499888517279822,-0.0362396286832829,2.39716833890747,1722,3
58,9,0.00130890052356021,70.0229993193781,0.367535100535554,3,0.00220055220335155,300,2242,14.9466666666667,25,2.39716833890747,0.0518971700672071,4,0.0499888517279822,-0.0362396286832829,2.39716833890747,1722,3
59,18,0.00141442715700141,306.868191120325,0.631937223887236,3,0.00397780464013144,300,2242,14.9466666666667,25,2.39716833890747,0.0518971700672071,4,0.0499888517279822,-0.0362396286832829,2.39716833890747,1722,3
60,14,0.00137174211248285,158.711532888266,0.56093404035698,3,0.00316910264938753,300,2242,14.9466666666667,25,2.39716833890747,0.0518971700672071,4,0.0499888517279822,-0.0362396286832829,2.39716833890747,1722,3
61,11,0.00133333333333333,111.830085265176,0.41219136660448,3,0.00260052877881078,300,2242,14.9466666666667,25,2.39716833890747,0.0518971700672071,4,0.0499888517279822,-0.0362396286832829,2.39716833890747,1722,3
62,14,0.00138312586445367,195.177989910722,0.534457121958675,3,0.00317702648605223,300,2242,14.9466666666667,25,2.39716833890747,0.0518971700672071,4,0.0499888517279822,-0.0362396286832829,2.39716833890747,1722,3
63,14,0.00137931034482759,181.42976788268,0.544078568625321,3,0.00317824717562286,300,2242,14.9466666666667,25,2.39716833890747,0.0518971700672071,4,0.0499888517279822,-0.0362396286832829,2.39716833890747,1722,3
64,12,0.00136798905608755,99.3181429286707,0.565003538540514,3,0.00271715547852324,300,2242,14.9466666666667,25,2.39716833890747,0.0518971700672071,4,0.0499888517279822,-0.0362396286832829,2.39716833890747,1722,3
65,16,0.00141643059490085,228.991683028333,0.634717349048575,3,0.0035344399669015,300,2242,14.9466666666667,25,2.39716833890747,0.0518971700672071,4,0.0499888517279822,-0.0362396286832829,2.39716833890747,1722,3
66,16,0.00141043723554302,222.73816646882,0.613613932827137,3,0.00354141507528486,300,2242,14.9466666666667,25,2.39716833890747,0.0518971700672071,4,0.0499888517279822,-0.0362396286832829,2.39716833890747,1722,3
67,13,0.00137174211248285,147.085248870509,0.535452604509511,3,0.00295209616150608,300,2242,14.9466666666667,25,2.39716833890747,0.0518971700672071,4,0.0499888517279822,-0.0362396286832829,2.39716833890747,1722,3
68,14,0.00138504155124654,163.485655376268,0.571221302614171,3,0.00313523050901871,300,2242,14.9466666666667,25,2.39716833890747,0.0518971700672071,4,0.0499888517279822,-0.0362396286832829,2.39716833890747,1722,3
69,24,0.00154083204930663,528.848379076604,0.950423384178445,3,0.00504608874111696,300,2242,14.9466666666667,25,2.39716833890747,0.0518971700672071,4,0.0499888517279822,-0.0362396286832829,2.39716833890747,1722,3
70,15,0.0013986013986014,234.181728274429,0.555960884048313,3,0.00338364670776305,300,2242,14.9466666666667,25,2.39716833890747,0.0518971700672071,4,0.0499888517279822,-0.0362396286832829,2.39716833890747,1722,3
71,10,0.00133333333333333,78.6987477316768,0.439391023930466,3,0.00236744460300332,300,2242,14.9466666666667,25,2.39716833890747,0.0518971700672071,4,0.0499888517279822,-0.0362396286832829,2.39716833890747,1722,3
72,14,0.00138312586445367,163.285485745783,0.574690568275458,3,0.00314464754921756,300,2242,14.9466666666667,25,2.39716833890747,0.0518971700672071,4,0.0499888517279822,-0.0362396286832829,2.39716833890747,1722,3
73,10,0.00130208333333333,102.546138514622,0.332803086981069,4,0.0024505367391233,300,2242,14.9466666666667,25,2.39716833890747,0.0518971700672071,4,0.0499888517279822,-0.0362396286832829,2.39716833890747,1722,3
74,15,0.00141242937853107,213.084877619906,0.605883907046023,3,0.00335207085201932,300,2242,14.9466666666667,25,2.39716833890747,0.0518971700672071,4,0.0499888517279822,-0.0362396286832829,2.39716833890747,1722,3
75,10,0.00130548302872063,83.4019760250394,0.370683714340199,4,0.00241103511797876,300,2242,14.9466666666667,25,2.39716833890747,0.0518971700672071,4,0.0499888517279822,-0.0362396286832829,2.39716833890747,1722,3
76,9,0.00129366106080207,74.9780437642653,0.334995523085324,4,0.00223572516529138,300,2242,14.9466666666667,25,2.39716833890747,0.0518971700672071,4,0.0499888517279822,-0.0362396286832829,2.39716833890747,1722,3
77,14,0.00138121546961326,179.052957118045,0.539935342531009,3,0.00315863952484447,300,2242,14.9466666666667,25,2.39716833890747,0.0518971700672071,4,0.0499888517279822,-0.0362396286832829,2.39716833890747,1722,3
78,19,0.00144927536231884,328.166734813035,0.728362768170728,3,0.00412120692584183,300,2242,14.9466666666667,25,2.39716833890747,0.0518971700672071,4,0.0499888517279822,-0.0362396286832829,2.39716833890747,1722,3
79,10,0.00131233595800525,71.9056023603991,0.421644729035037,3,0.00236836785946486,300,2242,14.9466666666667,25,2.39716833890747,0.0518971700672071,4,0.0499888517279822,-0.0362396286832829,2.39716833890747,1722,3
80,15,0.0013869625520111,214.216756742955,0.513346382510479,3,0.00339999177469008,300,2242,14.9466666666667,25,2.39716833890747,0.0518971700672071,4,0.0499888517279822,-0.0362396286832829,2.39716833890747,1722,3
81,15,0.00140845070422535,211.774411055957,0.601459560937051,3,0.00333646735534689,300,2242,14.9466666666667,25,2.39716833890747,0.0518971700672071,4,0.0499888517279822,-0.0362396286832829,2.39716833890747,1722,3
82,13,0.00137174211248285,139.658310387878,0.540721510156074,3,0.00293765834373671,300,2242,14.9466666666667,25,2.39716833890747,0.0518971700672071,4,0.0499888517279822,-0.0362396286832829,2.39716833890747,1722,3
83,19,0.00143061516452074,344.618920241515,0.661719185103663,3,0.0041874006890363,300,2242,14.9466666666667,25,2.39716833890747,0.0518971700672071,4,0.0499888517279822,-0.0362396286832829,2.39716833890747,1722,3
84,12,0.0013531799729364,121.305680732268,0.462804232797316,3,0.0027801338927806,300,2242,14.9466666666667,25,2.39716833890747,0.0518971700672071,4,0.0499888517279822,-0.0362396286832829,2.39716833890747,1722,3
85,12,0.00136986301369863,113.075832963898,0.516322524261302,3,0.00273775817708648,300,2242,14.9466666666667,25,2.39716833890747,0.0518971700672071,4,0.0499888517279822,-0.0362396286832829,2.39716833890747,1722,3
86,13,0.00135869565217391,134.061597769799,0.503208951191651,3,0.00295739941967114,300,2242,14.9466666666667,25,2.39716833890747,0.0518971700672071,4,0.0499888517279822,-0.0362396286832829,2.39716833890747,1722,3
87,22,0.0015015015015015,487.990098274113,0.795770856709372,3,0.00475180471636829,300,2242,14.9466666666667,25,2.39716833890747,0.0518971700672071,4,0.0499888517279822,-0.0362396286832829,2.39716833890747,1722,3
88,10,0.00129533678756477,93.8445592904625,0.353667183766697,4,0.00243137801215511,300,2242,14.9466666666667,25,2.39716833890747,0.0518971700672071,4,0.0499888517279822,-0.0362396286832829,2.39716833890747,1722,3
89,25,0.00152439024390244,548.495469378668,0.978115933025557,3,0.0052719534865347,300,2242,14.9466666666667,25,2.39716833890747,0.0518971700672071,4,0.0499888517279822,-0.0362396286832829,2.39716833890747,1722,3
90,12,0.00136612021857923,103.074564514545,0.525055925421428,3,0.00272920651600407,300,2242,14.9466666666667,25,2.39716833890747,0.0518971700672071,4,0.0499888517279822,-0.0362396286832829,2.39716833890747,1722,3
91,17,0.00144927536231884,269.527537300106,0.67571475189487,3,0.0037159424689216,300,2242,14.9466666666667,25,2.39716833890747,0.0518971700672071,4,0.0499888517279822,-0.0362396286832829,2.39716833890747,1722,3
92,10,0.00132100396301189,72.8665506495164,0.432097477174084,3,0.00236997244890963,300,2242,14.9466666666667,25,2.39716833890747,0.0518971700672071,4,0.0499888517279822,-0.0362396286832829,2.39716833890747,1722,3
93,14,0.00138504155124654,162.25539510673,0.566375126474941,3,0.00314537648432516,300,2242,14.9466666666667,25,2.39716833890747,0.0518971700672071,4,0.0499888517279822,-0.0362396286832829,2.39716833890747,1722,3
94,13,0.00137931034482759,156.777604390233,0.509135630473986,3,0.00297402524722928,300,2242,14.9466666666667,25,2.39716833890747,0.0518971700672071,4,0.0499888517279822,-0.0362396286832829,2.39716833890747,1722,3
95,10,0.00135869565217391,71.1973356053227,0.470872445278299,3,0.00234804789040188,300,2242,14.9466666666667,25,2.39716833890747,0.0518971700672071,4,0.0499888517279822,-0.0362396286832829,2.39716833890747,1722,3
96,14,0.00139082058414465,165.440275547578,0.573309496041568,3,0.00313342001111449,300,2242,14.9466666666667,25,2.39716833890747,0.0518971700672071,4,0.0499888517279822,-0.0362396286832829,2.39716833890747,1722,3
97,20,0.00146842878120411,361.673104966632,0.786610014904345,3,0.0043073672471793,300,2242,14.9466666666667,25,2.39716833890747,0.0518971700672071,4,0.0499888517279822,-0.0362396286832829,2.39716833890747,1722,3
98,11,0.00133155792276964,131.806579140399,0.385400783400472,3,0.00263474596563134,300,2242,14.9466666666667,25,2.39716833890747,0.0518971700672071,4,0.0499888517279822,-0.0362396286832829,2.39716833890747,1722,3
99,15,0.00140449438202247,192.376437636127,0.619363311541255,3,0.00331609145196491,300,2242,14.9466666666667,25,2.39716833890747,0.0518971700672071,4,0.0499888517279822,-0.0362396286832829,2.39716833890747,1722,3
100,11,0.00134048257372654,115.286544175421,0.424330034296866,3,0.0026082270196064,300,2242,14.9466666666667,25,2.39716833890747,0.0518971700672071,4,0.0499888517279822,-0.0362396286832829,2.39716833890747,1722,3
101,16,0.0014367816091954,217.356120553216,0.693174249344559,3,0.00349628981514993,300,2242,14.9466666666667,25,2.39716833890747,0.0518971700672071,4,0.0499888517279822,-0.0362396286832829,2.39716833890747,1722,3
102,17,0.00144508670520231,268.635519058412,0.661827084063827,3,0.00373743217467291,300,2242,14.9466666666667,25,2.39716833890747,0.0518971700672071,4,0.0499888517279822,-0.0362396286832829,2.39716833890747,1722,3
103,19,0.00148148148148148,290.295214284658,0.807848914022832,3,0.00404515458330925,300,2242,14.9466666666667,25,2.39716833890747,0.0518971700672071,4,0.0499888517279822,-0.0362396286832829,2.39716833890747,1722,3
104,13,0.00133868808567604,124.175225310983,0.508845450129065,3,0.00295777448437393,300,2242,14.9466666666667,25,2.39716833890747,0.0518971700672071,4,0.0499888517279822,-0.0362396286832829,2.39716833890747,1722,3
105,11,0.00133155792276964,94.9966526278197,0.474639406261756,4,0.0025613889828106,300,2242,14.9466666666667,25,2.39716833890747,0.0518971700672071,4,0.0499888517279822,-0.0362396286832829,2.39716833890747,1722,3
106,14,0.00138888888888889,172.419699908707,0.545979051246852,3,0.00314551099748004,300,2242,14.9466666666667,25,2.39716833890747,0.0518971700672071,4,0.0499888517279822,-0.0362396286832829,2.39716833890747,1722,3
107,11,0.00134952766531714,108.403639102794,0.456695310029197,3,0.00257622043980769,300,2242,14.9466666666667,25,2.39716833890747,0.0518971700672071,4,0.0499888517279822,-0.0362396286832829,2.39716833890747,1722,3
108,13,0.00136425648021828,176.236247674629,0.456813434599718,3,0.0029991485539199,300,2242,14.9466666666667,25,2.39716833890747,0.0518971700672071,4,0.0499888517279822,-0.0362396286832829,2.39716833890747,1722,3
109,12,0.00137174211248285,138.346889532896,0.47863727520942,3,0.00278259893882075,300,2242,14.9466666666667,25,2.39716833890747,0.0518971700672071,4,0.0499888517279822,-0.0362396286832829,2.39716833890747,1722,3
110,20,0.00148148148148148,384.109374047014,0.778595681015954,3,0.0043065984617195,300,2242,14.9466666666667,25,2.39716833890747,0.0518971700672071,4,0.0499888517279822,-0.0362396286832829,2.39716833890747,1722,3
111,12,0.00131926121372032,137.434302389217,0.40039105787627,4,0.00283052451262157,300,2242,14.9466666666667,25,2.39716833890747,0.0518971700672071,4,0.0499888517279822,-0.0362396286832829,2.39716833890747,1722,3
112,15,0.00139082058414465,195.365780230797,0.576394873869062,3,0.00334340409080584,300,2242,14.9466666666667,25,2.39716833890747,0.0518971700672071,4,0.0499888517279822,-0.0362396286832829,2.39716833890747,1722,3
113,17,0.0014265335235378,268.075868449282,0.65584817726152,3,0.00373667554795491,300,2242,14.9466666666667,25,2.39716833890747,0.0518971700672071,4,0.0499888517279822,-0.0362396286832829,2.39716833890747,1722,3
114,8,0.00126903553299492,53.5828912138511,0.302131359455182,3,0.00204164878253972,300,2242,14.9466666666667,25,2.39716833890747,0.0518971700672071,4,0.0499888517279822,-0.0362396286832829,2.39716833890747,1722,3
115,14,0.00137931034482759,174.646565031067,0.527374509593061,3,0.00316378840906529,300,2242,14.9466666666667,25,2.39716833890747,0.0518971700672071,4,0.0499888517279822,-0.0362396286832829,2.39716833890747,1722,3
116,14,0.00137362637362637,164.675360533012,0.550535798525131,3,0.00315151141730562,300,2242,14.9466666666667,25,2.39716833890747,0.0518971700672071,4,0.0499888517279822,-0.0362396286832829,2.39716833890747,1722,3
117,15,0.00141843971631206,174.009658193283,0.674716980034146,3,0.00330153080016714,300,2242,14.9466666666667,25,2.39716833890747,0.0518971700672071,4,0.0499888517279822,-0.0362396286832829,2.39716833890747,1722,3
118,18,0.00147058823529412,289.731414056194,0.769170850363272,3,0.003874272509825,300,2242,14.9466666666667,25,2.39716833890747,0.0518971700672071,4,0.0499888517279822,-0.0362396286832829,2.39716833890747,1722,3
119,15,0.00139664804469274,176.533739182851,0.633650925553133,3,0.00331125668163626,300,2242,14.9466666666667,25,2.39716833890747,0.0518971700672071,4,0.0499888517279822,-0.0362396286832829,2.39716833890747,1722,3
120,13,0.00138888888888889,159.543743848937,0.53687376231765,3,0.00295009755893639,300,2242,14.9466666666667,25,2.39716833890747,0.0518971700672071,4,0.0499888517279822,-0.0362396286832829,2.39716833890747,1722,3
121,16,0.00144508670520231,214.901050630868,0.693383480864085,3,0.00348773076442843,300,2242,14.9466666666667,25,2.39716833890747,0.0518971700672071,4,0.0499888517279822,-0.0362396286832829,2.39716833890747,1722,3
122,14,0.00135869565217391,183.96113639492,0.494013217030357,3,0.0032003932505241,300,2242,14.9466666666667,25,2.39716833890747,0.0518971700672071,4,0.0499888517279822,-0.0362396286832829,2.39716833890747,1722,3
123,17,0.00143266475644699,271.356586643976,0.622792597448744,3,0.00375684307735696,300,2242,14.9466666666667,25,2.39716833890747,0.0518971700672071,4,0.0499888517279822,-0.0362396286832829,2.39716833890747,1722,3
124,16,0.00142247510668563,229.070668278554,0.638191669355259,3,0.00354737269423281,300,2242,14.9466666666667,25,2.39716833890747,0.0518971700672071,4,0.0499888517279822,-0.0362396286832829,2.39716833890747,1722,3
125,16,0.00139664804469274,234.125753337994,0.608065821769611,3,0.00355498183347373,300,2242,14.9466666666667,25,2.39716833890747,0.0518971700672071,4,0.0499888517279822,-0.0362396286832829,2.39716833890747,1722,3
126,15,0.00139082058414465,220.962180031226,0.553947421268246,3,0.00337655872041724,300,2242,14.9466666666667,25,2.39716833890747,0.0518971700672071,4,0.0499888517279822,-0.0362396286832829,2.39716833890747,1722,3
127,22,0.00149700598802395,441.797393566351,0.862958914512287,3,0.00467591782561964,300,2242,14.9466666666667,25,2.39716833890747,0.0518971700672071,4,0.0499888517279822,-0.0362396286832829,2.39716833890747,1722,3
128,13,0.00136612021857923,143.908586553557,0.504276795960823,3,0.00295766826603031,300,2242,14.9466666666667,25,2.39716833890747,0.0518971700672071,4,0.0499888517279822,-0.0362396286832829,2.39716833890747,1722,3
129,14,0.00138888888888889,174.786878462705,0.547277762760276,3,0.00315279645010502,300,2242,14.9466666666667,25,2.39716833890747,0.0518971700672071,4,0.0499888517279822,-0.0362396286832829,2.39716833890747,1722,3
130,19,0.00149253731343284,305.184604840299,0.828516309853617,3,0.0040540711204459,300,2242,14.9466666666667,25,2.39716833890747,0.0518971700672071,4,0.0499888517279822,-0.0362396286832829,2.39716833890747,1722,3
131,16,0.0013986013986014,245.706595214946,0.584988331952978,3,0.00356639251070288,300,2242,14.9466666666667,25,2.39716833890747,0.0518971700672071,4,0.0499888517279822,-0.0362396286832829,2.39716833890747,1722,3
132,23,0.00150829562594268,435.21978322425,0.923773778661748,3,0.00484751664791199,300,2242,14.9466666666667,25,2.39716833890747,0.0518971700672071,4,0.0499888517279822,-0.0362396286832829,2.39716833890747,1722,3
133,14,0.00137362637362637,146.789511787199,0.596610497359431,3,0.00311963953045828,300,2242,14.9466666666667,25,2.39716833890747,0.0518971700672071,4,0.0499888517279822,-0.0362396286832829,2.39716833890747,1722,3
134,17,0.0014265335235378,257.762038852175,0.652022398377932,3,0.00374641140113132,300,2242,14.9466666666667,25,2.39716833890747,0.0518971700672071,4,0.0499888517279822,-0.0362396286832829,2.39716833890747,1722,3
135,12,0.00137174211248285,143.434262556343,0.469133933466105,3,0.00277953835891819,300,2242,14.9466666666667,25,2.39716833890747,0.0518971700672071,4,0.0499888517279822,-0.0362396286832829,2.39716833890747,1722,3
136,21,0.00151975683890578,393.844975547002,0.877130368205639,3,0.00445100280345183,300,2242,14.9466666666667,25,2.39716833890747,0.0518971700672071,4,0.0499888517279822,-0.0362396286832829,2.39716833890747,1722,3
137,10,0.00132450331125828,77.6614663084277,0.432653510345151,3,0.00237330130281304,300,2242,14.9466666666667,25,2.39716833890747,0.0518971700672071,4,0.0499888517279822,-0.0362396286832829,2.39716833890747,1722,3
138,17,0.00145560407569141,243.162833976122,0.751158669555617,3,0.00367591752563961,300,2242,14.9466666666667,25,2.39716833890747,0.0518971700672071,4,0.0499888517279822,-0.0362396286832829,2.39716833890747,1722,3
139,17,0.00142247510668563,248.737701086965,0.667745571636609,3,0.00372854913829186,300,2242,14.9466666666667,25,2.39716833890747,0.0518971700672071,4,0.0499888517279822,-0.0362396286832829,2.39716833890747,1722,3
140,19,0.00146627565982405,300.707555545627,0.791903098655898,3,0.00406598108269692,300,2242,14.9466666666667,25,2.39716833890747,0.0518971700672071,4,0.0499888517279822,-0.0362396286832829,2.39716833890747,1722,3
141,11,0.0013531799729364,104.442717775543,0.484987958571174,3,0.00255719615926231,300,2242,14.9466666666667,25,2.39716833890747,0.0518971700672071,4,0.0499888517279822,-0.0362396286832829,2.39716833890747,1722,3
142,14,0.00140056022408964,159.393521111815,0.610469254998139,3,0.00311678539912316,300,2242,14.9466666666667,25,2.39716833890747,0.0518971700672071,4,0.0499888517279822,-0.0362396286832829,2.39716833890747,1722,3
143,14,0.00139082058414465,164.891989641429,0.567471451573542,3,0.00314128527841057,300,2242,14.9466666666667,25,2.39716833890747,0.0518971700672071,4,0.0499888517279822,-0.0362396286832829,2.39716833890747,1722,3
144,18,0.00148148148148148,274.296910528065,0.811811164240667,3,0.00385531902762262,300,2242,14.9466666666667,25,2.39716833890747,0.0518971700672071,4,0.0499888517279822,-0.0362396286832829,2.39716833890747,1722,3
145,18,0.00147275405007364,268.165841865776,0.771161872508452,3,0.0038619165318537,300,2242,14.9466666666667,25,2.39716833890747,0.0518971700672071,4,0.0499888517279822,-0.0362396286832829,2.39716833890747,1722,3
146,11,0.00132450331125828,108.361691088877,0.417997476887681,3,0.00260017209031522,300,2242,14.9466666666667,25,2.39716833890747,0.0518971700672071,4,0.0499888517279822,-0.0362396286832829,2.39716833890747,1722,3
147,10,0.00130890052356021,87.9441625394244,0.377175158642669,4,0.00240269208875609,300,2242,14.9466666666667,25,2.39716833890747,0.0518971700672071,4,0.0499888517279822,-0.0362396286832829,2.39716833890747,1722,3
148,17,0.00141643059490085,250.971090282772,0.697815802640611,3,0.00370799176457542,300,2242,14.9466666666667,25,2.39716833890747,0.0518971700672071,4,0.0499888517279822,-0.0362396286832829,2.39716833890747,1722,3
149,13,0.00136425648021828,143.991051525463,0.537552456389059,3,0.00296058411174807,300,2242,14.9466666666667,25,2.39716833890747,0.0518971700672071,4,0.0499888517279822,-0.0362396286832829,2.39716833890747,1722,3
150,12,0.00133511348464619,143.176633136991,0.41588300506017,3,0.00282446825479223,300,2242,14.9466666666667,25,2.39716833890747,0.0518971700672071,4,0.0499888517279822,-0.0362396286832829,2.39716833890747,1722,3
151,18,0.00142450142450142,310.110230035863,0.64807494120296,3,0.00396106618449846,300,2242,14.9466666666667,25,2.39716833890747,0.0518971700672071,4,0.0499888517279822,-0.0362396286832829,2.39716833890747,1722,3
152,17,0.00143884892086331,243.055157845388,0.695387819629344,3,0.0036991745715686,300,2242,14.9466666666667,25,2.39716833890747,0.0518971700672071,4,0.0499888517279822,-0.0362396286832829,2.39716833890747,1722,3
153,8,0.00126103404791929,57.637134976755,0.263089072447165,3,0.0020625860330556,300,2242,14.9466666666667,25,2.39716833890747,0.0518971700672071,4,0.0499888517279822,-0.0362396286832829,2.39716833890747,1722,3
154,9,0.00132275132275132,70.9309540390499,0.377589043286467,3,0.00218884213416594,300,2242,14.9466666666667,25,2.39716833890747,0.0518971700672071,4,0.0499888517279822,-0.0362396286832829,2.39716833890747,1722,3
155,14,0.00141043723554302,160.519401896693,0.586088941515964,3,0.00311883376795561,300,2242,14.9466666666667,25,2.39716833890747,0.0518971700672071,4,0.0499888517279822,-0.0362396286832829,2.39716833890747,1722,3
156,13,0.00137174211248285,138.749393239947,0.496184859833457,3,0.00296191884917067,300,2242,14.9466666666667,25,2.39716833890747,0.0518971700672071,4,0.0499888517279822,-0.0362396286832829,2.39716833890747,1722,3
157,12,0.00133511348464619,130.351148642255,0.453234984749282,4,0.00278376983335612,300,2242,14.9466666666667,25,2.39716833890747,0.0518971700672071,4,0.0499888517279822,-0.0362396286832829,2.39716833890747,1722,3
158,13,0.00137174211248285,135.275474993997,0.533368938498083,3,0.00294836622109508,300,2242,14.9466666666667,25,2.39716833890747,0.0518971700672071,4,0.0499888517279822,-0.0362396286832829,2.39716833890747,1722,3
159,17,0.00141643059490085,241.122430961662,0.65321461544879,3,0.00372160465180014,300,2242,14.9466666666667,25,2.39716833890747,0.0518971700672071,4,0.0499888517279822,-0.0362396286832829,2.39716833890747,1722,3
160,16,0.0013986013986014,241.169367123382,0.601420195674716,3,0.00355873627347713,300,2242,14.9466666666667,25,2.39716833890747,0.0518971700672071,4,0.0499888517279822,-0.0362396286832829,2.39716833890747,1722,3
161,12,0.00133689839572193,124.213223631615,0.45763869010009,3,0.00278825227193782,300,2242,14.9466666666667,25,2.39716833890747,0.0518971700672071,4,0.0499888517279822,-0.0362396286832829,2.39716833890747,1722,3
162,15,0.00141242937853107,189.382515028445,0.628955236483219,3,0.00331757757426352,300,2242,14.9466666666667,25,2.39716833890747,0.0518971700672071,4,0.0499888517279822,-0.0362396286832829,2.39716833890747,1722,3
163,17,0.00143472022955524,253.63638482292,0.686353154962779,3,0.00369703424555715,300,2242,14.9466666666667,25,2.39716833890747,0.0518971700672071,4,0.0499888517279822,-0.0362396286832829,2.39716833890747,1722,3
164,12,0.00135869565217391,142.957663508762,0.467841729875273,3,0.0027931945681258,300,2242,14.9466666666667,25,2.39716833890747,0.0518971700672071,4,0.0499888517279822,-0.0362396286832829,2.39716833890747,1722,3
165,21,0.0015015015015015,363.380230445864,0.889489863024236,3,0.00442962127303449,300,2242,14.9466666666667,25,2.39716833890747,0.0518971700672071,4,0.0499888517279822,-0.0362396286832829,2.39716833890747,1722,3
166,12,0.00134770889487871,129.835666613714,0.448642719428329,3,0.00278481939637388,300,2242,14.9466666666667,25,2.39716833890747,0.0518971700672071,4,0.0499888517279822,-0.0362396286832829,2.39716833890747,1722,3
167,15,0.00138312586445367,178.728833433784,0.614722319365063,3,0.00331927886900472,300,2242,14.9466666666667,25,2.39716833890747,0.0518971700672071,4,0.0499888517279822,-0.0362396286832829,2.39716833890747,1722,3
168,18,0.00144092219020173,298.01345045861,0.702185089417056,3,0.00392626899634478,300,2242,14.9466666666667,25,2.39716833890747,0.0518971700672071,4,0.0499888517279822,-0.0362396286832829,2.39716833890747,1722,3
169,12,0.00136239782016349,135.184020968731,0.487457200010635,3,0.0027680453082498,300,2242,14.9466666666667,25,2.39716833890747,0.0518971700672071,4,0.0499888517279822,-0.0362396286832829,2.39716833890747,1722,3
170,17,0.00141643059490085,246.607296022656,0.672778957958683,3,0.00372267634418309,300,2242,14.9466666666667,25,2.39716833890747,0.0518971700672071,4,0.0499888517279822,-0.0362396286832829,2.39716833890747,1722,3
171,18,0.00146627565982405,291.606894473601,0.74837167963138,3,0.0038876281005615,300,2242,14.9466666666667,25,2.39716833890747,0.0518971700672071,4,0.0499888517279822,-0.0362396286832829,2.39716833890747,1722,3
172,23,0.00148588410104012,522.011302266157,0.814366494211869,3,0.00494179397850126,300,2242,14.9466666666667,25,2.39716833890747,0.0518971700672071,4,0.0499888517279822,-0.0362396286832829,2.39716833890747,1722,3
173,21,0.00151745068285281,389.740352620378,0.898227654213223,3,0.00444771073083531,300,2242,14.9466666666667,25,2.39716833890747,0.0518971700672071,4,0.0499888517279822,-0.0362396286832829,2.39716833890747,1722,3
174,15,0.00139470013947001,210.325287507215,0.585302469723302,3,0.00335031386228684,300,2242,14.9466666666667,25,2.39716833890747,0.0518971700672071,4,0.0499888517279822,-0.0362396286832829,2.39716833890747,1722,3
175,12,0.00136612021857923,124.787878619401,0.498096024558931,3,0.00275968746754931,300,2242,14.9466666666667,25,2.39716833890747,0.0518971700672071,4,0.0499888517279822,-0.0362396286832829,2.39716833890747,1722,3
176,15,0.00138312586445367,199.869648319965,0.570029564236456,3,0.0033666435613023,300,2242,14.9466666666667,25,2.39716833890747,0.0518971700672071,4,0.0499888517279822,-0.0362396286832829,2.39716833890747,1722,3
177,16,0.0014265335235378,221.060512007412,0.657165184178111,3,0.00351448305568445,300,2242,14.9466666666667,25,2.39716833890747,0.0518971700672071,4,0.0499888517279822,-0.0362396286832829,2.39716833890747,1722,3
178,10,0.00131752305665349,75.8876017414801,0.427674945000457,4,0.00237323654732414,300,2242,14.9466666666667,25,2.39716833890747,0.0518971700672071,4,0.0499888517279822,-0.0362396286832829,2.39716833890747,1722,3
179,18,0.0014265335235378,312.307351034587,0.656969747953139,3,0.00395984476205526,300,2242,14.9466666666667,25,2.39716833890747,0.0518971700672071,4,0.0499888517279822,-0.0362396286832829,2.39716833890747,1722,3
180,18,0.00143266475644699,287.201594653362,0.707377461092957,3,0.00392156437420058,300,2242,14.9466666666667,25,2.39716833890747,0.0518971700672071,4,0.0499888517279822,-0.0362396286832829,2.39716833890747,1722,3
181,15,0.00139470013947001,184.063311207626,0.605404355008432,3,0.00332164789147138,300,2242,14.9466666666667,25,2.39716833890747,0.0518971700672071,4,0.0499888517279822,-0.0362396286832829,2.39716833890747,1722,3
182,11,0.00133155792276964,100.970705400489,0.429062481718828,3,0.00258512937155614,300,2242,14.9466666666667,25,2.39716833890747,0.0518971700672071,4,0.0499888517279822,-0.0362396286832829,2.39716833890747,1722,3
183,14,0.00136239782016349,166.219220545488,0.513620749192333,3,0.00317571994678547,300,2242,14.9466666666667,25,2.39716833890747,0.0518971700672071,4,0.0499888517279822,-0.0362396286832829,2.39716833890747,1722,3
184,12,0.00134770889487871,152.37410295113,0.450873256434611,3,0.00282069269433966,300,2242,14.9466666666667,25,2.39716833890747,0.0518971700672071,4,0.0499888517279822,-0.0362396286832829,2.39716833890747,1722,3
185,12,0.00134770889487871,112.1888790755,0.489867818941589,3,0.0027557976987708,300,2242,14.9466666666667,25,2.39716833890747,0.0518971700672071,4,0.0499888517279822,-0.0362396286832829,2.39716833890747,1722,3
186,10,0.00132802124833997,95.7879810005685,0.397188881542258,3,0.00240291275641447,300,2242,14.9466666666667,25,2.39716833890747,0.0518971700672071,4,0.0499888517279822,-0.0362396286832829,2.39716833890747,1722,3
187,15,0.00138121546961326,199.871044558621,0.552741313195652,3,0.0033731917755664,300,2242,14.9466666666667,25,2.39716833890747,0.0518971700672071,4,0.0499888517279822,-0.0362396286832829,2.39716833890747,1722,3
188,17,0.00143472022955524,242.690543881261,0.715313819721006,3,0.00368947575949063,300,2242,14.9466666666667,25,2.39716833890747,0.0518971700672071,4,0.0499888517279822,-0.0362396286832829,2.39716833890747,1722,3
189,9,0.00131406044678055,72.5144095208307,0.372696749153722,3,0.00219934363551668,300,2242,14.9466666666667,25,2.39716833890747,0.0518971700672071,4,0.0499888517279822,-0.0362396286832829,2.39716833890747,1722,3
190,14,0.00136054421768707,180.020659035903,0.485762518682546,3,0.003194412877117,300,2242,14.9466666666667,25,2.39716833890747,0.0518971700672071,4,0.0499888517279822,-0.0362396286832829,2.39716833890747,1722,3
191,14,0.00138888888888889,167.646518260789,0.597285321430993,3,0.00312469759780304,300,2242,14.9466666666667,25,2.39716833890747,0.0518971700672071,4,0.0499888517279822,-0.0362396286832829,2.39716833890747,1722,3
192,15,0.00139470013947001,175.92154473862,0.638026034713232,3,0.00331567003566928,300,2242,14.9466666666667,25,2.39716833890747,0.0518971700672071,4,0.0499888517279822,-0.0362396286832829,2.39716833890747,1722,3
193,10,0.00132100396301189,81.5963737984619,0.407339460437315,3,0.00237904397119634,300,2242,14.9466666666667,25,2.39716833890747,0.0518971700672071,4,0.0499888517279822,-0.0362396286832829,2.39716833890747,1722,3
194,21,0.00149476831091181,368.891918977883,0.858468828753929,3,0.00446545238702078,300,2242,14.9466666666667,25,2.39716833890747,0.0518971700672071,4,0.0499888517279822,-0.0362396286832829,2.39716833890747,1722,3
195,19,0.00148809523809524,333.448650566133,0.767184865528306,3,0.00409209928050161,300,2242,14.9466666666667,25,2.39716833890747,0.0518971700672071,4,0.0499888517279822,-0.0362396286832829,2.39716833890747,1722,3
196,21,0.00147275405007364,392.501085039558,0.843301100332375,3,0.00448015970359485,300,2242,14.9466666666667,25,2.39716833890747,0.0518971700672071,4,0.0499888517279822,-0.0362396286832829,2.39716833890747,1722,3
197,13,0.00136425648021828,147.295851129711,0.494179299295596,3,0.00296957339310109,300,2242,14.9466666666667,25,2.39716833890747,0.0518971700672071,4,0.0499888517279822,-0.0362396286832829,2.39716833890747,1722,3
198,17,0.00142450142450142,257.621297547513,0.656794855176529,3,0.0037286573239259,300,2242,14.9466666666667,25,2.39716833890747,0.0518971700672071,4,0.0499888517279822,-0.0362396286832829,2.39716833890747,1722,3
199,12,0.00132802124833997,121.002976842017,0.456856380352984,3,0.00278081725916856,300,2242,14.9466666666667,25,2.39716833890747,0.0518971700672071,4,0.0499888517279822,-0.0362396286832829,2.39716833890747,1722,3
200,19,0.00148588410104012,312.445172360968,0.83039509760816,3,0.00404630376639589,300,2242,14.9466666666667,25,2.39716833890747,0.0518971700672071,4,0.0499888517279822,-0.0362396286832829,2.39716833890747,1722,3
201,13,0.00136798905608755,159.815143760621,0.471509661806822,3,0.00299285646005353,300,2242,14.9466666666667,25,2.39716833890747,0.0518971700672071,4,0.0499888517279822,-0.0362396286832829,2.39716833890747,1722,3
202,18,0.00145137880986938,282.835125035424,0.747242077391363,3,0.00388928818010069,300,2242,14.9466666666667,25,2.39716833890747,0.0518971700672071,4,0.0499888517279822,-0.0362396286832829,2.39716833890747,1722,3
203,11,0.00133333333333333,99.7684882152442,0.438018330361545,3,0.00256902557365857,300,2242,14.9466666666667,25,2.39716833890747,0.0518971700672071,4,0.0499888517279822,-0.0362396286832829,2.39716833890747,1722,3
204,22,0.00149700598802395,382.977110998734,0.937009396175354,3,0.00462082694331478,300,2242,14.9466666666667,25,2.39716833890747,0.0518971700672071,4,0.0499888517279822,-0.0362396286832829,2.39716833890747,1722,3
205,11,0.00133155792276964,88.8078841972921,0.464713228947359,3,0.00255810061967282,300,2242,14.9466666666667,25,2.39716833890747,0.0518971700672071,4,0.0499888517279822,-0.0362396286832829,2.39716833890747,1722,3
206,22,0.0015220700152207,463.170865757685,0.866192313409663,3,0.00467609894032103,300,2242,14.9466666666667,25,2.39716833890747,0.0518971700672071,4,0.0499888517279822,-0.0362396286832829,2.39716833890747,1722,3
207,7,0.00126903553299492,40.5141983904755,0.283202066918553,4,0.0018287664001299,300,2242,14.9466666666667,25,2.39716833890747,0.0518971700672071,4,0.0499888517279822,-0.0362396286832829,2.39716833890747,1722,3
208,11,0.00130718954248366,110.541184260207,0.375437952972959,3,0.00264014538514466,300,2242,14.9466666666667,25,2.39716833890747,0.0518971700672071,4,0.0499888517279822,-0.0362396286832829,2.39716833890747,1722,3
209,10,0.0013262599469496,87.797396471217,0.388234937298086,3,0.00240016677887857,300,2242,14.9466666666667,25,2.39716833890747,0.0518971700672071,4,0.0499888517279822,-0.0362396286832829,2.39716833890747,1722,3
210,16,0.00144508670520231,209.1723134914,0.717680169379373,3,0.00348315022404511,300,2242,14.9466666666667,25,2.39716833890747,0.0518971700672071,4,0.0499888517279822,-0.0362396286832829,2.39716833890747,1722,3
211,16,0.00141242937853107,197.94614863791,0.686246198640643,3,0.0034935467928993,300,2242,14.9466666666667,25,2.39716833890747,0.0518971700672071,4,0.0499888517279822,-0.0362396286832829,2.39716833890747,1722,3
212,13,0.00137362637362637,172.638443933131,0.475400611647915,3,0.00299808307287392,300,2242,14.9466666666667,25,2.39716833890747,0.0518971700672071,4,0.0499888517279822,-0.0362396286832829,2.39716833890747,1722,3
213,13,0.00133868808567604,163.718763362678,0.432956348308294,3,0.00303527370198737,300,2242,14.9466666666667,25,2.39716833890747,0.0518971700672071,4,0.0499888517279822,-0.0362396286832829,2.39716833890747,1722,3
214,17,0.00142450142450142,267.003477038725,0.638412613401781,3,0.00374342613557271,300,2242,14.9466666666667,25,2.39716833890747,0.0518971700672071,4,0.0499888517279822,-0.0362396286832829,2.39716833890747,1722,3
215,14,0.0013869625520111,176.413982631277,0.545648745002357,3,0.00315282616586555,300,2242,14.9466666666667,25,2.39716833890747,0.0518971700672071,4,0.0499888517279822,-0.0362396286832829,2.39716833890747,1722,3
216,10,0.00132978723404255,65.8118462596744,0.458965836116176,3,0.00235586924983815,300,2242,14.9466666666667,25,2.39716833890747,0.0518971700672071,4,0.0499888517279822,-0.0362396286832829,2.39716833890747,1722,3
217,17,0.00144092219020173,258.707645702301,0.669770655012656,3,0.00371195715241327,300,2242,14.9466666666667,25,2.39716833890747,0.0518971700672071,4,0.0499888517279822,-0.0362396286832829,2.39716833890747,1722,3
218,14,0.00137741046831956,182.032602251276,0.535909715303852,3,0.00317311932864512,300,2242,14.9466666666667,25,2.39716833890747,0.0518971700672071,4,0.0499888517279822,-0.0362396286832829,2.39716833890747,1722,3
219,15,0.0014265335235378,207.261062584691,0.613927149810445,3,0.00333064638922687,300,2242,14.9466666666667,25,2.39716833890747,0.0518971700672071,4,0.0499888517279822,-0.0362396286832829,2.39716833890747,1722,3
220,9,0.00130378096479791,62.9147996121899,0.350508607149467,3,0.00220307957225695,300,2242,14.9466666666667,25,2.39716833890747,0.0518971700672071,4,0.0499888517279822,-0.0362396286832829,2.39716833890747,1722,3
221,15,0.00141043723554302,205.996244931318,0.603041622431829,3,0.00332677373523711,300,2242,14.9466666666667,25,2.39716833890747,0.0518971700672071,4,0.0499888517279822,-0.0362396286832829,2.39716833890747,1722,3
222,15,0.0013986013986014,209.074786480271,0.575026236176567,3,0.00334305876797659,300,2242,14.9466666666667,25,2.39716833890747,0.0518971700672071,4,0.0499888517279822,-0.0362396286832829,2.39716833890747,1722,3
223,14,0.00139470013947001,164.188876359947,0.582404312782031,3,0.00311952883527399,300,2242,14.9466666666667,25,2.39716833890747,0.0518971700672071,4,0.0499888517279822,-0.0362396286832829,2.39716833890747,1722,3
224,13,0.00136054421768707,136.094100484929,0.513906842209174,3,0.00295606088030539,300,2242,14.9466666666667,25,2.39716833890747,0.0518971700672071,4,0.0499888517279822,-0.0362396286832829,2.39716833890747,1722,3
225,12,0.00134770889487871,135.777681881603,0.441354701067066,3,0.00280724904856362,300,2242,14.9466666666667,25,2.39716833890747,0.0518971700672071,4,0.0499888517279822,-0.0362396286832829,2.39716833890747,1722,3
226,20,0.00146627565982405,362.295932479526,0.755734874247395,3,0.00431565647676056,300,2242,14.9466666666667,25,2.39716833890747,0.0518971700672071,4,0.0499888517279822,-0.0362396286832829,2.39716833890747,1722,3
227,14,0.00140845070422535,181.011893306964,0.575937921859848,3,0.00313447995832409,300,2242,14.9466666666667,25,2.39716833890747,0.0518971700672071,4,0.0499888517279822,-0.0362396286832829,2.39716833890747,1722,3
228,20,0.0014792899408284,394.176770838539,0.743993831167712,3,0.00434201382871659,300,2242,14.9466666666667,25,2.39716833890747,0.0518971700672071,4,0.0499888517279822,-0.0362396286832829,2.39716833890747,1722,3
229,25,0.00152905198776758,540.451367599761,1,3,0.00522791253154123,300,2242,14.9466666666667,25,2.39716833890747,0.0518971700672071,4,0.0499888517279822,-0.0362396286832829,2.39716833890747,1722,3
230,10,0.00131233595800525,78.2218995254937,0.413037289948915,4,0.00237634447767334,300,2242,14.9466666666667,25,2.39716833890747,0.0518971700672071,4,0.0499888517279822,-0.0362396286832829,2.39716833890747,1722,3
231,15,0.00138888888888889,190.959871050414,0.592547348223193,3,0.0033479265749744,300,2242,14.9466666666667,25,2.39716833890747,0.0518971700672071,4,0.0499888517279822,-0.0362396286832829,2.39716833890747,1722,3
232,12,0.00132802124833997,139.612200201207,0.397846912910309,3,0.0028350144554665,300,2242,14.9466666666667,25,2.39716833890747,0.0518971700672071,4,0.0499888517279822,-0.0362396286832829,2.39716833890747,1722,3
233,10,0.00134048257372654,84.5814383662284,0.431425330626842,4,0.00237211317318328,300,2242,14.9466666666667,25,2.39716833890747,0.0518971700672071,4,0.0499888517279822,-0.0362396286832829,2.39716833890747,1722,3
234,19,0.00146412884333821,329.645684987986,0.73193513842608,3,0.00411059370266267,300,2242,14.9466666666667,25,2.39716833890747,0.0518971700672071,4,0.0499888517279822,-0.0362396286832829,2.39716833890747,1722,3
235,20,0.00147058823529412,325.826958433799,0.842853788333473,3,0.00424220036112878,300,2242,14.9466666666667,25,2.39716833890747,0.0518971700672071,4,0.0499888517279822,-0.0362396286832829,2.39716833890747,1722,3
236,19,0.00146627565982405,341.538233023003,0.718993641426187,3,0.00411408854308048,300,2242,14.9466666666667,25,2.39716833890747,0.0518971700672071,4,0.0499888517279822,-0.0362396286832829,2.39716833890747,1722,3
237,19,0.00144508670520231,289.581426878624,0.789448758229868,3,0.0040736516834202,300,2242,14.9466666666667,25,2.39716833890747,0.0518971700672071,4,0.0499888517279822,-0.0362396286832829,2.39716833890747,1722,3
238,18,0.00144927536231884,297.871087190549,0.728594433893559,3,0.00391112098704947,300,2242,14.9466666666667,25,2.39716833890747,0.0518971700672071,4,0.0499888517279822,-0.0362396286832829,2.39716833890747,1722,3
239,16,0.00140252454417952,257.720518987499,0.575084855505753,3,0.0035839348900514,300,2242,14.9466666666667,25,2.39716833890747,0.0518971700672071,4,0.0499888517279822,-0.0362396286832829,2.39716833890747,1722,3
240,19,0.00145348837209302,304.542409259875,0.781134290687085,3,0.00407393216148244,300,2242,14.9466666666667,25,2.39716833890747,0.0518971700672071,4,0.0499888517279822,-0.0362396286832829,2.39716833890747,1722,3
241,13,0.0013550135501355,143.379555438865,0.502428399702768,3,0.00297612245250433,300,2242,14.9466666666667,25,2.39716833890747,0.0518971700672071,4,0.0499888517279822,-0.0362396286832829,2.39716833890747,1722,3
242,16,0.00143266475644699,223.868706224328,0.648392657174963,3,0.0035288199483749,300,2242,14.9466666666667,25,2.39716833890747,0.0518971700672071,4,0.0499888517279822,-0.0362396286832829,2.39716833890747,1722,3
243,11,0.00134952766531714,100.429056064652,0.466899549130497,4,0.00255872209836374,300,2242,14.9466666666667,25,2.39716833890747,0.0518971700672071,4,0.0499888517279822,-0.0362396286832829,2.39716833890747,1722,3
244,17,0.00140845070422535,266.03036996527,0.618744737146661,3,0.00376618257390741,300,2242,14.9466666666667,25,2.39716833890747,0.0518971700672071,4,0.0499888517279822,-0.0362396286832829,2.39716833890747,1722,3
245,15,0.00141843971631206,222.974751979581,0.57223040434415,3,0.0033587099208571,300,2242,14.9466666666667,25,2.39716833890747,0.0518971700672071,4,0.0499888517279822,-0.0362396286832829,2.39716833890747,1722,3
246,19,0.00146627565982405,345.999251521127,0.725100854138003,3,0.00412431870819574,300,2242,14.9466666666667,25,2.39716833890747,0.0518971700672071,4,0.0499888517279822,-0.0362396286832829,2.39716833890747,1722,3
247,16,0.00141643059490085,214.043029067951,0.647438378744356,3,0.00351663866349881,300,2242,14.9466666666667,25,2.39716833890747,0.0518971700672071,4,0.0499888517279822,-0.0362396286832829,2.39716833890747,1722,3
248,15,0.00138888888888889,210.008111196988,0.52508445737577,3,0.0033906392983398,300,2242,14.9466666666667,25,2.39716833890747,0.0518971700672071,4,0.0499888517279822,-0.0362396286832829,2.39716833890747,1722,3
249,17,0.00142045454545455,267.517770231843,0.635664529771962,3,0.00375201427547469,300,2242,14.9466666666667,25,2.39716833890747,0.0518971700672071,4,0.0499888517279822,-0.0362396286832829,2.39716833890747,1722,3
250,18,0.00145560407569141,268.98722041407,0.75334914874934,3,0.00387479863431225,300,2242,14.9466666666667,25,2.39716833890747,0.0518971700672071,4,0.0499888517279822,-0.0362396286832829,2.39716833890747,1722,3
251,12,0.00134048257372654,130.987435052496,0.448135689433244,3,0.00279125477741304,300,2242,14.9466666666667,25,2.39716833890747,0.0518971700672071,4,0.0499888517279822,-0.0362396286832829,2.39716833890747,1722,3
252,18,0.00144508670520231,253.084924055747,0.765469334573141,3,0.00387896989858165,300,2242,14.9466666666667,25,2.39716833890747,0.0518971700672071,4,0.0499888517279822,-0.0362396286832829,2.39716833890747,1722,3
253,14,0.00136798905608755,148.377860333594,0.569909164528956,3,0.00313712214024431,300,2242,14.9466666666667,25,2.39716833890747,0.0518971700672071,4,0.0499888517279822,-0.0362396286832829,2.39716833890747,1722,3
254,19,0.00146412884333821,326.898819025534,0.729585923378665,3,0.00411458390583734,300,2242,14.9466666666667,25,2.39716833890747,0.0518971700672071,4,0.0499888517279822,-0.0362396286832829,2.39716833890747,1722,3
255,13,0.00135135135135135,147.957109210755,0.48474027457781,3,0.00297897991000905,300,2242,14.9466666666667,25,2.39716833890747,0.0518971700672071,4,0.0499888517279822,-0.0362396286832829,2.39716833890747,1722,3
256,12,0.00134589502018843,124.70807516296,0.479138836926103,3,0.00276853292221112,300,2242,14.9466666666667,25,2.39716833890747,0.0518971700672071,4,0.0499888517279822,-0.0362396286832829,2.39716833890747,1722,3
257,23,0.00151975683890578,466.611813606168,0.93689056290898,3,0.00485081782243145,300,2242,14.9466666666667,25,2.39716833890747,0.0518971700672071,4,0.0499888517279822,-0.0362396286832829,2.39716833890747,1722,3
258,16,0.00142450142450142,228.990408290138,0.630641308898055,3,0.00353043531927938,300,2242,14.9466666666667,25,2.39716833890747,0.0518971700672071,4,0.0499888517279822,-0.0362396286832829,2.39716833890747,1722,3
259,12,0.00136425648021828,127.892331545914,0.482588742299806,3,0.00276241736207974,300,2242,14.9466666666667,25,2.39716833890747,0.0518971700672071,4,0.0499888517279822,-0.0362396286832829,2.39716833890747,1722,3
260,20,0.00148367952522255,376.29338220655,0.791606521389824,3,0.00429842373947985,300,2242,14.9466666666667,25,2.39716833890747,0.0518971700672071,4,0.0499888517279822,-0.0362396286832829,2.39716833890747,1722,3
261,14,0.00136425648021828,173.994542494502,0.531416504718664,3,0.00316564057504231,300,2242,14.9466666666667,25,2.39716833890747,0.0518971700672071,4,0.0499888517279822,-0.0362396286832829,2.39716833890747,1722,3
262,15,0.00140646976090014,204.052135683077,0.614705642517065,3,0.00333500145697685,300,2242,14.9466666666667,25,2.39716833890747,0.0518971700672071,4,0.0499888517279822,-0.0362396286832829,2.39716833890747,1722,3
263,19,0.0014792899408284,277.521859383297,0.889406480399968,3,0.00402006375551033,300,2242,14.9466666666667,25,2.39716833890747,0.0518971700672071,4,0.0499888517279822,-0.0362396286832829,2.39716833890747,1722,3
264,14,0.00139664804469274,147.739073026684,0.615618854730709,3,0.00311141659140073,300,2242,14.9466666666667,25,2.39716833890747,0.0518971700672071,4,0.0499888517279822,-0.0362396286832829,2.39716833890747,1722,3
265,16,0.00141442715700141,203.963171070695,0.677113813348766,3,0.00350407168264406,300,2242,14.9466666666667,25,2.39716833890747,0.0518971700672071,4,0.0499888517279822,-0.0362396286832829,2.39716833890747,1722,3
266,17,0.00144092219020173,269.915938147873,0.650664015351034,3,0.0037218207490051,300,2242,14.9466666666667,25,2.39716833890747,0.0518971700672071,4,0.0499888517279822,-0.0362396286832829,2.39716833890747,1722,3
267,19,0.00144300144300144,314.073312374959,0.729044520095535,3,0.00411904604673378,300,2242,14.9466666666667,25,2.39716833890747,0.0518971700672071,4,0.0499888517279822,-0.0362396286832829,2.39716833890747,1722,3
268,18,0.00148588410104012,299.506962339552,0.734732937580775,3,0.00388457663340817,300,2242,14.9466666666667,25,2.39716833890747,0.0518971700672071,4,0.0499888517279822,-0.0362396286832829,2.39716833890747,1722,3
269,13,0.00139082058414465,141.328892297036,0.53597018452431,3,0.00293746517466134,300,2242,14.9466666666667,25,2.39716833890747,0.0518971700672071,4,0.0499888517279822,-0.0362396286832829,2.39716833890747,1722,3
270,23,0.00155038759689922,502.439250902451,0.93167509417956,3,0.00485900632373655,300,2242,14.9466666666667,25,2.39716833890747,0.0518971700672071,4,0.0499888517279822,-0.0362396286832829,2.39716833890747,1722,3
271,12,0.00135869565217391,133.555050362957,0.45627228417284,3,0.00278609355064155,300,2242,14.9466666666667,25,2.39716833890747,0.0518971700672071,4,0.0499888517279822,-0.0362396286832829,2.39716833890747,1722,3
272,16,0.00139275766016713,214.91159260704,0.600611936908419,3,0.00355487359148609,300,2242,14.9466666666667,25,2.39716833890747,0.0518971700672071,4,0.0499888517279822,-0.0362396286832829,2.39716833890747,1722,3
273,10,0.00130548302872063,85.2559930967571,0.392261041210965,3,0.00240543153408482,300,2242,14.9466666666667,25,2.39716833890747,0.0518971700672071,4,0.0499888517279822,-0.0362396286832829,2.39716833890747,1722,3
274,12,0.00137174211248285,108.231560703788,0.533764242109724,3,0.00273677517238221,300,2242,14.9466666666667,25,2.39716833890747,0.0518971700672071,4,0.0499888517279822,-0.0362396286832829,2.39716833890747,1722,3
275,7,0.00123152709359606,38.155188367293,0.242389117031831,4,0.0018545376089415,300,2242,14.9466666666667,25,2.39716833890747,0.0518971700672071,4,0.0499888517279822,-0.0362396286832829,2.39716833890747,1722,3
276,17,0.00144092219020173,242.377045146751,0.691374453296398,3,0.00370098632455598,300,2242,14.9466666666667,25,2.39716833890747,0.0518971700672071,4,0.0499888517279822,-0.0362396286832829,2.39716833890747,1722,3
277,21,0.00149253731343284,408.107945405851,0.814874695014567,3,0.00449442751874092,300,2242,14.9466666666667,25,2.39716833890747,0.0518971700672071,4,0.0499888517279822,-0.0362396286832829,2.39716833890747,1722,3
278,19,0.00146412884333821,287.653555637897,0.815516237650958,3,0.00405086819778474,300,2242,14.9466666666667,25,2.39716833890747,0.0518971700672071,4,0.0499888517279822,-0.0362396286832829,2.39716833890747,1722,3
279,11,0.0013262599469496,107.884441206421,0.420204894699472,4,0.00259241281533807,300,2242,14.9466666666667,25,2.39716833890747,0.0518971700672071,4,0.0499888517279822,-0.0362396286832829,2.39716833890747,1722,3
280,19,0.00146842878120411,299.028962092696,0.778821767507543,3,0.00407131235075275,300,2242,14.9466666666667,25,2.39716833890747,0.0518971700672071,4,0.0499888517279822,-0.0362396286832829,2.39716833890747,1722,3
281,13,0.00135685210312076,127.142273879227,0.547016965303223,3,0.00293196882197177,300,2242,14.9466666666667,25,2.39716833890747,0.0518971700672071,4,0.0499888517279822,-0.0362396286832829,2.39716833890747,1722,3
282,13,0.00138121546961326,147.2757169246,0.53217719877116,3,0.00295288472502109,300,2242,14.9466666666667,25,2.39716833890747,0.0518971700672071,4,0.0499888517279822,-0.0362396286832829,2.39716833890747,1722,3
283,17,0.00141643059490085,267.543699114085,0.655384343052255,3,0.00374312953905368,300,2242,14.9466666666667,25,2.39716833890747,0.0518971700672071,4,0.0499888517279822,-0.0362396286832829,2.39716833890747,1722,3
284,11,0.00134770889487871,98.8826721275876,0.46696078040479,3,0.00255487308916293,300,2242,14.9466666666667,25,2.39716833890747,0.0518971700672071,4,0.0499888517279822,-0.0362396286832829,2.39716833890747,1722,3
285,14,0.00138504155124654,186.155951170183,0.543424953958329,3,0.00315230489103176,300,2242,14.9466666666667,25,2.39716833890747,0.0518971700672071,4,0.0499888517279822,-0.0362396286832829,2.39716833890747,1722,3
286,10,0.00131406044678055,94.3192624423817,0.366602011012451,4,0.00240935579638544,300,2242,14.9466666666667,25,2.39716833890747,0.0518971700672071,4,0.0499888517279822,-0.0362396286832829,2.39716833890747,1722,3
287,16,0.00142247510668563,246.299639807136,0.594800628599915,3,0.00355602441934693,300,2242,14.9466666666667,25,2.39716833890747,0.0518971700672071,4,0.0499888517279822,-0.0362396286832829,2.39716833890747,1722,3
288,17,0.00144717800289436,250.115989337212,0.703856463434652,3,0.00369582188974608,300,2242,14.9466666666667,25,2.39716833890747,0.0518971700672071,4,0.0499888517279822,-0.0362396286832829,2.39716833890747,1722,3
289,20,0.00146842878120411,369.212148351393,0.786307344059638,3,0.00430203466154202,300,2242,14.9466666666667,25,2.39716833890747,0.0518971700672071,4,0.0499888517279822,-0.0362396286832829,2.39716833890747,1722,3
290,16,0.00140646976090014,223.799620449777,0.61565591903837,3,0.0035397893971294,300,2242,14.9466666666667,25,2.39716833890747,0.0518971700672071,4,0.0499888517279822,-0.0362396286832829,2.39716833890747,1722,3
291,16,0.0014367816091954,241.474593512546,0.629498762161668,3,0.00353813067000533,300,2242,14.9466666666667,25,2.39716833890747,0.0518971700672071,4,0.0499888517279822,-0.0362396286832829,2.39716833890747,1722,3
292,11,0.00134589502018843,93.8701878985296,0.477250789201681,3,0.00256596947739192,300,2242,14.9466666666667,25,2.39716833890747,0.0518971700672071,4,0.0499888517279822,-0.0362396286832829,2.39716833890747,1722,3
293,13,0.00137741046831956,134.420784790446,0.533977382329196,3,0.00293467840167415,300,2242,14.9466666666667,25,2.39716833890747,0.0518971700672071,4,0.0499888517279822,-0.0362396286832829,2.39716833890747,1722,3
294,10,0.00130039011703511,81.0288741258643,0.38814380622313,4,0.00240339760336166,300,2242,14.9466666666667,25,2.39716833890747,0.0518971700672071,4,0.0499888517279822,-0.0362396286832829,2.39716833890747,1722,3
295,11,0.00134048257372654,107.422950766141,0.43824689290802,3,0.0025851017131269,300,2242,14.9466666666667,25,2.39716833890747,0.0518971700672071,4,0.0499888517279822,-0.0362396286832829,2.39716833890747,1722,3
296,19,0.00143884892086331,344.870522250642,0.694558501722798,3,0.00414916631760481,300,2242,14.9466666666667,25,2.39716833890747,0.0518971700672071,4,0.0499888517279822,-0.0362396286832829,2.39716833890747,1722,3
297,18,0.00145772594752187,320.514765596336,0.710795751317404,3,0.00392814441111076,300,2242,14.9466666666667,25,2.39716833890747,0.0518971700672071,4,0.0499888517279822,-0.0362396286832829,2.39716833890747,1722,3
298,14,0.00137362637362637,170.048953118941,0.538081176367837,3,0.00315577529058702,300,2242,14.9466666666667,25,2.39716833890747,0.0518971700672071,4,0.0499888517279822,-0.0362396286832829,2.39716833890747,1722,3
299,15,0.00140252454417952,218.271121737616,0.57430011403332,3,0.00337742965262495,300,2242,14.9466666666667,25,2.39716833890747,0.0518971700672071,4,0.0499888517279822,-0.0362396286832829,2.39716833890747,1722,3
300,15,0.0013986013986014,162.953896801986,0.635120430733693,3,0.0033100039228755,300,2242,14.9466666666667,25,2.39716833890747,0.0518971700672071,4,0.0499888517279822,-0.0362396286832829,2.39716833890747,1722,3
