x
{"experiment":"Resilience experiment on Scale free graph generate_scale_free(size=10,preference=1)","uuid":"d5ea9bf2-f391-45f6-986a-4ad2d568c0a4","seed":"2","time":"6.67076110839844","date":"Wed Dec  5 22:43:31 2018","resilience":"4","nodes":[1]}
x
{"experiment":"Resilience experiment on Scale free graph generate_scale_free(size=10,preference=1)","uuid":"c0a3958d-95ab-4c4c-b8e8-703cc71a090b","seed":"30","time":"5.28580570220947","date":"Wed Dec  5 22:43:36 2018","resilience":"3","nodes":[2]}
x
{"experiment":"Resilience experiment on Scale free graph generate_scale_free(size=10,preference=1)","uuid":"2d610dc2-90a6-4c75-a4d3-f32e98ea3f14","seed":"500","time":"5.22073817253113","date":"Wed Dec  5 22:43:42 2018","resilience":"5","nodes":[3]}
x
{"experiment":"Resilience experiment on Scale free graph generate_scale_free(size=10,preference=1)","uuid":"af67c635-0065-476a-a336-0806b30322c8","seed":"7000","time":"5.24798631668091","date":"Wed Dec  5 22:43:47 2018","resilience":"3","nodes":[1]}
x
{"experiment":"Resilience experiment on Scale free graph generate_scale_free(size=10,preference=1)","uuid":"48eacf6c-86a3-4ed5-b465-f76cfcd1eceb","seed":"110000","time":"7.20570802688599","date":"Wed Dec  5 22:43:54 2018","resilience":"5","nodes":[1]}
x
{"experiment":"Resilience experiment on Scale free graph generate_scale_free(size=10,preference=1)","uuid":"733f70c5-d284-4579-85a4-6f0b555beac0","seed":"1300000","time":"5.25624966621399","date":"Wed Dec  5 22:43:59 2018","resilience":"3","nodes":[3]}
x
{"experiment":"Resilience experiment on Small world graph generate_small_world(size=10,probability=0.1)","uuid":"11944c0d-b387-4189-8ee6-5f4b7cd26816","seed":"2","time":"5.21445846557617","date":"Wed Dec  5 22:44:05 2018","resilience":"2","nodes":[1]}
x
{"experiment":"Resilience experiment on Small world graph generate_small_world(size=10,probability=0.1)","uuid":"38cd7e28-796e-4549-bd40-1c49c97fa7f1","seed":"30","time":"5.17435956001282","date":"Wed Dec  5 22:44:10 2018","resilience":"2","nodes":[10]}
x
{"experiment":"Resilience experiment on Small world graph generate_small_world(size=10,probability=0.1)","uuid":"7e0ba998-8f8f-4e8f-bb43-63dc27ba11ef","seed":"500","time":"5.17344808578491","date":"Wed Dec  5 22:44:15 2018","resilience":"4","nodes":[6]}
x
{"experiment":"Resilience experiment on Small world graph generate_small_world(size=10,probability=0.1)","uuid":"5cf13aa7-53dc-4b7f-93fd-8a35110425e4","seed":"7000","time":"5.15857219696045","date":"Wed Dec  5 22:44:20 2018","resilience":"3","nodes":[3]}
x
{"experiment":"Resilience experiment on Small world graph generate_small_world(size=10,probability=0.1)","uuid":"8178d63d-4b2e-41e4-8031-65b226760ac4","seed":"110000","time":"5.22590351104736","date":"Wed Dec  5 22:44:25 2018","resilience":"2","nodes":[2]}
x
{"experiment":"Resilience experiment on Small world graph generate_small_world(size=10,probability=0.1)","uuid":"d2acaa2a-f9d4-438a-8499-e8412b4fc102","seed":"1300000","time":"5.16213917732239","date":"Wed Dec  5 22:44:30 2018","resilience":"2","nodes":[5]}
x
{"experiment":"Resilience experiment on Holme and Kim graph generate_holme_kim(size=10,probability=0.1)","uuid":"bdd15c93-0e0a-4767-b28a-25dc692c0c88","seed":"2","time":"5.31594491004944","date":"Wed Dec  5 22:44:36 2018","resilience":"9","nodes":[1]}
x
{"experiment":"Resilience experiment on Holme and Kim graph generate_holme_kim(size=10,probability=0.1)","uuid":"da51c24e-11b2-4e69-84ea-0b0a1f54d341","seed":"30","time":"5.19697260856628","date":"Wed Dec  5 22:44:41 2018","resilience":"9","nodes":[1]}
x
{"experiment":"Resilience experiment on Holme and Kim graph generate_holme_kim(size=10,probability=0.1)","uuid":"2a113a10-c532-4ba1-8022-da974f12315a","seed":"500","time":"5.27802062034607","date":"Wed Dec  5 22:44:46 2018","resilience":"9","nodes":[1]}
x
{"experiment":"Resilience experiment on Holme and Kim graph generate_holme_kim(size=10,probability=0.1)","uuid":"2b53b25d-301f-4375-acdd-9b31d76fa563","seed":"7000","time":"5.22329306602478","date":"Wed Dec  5 22:44:52 2018","resilience":"7","nodes":[3]}
x
{"experiment":"Resilience experiment on Holme and Kim graph generate_holme_kim(size=10,probability=0.1)","uuid":"4a947b21-0938-4ce3-a5b9-bf5ac2f8d2d8","seed":"110000","time":"5.24056887626648","date":"Wed Dec  5 22:44:57 2018","resilience":"9","nodes":[1]}
x
{"experiment":"Resilience experiment on Holme and Kim graph generate_holme_kim(size=10,probability=0.1)","uuid":"70d91047-2dad-4573-8896-709f886a21b3","seed":"1300000","time":"5.14220476150513","date":"Wed Dec  5 22:45:02 2018","resilience":"9","nodes":[1]}
x
{"experiment":"Resilience experiment on Scale free graph generate_scale_free(size=15,preference=1)","uuid":"80ecaa9c-0ae3-460f-9a82-9fdd14c32536","seed":"2","time":"5.14351606369019","date":"Wed Dec  5 22:50:44 2018","resilience":"7","nodes":[1]}
x
{"experiment":"Resilience experiment on Scale free graph generate_scale_free(size=15,preference=1)","uuid":"4202bdff-2b0d-42c4-b398-5ff7cd0ea122","seed":"30","time":"5.58066725730896","date":"Wed Dec  5 22:50:49 2018","resilience":"10","nodes":[1]}
x
{"experiment":"Resilience experiment on Scale free graph generate_scale_free(size=15,preference=1)","uuid":"5e3169bd-d197-45d9-b686-b699a32ceafd","seed":"500","time":"5.29667234420776","date":"Wed Dec  5 22:50:54 2018","resilience":"14","nodes":[1]}
x
{"experiment":"Resilience experiment on Scale free graph generate_scale_free(size=15,preference=1)","uuid":"4f30c48e-3449-42c6-9ddc-85f55723e385","seed":"7000","time":"5.32516694068909","date":"Wed Dec  5 22:51:00 2018","resilience":"6","nodes":[1]}
x
{"experiment":"Resilience experiment on Scale free graph generate_scale_free(size=15,preference=1)","uuid":"47062eef-6bab-444a-8d2a-5d2b0135a5d3","seed":"110000","time":"5.35263419151306","date":"Wed Dec  5 22:51:05 2018","resilience":"8","nodes":[1]}
x
{"experiment":"Resilience experiment on Scale free graph generate_scale_free(size=15,preference=1)","uuid":"2e36b84b-6972-46d0-a7bb-2c4d4e04d932","seed":"1300000","time":"5.38061213493347","date":"Wed Dec  5 22:51:11 2018","resilience":"12","nodes":[1]}
x
{"experiment":"Resilience experiment on Small world graph generate_small_world(size=15,probability=0.1)","uuid":"ba6f6a44-faef-4464-badb-0dc87deabbc2","seed":"2","time":"5.36896276473999","date":"Wed Dec  5 22:51:16 2018","resilience":"6","nodes":[1]}
x
{"experiment":"Resilience experiment on Small world graph generate_small_world(size=15,probability=0.1)","uuid":"f484f0a4-01a0-43e3-9136-2f3b2cb7b78b","seed":"30","time":"5.38410115242004","date":"Wed Dec  5 22:51:21 2018","resilience":"13","nodes":[1]}
x
{"experiment":"Resilience experiment on Small world graph generate_small_world(size=15,probability=0.1)","uuid":"d38a8346-141a-496c-9c73-d12db40fab32","seed":"500","time":"5.33658981323242","date":"Wed Dec  5 22:51:27 2018","resilience":"11","nodes":[1]}
x
{"experiment":"Resilience experiment on Small world graph generate_small_world(size=15,probability=0.1)","uuid":"ddac65f9-26ba-42de-b14a-a9171460e83e","seed":"7000","time":"5.31133699417114","date":"Wed Dec  5 22:51:32 2018","resilience":"9","nodes":[1]}
x
{"experiment":"Resilience experiment on Small world graph generate_small_world(size=15,probability=0.1)","uuid":"0871af40-7894-4fc2-b445-08dcf4736949","seed":"110000","time":"5.32624101638794","date":"Wed Dec  5 22:51:37 2018","resilience":"6","nodes":[1]}
x
{"experiment":"Resilience experiment on Small world graph generate_small_world(size=15,probability=0.1)","uuid":"afb3307c-76c9-4864-9c9f-0e46abb29c4f","seed":"1300000","time":"5.34055757522583","date":"Wed Dec  5 22:51:43 2018","resilience":"6","nodes":[1]}
x
{"experiment":"Resilience experiment on Holme and Kim graph generate_holme_kim(size=15,probability=0.1)","uuid":"a15cc76a-fa7a-4927-9f58-5a99cd3e9370","seed":"2","time":"4.66147136688232","date":"Wed Dec  5 22:51:47 2018","resilience":"14","nodes":[1]}
x
{"experiment":"Resilience experiment on Holme and Kim graph generate_holme_kim(size=15,probability=0.1)","uuid":"cb599f7a-b3df-496d-b7b7-fd2fcb7b4fd0","seed":"30","time":"5.33960795402527","date":"Wed Dec  5 22:51:53 2018","resilience":"14","nodes":[1]}
x
{"experiment":"Resilience experiment on Holme and Kim graph generate_holme_kim(size=15,probability=0.1)","uuid":"8c98b40f-df84-4b43-a526-501a27a0216d","seed":"500","time":"5.12853336334229","date":"Wed Dec  5 22:51:58 2018","resilience":"14","nodes":[1]}
x
{"experiment":"Resilience experiment on Holme and Kim graph generate_holme_kim(size=15,probability=0.1)","uuid":"f725d559-8cd6-4533-b51c-dcdaed238420","seed":"7000","time":"5.24538159370422","date":"Wed Dec  5 22:52:03 2018","resilience":"14","nodes":[1]}
x
{"experiment":"Resilience experiment on Holme and Kim graph generate_holme_kim(size=15,probability=0.1)","uuid":"8d6ddaeb-44ca-4f01-b6ee-dfe392e31780","seed":"110000","time":"5.32785105705261","date":"Wed Dec  5 22:52:09 2018","resilience":"14","nodes":[1]}
x
{"experiment":"Resilience experiment on Holme and Kim graph generate_holme_kim(size=15,probability=0.1)","uuid":"322591ed-a12a-4c59-a445-1b0a99048e69","seed":"1300000","time":"5.45182251930237","date":"Wed Dec  5 22:52:14 2018","resilience":"14","nodes":[1]}
x
{"experiment":"Resilience experiment on Scale free graph generate_scale_free(size=20,preference=1)","uuid":"b9c76728-f532-4e9d-a484-ead31f79a287","seed":"2","time":"5.40481400489807","date":"Wed Dec  5 22:52:19 2018","resilience":"4","nodes":[2,6]}
x
{"experiment":"Resilience experiment on Scale free graph generate_scale_free(size=20,preference=1)","uuid":"cf486ffb-1e5b-4731-9e14-58e9166f832a","seed":"30","time":"5.37944388389587","date":"Wed Dec  5 22:52:25 2018","resilience":"3","nodes":[1,2]}
x
{"experiment":"Resilience experiment on Scale free graph generate_scale_free(size=20,preference=1)","uuid":"805e1a08-af1c-4e98-90c3-fcecbfa3421b","seed":"500","time":"5.48952388763428","date":"Wed Dec  5 22:52:30 2018","resilience":"6","nodes":[2,4]}
x
{"experiment":"Resilience experiment on Scale free graph generate_scale_free(size=20,preference=1)","uuid":"032c9e40-0c36-4a01-a128-b6a821249dc7","seed":"7000","time":"5.53282165527344","date":"Wed Dec  5 22:52:36 2018","resilience":"6","nodes":[1,7]}
x
{"experiment":"Resilience experiment on Scale free graph generate_scale_free(size=20,preference=1)","uuid":"67b89cfd-9f37-43ac-969e-06f973840012","seed":"110000","time":"5.40235543251038","date":"Wed Dec  5 22:52:41 2018","resilience":"4","nodes":[2,4]}
x
{"experiment":"Resilience experiment on Scale free graph generate_scale_free(size=20,preference=1)","uuid":"c1f70e50-7f55-4e62-b13a-bf2d778e940f","seed":"1300000","time":"5.45582675933838","date":"Wed Dec  5 22:52:47 2018","resilience":"5","nodes":[1,3]}
x
{"experiment":"Resilience experiment on Small world graph generate_small_world(size=20,probability=0.1)","uuid":"35c95027-60e2-48c3-b199-d2a64a7de8de","seed":"2","time":"5.24708294868469","date":"Wed Dec  5 22:52:52 2018","resilience":"5","nodes":[12,19]}
x
{"experiment":"Resilience experiment on Small world graph generate_small_world(size=20,probability=0.1)","uuid":"3f3cdc51-1d7f-4dfd-963b-d34eafcef72e","seed":"30","time":"5.383873462677","date":"Wed Dec  5 22:52:57 2018","resilience":"7","nodes":[2,7]}
x
{"experiment":"Resilience experiment on Small world graph generate_small_world(size=20,probability=0.1)","uuid":"78e085a0-17d1-42cf-a633-18055b551874","seed":"500","time":"5.34145760536194","date":"Wed Dec  5 22:53:03 2018","resilience":"8","nodes":[6,9]}
x
{"experiment":"Resilience experiment on Small world graph generate_small_world(size=20,probability=0.1)","uuid":"3b112835-254b-4e02-a39d-8bb2b314cdcf","seed":"7000","time":"5.36483693122864","date":"Wed Dec  5 22:53:08 2018","resilience":"11","nodes":[5,8]}
x
{"experiment":"Resilience experiment on Small world graph generate_small_world(size=20,probability=0.1)","uuid":"b1d5b02a-fa37-4923-8b55-2836d68859ed","seed":"110000","time":"5.24594759941101","date":"Wed Dec  5 22:53:13 2018","resilience":"5","nodes":[2,15]}
x
{"experiment":"Resilience experiment on Small world graph generate_small_world(size=20,probability=0.1)","uuid":"d764fbe4-2147-4c91-b773-57c15d7e33e8","seed":"1300000","time":"5.36361646652222","date":"Wed Dec  5 22:53:19 2018","resilience":"7","nodes":[5,18]}
x
{"experiment":"Resilience experiment on Holme and Kim graph generate_holme_kim(size=20,probability=0.1)","uuid":"5c27bb86-8c23-4678-bc0b-4d12810f6d6b","seed":"2","time":"5.35840010643005","date":"Wed Dec  5 22:53:24 2018","resilience":"15","nodes":[3,4]}
x
{"experiment":"Resilience experiment on Holme and Kim graph generate_holme_kim(size=20,probability=0.1)","uuid":"f7267a23-d97c-490d-b80c-52d624d0c73f","seed":"30","time":"5.3019688129425","date":"Wed Dec  5 22:53:30 2018","resilience":"16","nodes":[1,2]}
x
{"experiment":"Resilience experiment on Holme and Kim graph generate_holme_kim(size=20,probability=0.1)","uuid":"b8cce066-40e4-48ac-b97e-0d8ec8fb46de","seed":"500","time":"5.58439064025879","date":"Wed Dec  5 22:53:35 2018","resilience":"14","nodes":[3,5]}
x
{"experiment":"Resilience experiment on Holme and Kim graph generate_holme_kim(size=20,probability=0.1)","uuid":"75cc4536-efef-44ae-a7e0-d4869ba78418","seed":"7000","time":"5.32232069969177","date":"Wed Dec  5 22:53:41 2018","resilience":"15","nodes":[3,4]}
x
{"experiment":"Resilience experiment on Holme and Kim graph generate_holme_kim(size=20,probability=0.1)","uuid":"945fd5bc-5fcb-4046-8b23-6a05cf58a9e4","seed":"110000","time":"5.22824740409851","date":"Wed Dec  5 22:53:46 2018","resilience":"14","nodes":[3,7]}
x
{"experiment":"Resilience experiment on Holme and Kim graph generate_holme_kim(size=20,probability=0.1)","uuid":"0b351fb3-fd94-4f29-95e5-588b81ed49e1","seed":"1300000","time":"5.40106773376465","date":"Wed Dec  5 22:53:51 2018","resilience":"15","nodes":[6,9]}
x
{"experiment":"Resilience experiment on Scale free graph generate_scale_free(size=25,preference=1)","uuid":"709f7832-4245-4a67-9e9e-7bdca76ffe9e","seed":"2","time":"5.35311007499695","date":"Wed Dec  5 22:53:57 2018","resilience":"5","nodes":[2,6]}
x
{"experiment":"Resilience experiment on Scale free graph generate_scale_free(size=25,preference=1)","uuid":"a4e3cc8e-12be-4715-8f92-f7fc5501dbbc","seed":"30","time":"5.53524255752563","date":"Wed Dec  5 22:54:02 2018","resilience":"4","nodes":[1,2]}
x
{"experiment":"Resilience experiment on Scale free graph generate_scale_free(size=25,preference=1)","uuid":"29fbd8ae-49f2-41d9-8a6d-80314be1a99d","seed":"500","time":"5.57567954063416","date":"Wed Dec  5 22:54:08 2018","resilience":"8","nodes":[2,4]}
x
{"experiment":"Resilience experiment on Scale free graph generate_scale_free(size=25,preference=1)","uuid":"f83f904c-2967-4994-8eb5-da87ebefd7ad","seed":"7000","time":"5.42794227600098","date":"Wed Dec  5 22:54:13 2018","resilience":"7","nodes":[1,7]}
x
{"experiment":"Resilience experiment on Scale free graph generate_scale_free(size=25,preference=1)","uuid":"e9ce4c6c-6c5e-47a0-9272-e3ef7aa862fc","seed":"110000","time":"5.56419229507446","date":"Wed Dec  5 22:54:19 2018","resilience":"5","nodes":[2,4]}
x
{"experiment":"Resilience experiment on Scale free graph generate_scale_free(size=25,preference=1)","uuid":"5eb37f67-2ba0-41a5-8b18-1786a7fac925","seed":"1300000","time":"5.36146593093872","date":"Wed Dec  5 22:54:24 2018","resilience":"6","nodes":[1,3]}
x
{"experiment":"Resilience experiment on Small world graph generate_small_world(size=25,probability=0.1)","uuid":"0aba110b-2b54-4b52-8749-69484c27f390","seed":"2","time":"5.43438625335693","date":"Wed Dec  5 22:54:30 2018","resilience":"10","nodes":[9,12]}
x
{"experiment":"Resilience experiment on Small world graph generate_small_world(size=25,probability=0.1)","uuid":"c3248981-ff38-40c8-afd8-3901538e8369","seed":"30","time":"5.59846782684326","date":"Wed Dec  5 22:54:35 2018","resilience":"16","nodes":[7,9]}
x
{"experiment":"Resilience experiment on Small world graph generate_small_world(size=25,probability=0.1)","uuid":"29c3f8bc-7267-4f6a-b33d-ea71ed2b02ba","seed":"500","time":"5.44791841506958","date":"Wed Dec  5 22:54:41 2018","resilience":"13","nodes":[10,13]}
x
{"experiment":"Resilience experiment on Small world graph generate_small_world(size=25,probability=0.1)","uuid":"780e6f0e-5e3e-4dff-9eaf-fe78c3651e73","seed":"7000","time":"5.50071334838867","date":"Wed Dec  5 22:54:46 2018","resilience":"15","nodes":[5,18]}
x
{"experiment":"Resilience experiment on Small world graph generate_small_world(size=25,probability=0.1)","uuid":"8e3d0019-b129-4c5b-a45d-5c50791ec6d5","seed":"110000","time":"5.44848108291626","date":"Wed Dec  5 22:54:52 2018","resilience":"18","nodes":[2,23]}
x
{"experiment":"Resilience experiment on Small world graph generate_small_world(size=25,probability=0.1)","uuid":"d5f301c2-eb47-439a-847f-e9d9be2a1e8f","seed":"1300000","time":"5.48590111732483","date":"Wed Dec  5 22:54:57 2018","resilience":"16","nodes":[7,18]}
x
{"experiment":"Resilience experiment on Holme and Kim graph generate_holme_kim(size=25,probability=0.1)","uuid":"1e3ff1a7-2730-470c-9423-7aa2a55f4ae3","seed":"2","time":"5.52647113800049","date":"Wed Dec  5 22:55:03 2018","resilience":"20","nodes":[2,3]}
x
{"experiment":"Resilience experiment on Holme and Kim graph generate_holme_kim(size=25,probability=0.1)","uuid":"5e580b28-74a3-4caa-80e6-0ef8585d963b","seed":"30","time":"5.4553656578064","date":"Wed Dec  5 22:55:08 2018","resilience":"20","nodes":[3,6]}
x
{"experiment":"Resilience experiment on Holme and Kim graph generate_holme_kim(size=25,probability=0.1)","uuid":"1a56c260-9322-44e1-8831-61168233b1a4","seed":"500","time":"5.44462108612061","date":"Wed Dec  5 22:55:14 2018","resilience":"19","nodes":[4,9]}
x
{"experiment":"Resilience experiment on Holme and Kim graph generate_holme_kim(size=25,probability=0.1)","uuid":"053e51f1-a8bb-4ab1-ba11-5359303f1363","seed":"7000","time":"5.6311571598053","date":"Wed Dec  5 22:55:19 2018","resilience":"22","nodes":[2,8]}
x
{"experiment":"Resilience experiment on Holme and Kim graph generate_holme_kim(size=25,probability=0.1)","uuid":"518bc6d0-f7ba-4fcd-a359-fd1f416661fb","seed":"110000","time":"5.3972761631012","date":"Wed Dec  5 22:55:25 2018","resilience":"20","nodes":[3,10]}
x
{"experiment":"Resilience experiment on Holme and Kim graph generate_holme_kim(size=25,probability=0.1)","uuid":"e2149763-cf87-4af9-8c43-223101a04183","seed":"1300000","time":"5.50869631767273","date":"Wed Dec  5 22:55:30 2018","resilience":"20","nodes":[1,3]}
x
{"experiment":"Resilience experiment on Scale free graph generate_scale_free(size=30,preference=1)","uuid":"75ed0178-5fe4-4283-95d3-f959d6fd3624","seed":"2","time":"7.17855954170227","date":"Wed Dec  5 22:55:37 2018","resilience":"5","nodes":[2,6,7]}
x
{"experiment":"Resilience experiment on Scale free graph generate_scale_free(size=30,preference=1)","uuid":"82db9a5b-b865-4779-9adf-b2e929b0cdbb","seed":"30","time":"7.40358018875122","date":"Wed Dec  5 22:55:45 2018","resilience":"4","nodes":[1,2,10]}
x
{"experiment":"Resilience experiment on Scale free graph generate_scale_free(size=30,preference=1)","uuid":"174ee0a7-431e-4384-9b52-c0bb5abf0938","seed":"500","time":"7.25522422790527","date":"Wed Dec  5 22:55:52 2018","resilience":"5","nodes":[2,4,10]}
x
{"experiment":"Resilience experiment on Scale free graph generate_scale_free(size=30,preference=1)","uuid":"0bff0a6b-5b68-469f-b4db-39f1ed1817c3","seed":"7000","time":"7.21336531639099","date":"Wed Dec  5 22:55:59 2018","resilience":"5","nodes":[1,7,13]}
x
{"experiment":"Resilience experiment on Scale free graph generate_scale_free(size=30,preference=1)","uuid":"c6babf89-aaa6-4d1a-9b8e-318e20f63eee","seed":"110000","time":"7.36510181427002","date":"Wed Dec  5 22:56:07 2018","resilience":"6","nodes":[1,2,4]}
x
{"experiment":"Resilience experiment on Scale free graph generate_scale_free(size=30,preference=1)","uuid":"9fbb52ca-4338-46ec-b611-2a119dd6d17e","seed":"1300000","time":"7.39969396591187","date":"Wed Dec  5 22:56:14 2018","resilience":"5","nodes":[1,3,7]}
x
{"experiment":"Resilience experiment on Small world graph generate_small_world(size=30,probability=0.1)","uuid":"07d93cd0-eef2-4d96-bc29-7bbe6029aaaf","seed":"2","time":"7.33457183837891","date":"Wed Dec  5 22:56:22 2018","resilience":"23","nodes":[2,9,29]}
x
{"experiment":"Resilience experiment on Small world graph generate_small_world(size=30,probability=0.1)","uuid":"07bfc644-8ac9-41bd-ac3c-cd9b65330fe2","seed":"30","time":"7.42200589179993","date":"Wed Dec  5 22:56:29 2018","resilience":"19","nodes":[9,11,30]}
x
{"experiment":"Resilience experiment on Small world graph generate_small_world(size=30,probability=0.1)","uuid":"01cf1983-33c9-45c7-8bb1-a6bc11a48c0e","seed":"500","time":"7.5045018196106","date":"Wed Dec  5 22:56:37 2018","resilience":"18","nodes":[4,5,29]}
x
{"experiment":"Resilience experiment on Small world graph generate_small_world(size=30,probability=0.1)","uuid":"a081d2b0-ba1a-420a-a547-11aa4ede819d","seed":"7000","time":"7.43139576911926","date":"Wed Dec  5 22:56:44 2018","resilience":"21","nodes":[5,8,29]}
x
{"experiment":"Resilience experiment on Small world graph generate_small_world(size=30,probability=0.1)","uuid":"f46ea022-aca7-4fb0-a581-0d7b9c8ad294","seed":"110000","time":"7.36176657676697","date":"Wed Dec  5 22:56:51 2018","resilience":"18","nodes":[6,8,9]}
x
{"experiment":"Resilience experiment on Small world graph generate_small_world(size=30,probability=0.1)","uuid":"a0944ec1-f078-44b6-85c0-37fa13c2a780","seed":"1300000","time":"7.33427762985229","date":"Wed Dec  5 22:56:59 2018","resilience":"20","nodes":[7,15,16]}
x
{"experiment":"Resilience experiment on Holme and Kim graph generate_holme_kim(size=30,probability=0.1)","uuid":"72afb714-1de9-4de6-b68b-1b662bf10819","seed":"2","time":"7.25847744941711","date":"Wed Dec  5 22:57:06 2018","resilience":"21","nodes":[1,3,5]}
x
{"experiment":"Resilience experiment on Holme and Kim graph generate_holme_kim(size=30,probability=0.1)","uuid":"ac6fcb91-7324-4759-92a0-669e1e12a7e2","seed":"30","time":"7.69912147521973","date":"Wed Dec  5 22:57:14 2018","resilience":"20","nodes":[1,3,4]}
x
{"experiment":"Resilience experiment on Holme and Kim graph generate_holme_kim(size=30,probability=0.1)","uuid":"4ab8c075-8896-4eb6-b198-dccf67635f05","seed":"500","time":"7.40768218040466","date":"Wed Dec  5 22:57:21 2018","resilience":"21","nodes":[1,2,4]}
x
{"experiment":"Resilience experiment on Holme and Kim graph generate_holme_kim(size=30,probability=0.1)","uuid":"780cdadd-0ef4-4fda-bdd7-5c62290de8a1","seed":"7000","time":"7.43418526649475","date":"Wed Dec  5 22:57:29 2018","resilience":"22","nodes":[4,6,8]}
x
{"experiment":"Resilience experiment on Holme and Kim graph generate_holme_kim(size=30,probability=0.1)","uuid":"a37b3474-455a-4579-b2bf-e0599ac8b8c3","seed":"110000","time":"7.43878817558289","date":"Wed Dec  5 22:57:36 2018","resilience":"18","nodes":[1,3,4]}
x
{"experiment":"Resilience experiment on Holme and Kim graph generate_holme_kim(size=30,probability=0.1)","uuid":"dddf625f-a6c0-47b8-b52a-ee085acff498","seed":"1300000","time":"7.21900153160095","date":"Wed Dec  5 22:57:43 2018","resilience":"20","nodes":[1,3,4]}
x
{"experiment":"Resilience experiment on Scale free graph generate_scale_free(size=35,preference=1)","uuid":"526549dc-892d-4505-af81-4d5eddfcd601","seed":"2","time":"30.9551458358765","date":"Wed Dec  5 22:58:14 2018","resilience":"14","nodes":[1,2,3]}
x
{"experiment":"Resilience experiment on Scale free graph generate_scale_free(size=35,preference=1)","uuid":"1b31179d-e7db-4834-8d04-d81fe797677f","seed":"30","time":"34.7397167682648","date":"Wed Dec  5 22:58:49 2018","resilience":"6","nodes":[1,2,3]}
x
{"experiment":"Resilience experiment on Scale free graph generate_scale_free(size=35,preference=1)","uuid":"47527514-e691-4fac-a420-b3a0ec9ccc3f","seed":"500","time":"33.9649596214294","date":"Wed Dec  5 22:59:23 2018","resilience":"18","nodes":[1,2,3]}
x
{"experiment":"Resilience experiment on Scale free graph generate_scale_free(size=35,preference=1)","uuid":"753d33cb-c1ac-488d-a733-e9830a5fad4a","seed":"7000","time":"34.9343173503876","date":"Wed Dec  5 22:59:58 2018","resilience":"14","nodes":[1,2,3]}
x
{"experiment":"Resilience experiment on Scale free graph generate_scale_free(size=35,preference=1)","uuid":"3e471190-15e8-48f9-86fb-38509e73e47e","seed":"110000","time":"33.9507360458374","date":"Wed Dec  5 23:00:32 2018","resilience":"20","nodes":[1,2,3]}
x
{"experiment":"Resilience experiment on Scale free graph generate_scale_free(size=35,preference=1)","uuid":"304cdbab-2489-457a-9128-e5a7bb108570","seed":"1300000","time":"34.9193708896637","date":"Wed Dec  5 23:01:07 2018","resilience":"9","nodes":[1,2,3]}
x
{"experiment":"Resilience experiment on Small world graph generate_small_world(size=35,probability=0.1)","uuid":"64ec07ec-0b61-4d69-957c-912859085c75","seed":"2","time":"34.0708730220795","date":"Wed Dec  5 23:01:41 2018","resilience":"32","nodes":[1,2,3]}
x
{"experiment":"Resilience experiment on Small world graph generate_small_world(size=35,probability=0.1)","uuid":"23d4ee88-49b3-4acf-978f-4122990cab58","seed":"30","time":"34.693859577179","date":"Wed Dec  5 23:02:16 2018","resilience":"32","nodes":[1,2,3]}
x
{"experiment":"Resilience experiment on Small world graph generate_small_world(size=35,probability=0.1)","uuid":"d2147759-ef0b-43db-8565-fb9506c4ba97","seed":"500","time":"33.9860310554504","date":"Wed Dec  5 23:02:50 2018","resilience":"32","nodes":[1,2,3]}
x
{"experiment":"Resilience experiment on Small world graph generate_small_world(size=35,probability=0.1)","uuid":"6ff45864-7f6d-44d4-a575-7bc0c5999ff2","seed":"7000","time":"34.1777801513672","date":"Wed Dec  5 23:03:24 2018","resilience":"31","nodes":[1,2,3]}
x
{"experiment":"Resilience experiment on Small world graph generate_small_world(size=35,probability=0.1)","uuid":"43bdf704-2738-4fd4-ba7e-d182313b0c46","seed":"110000","time":"33.3602502346039","date":"Wed Dec  5 23:03:57 2018","resilience":"32","nodes":[1,2,3]}
x
{"experiment":"Resilience experiment on Small world graph generate_small_world(size=35,probability=0.1)","uuid":"405e89ef-5aad-4bdb-aaf2-788bd2771db1","seed":"1300000","time":"33.6803331375122","date":"Wed Dec  5 23:04:31 2018","resilience":"31","nodes":[1,2,3]}
x
{"experiment":"Resilience experiment on Holme and Kim graph generate_holme_kim(size=35,probability=0.1)","uuid":"ec800f87-f315-452b-9bfe-cc68917bce38","seed":"2","time":"33.5798635482788","date":"Wed Dec  5 23:05:05 2018","resilience":"29","nodes":[1,2,3]}
x
{"experiment":"Resilience experiment on Holme and Kim graph generate_holme_kim(size=35,probability=0.1)","uuid":"1185002f-27a2-4673-b99c-ef98ab387c64","seed":"30","time":"33.2731835842133","date":"Wed Dec  5 23:05:38 2018","resilience":"29","nodes":[1,2,3]}
x
{"experiment":"Resilience experiment on Holme and Kim graph generate_holme_kim(size=35,probability=0.1)","uuid":"a9471840-31e4-4672-846a-61db5a40e53a","seed":"500","time":"33.4144117832184","date":"Wed Dec  5 23:06:11 2018","resilience":"31","nodes":[1,2,3]}
x
{"experiment":"Resilience experiment on Holme and Kim graph generate_holme_kim(size=35,probability=0.1)","uuid":"b4329e92-7da2-444f-8326-31ec728e7cec","seed":"7000","time":"33.3268642425537","date":"Wed Dec  5 23:06:45 2018","resilience":"32","nodes":[1,2,3]}
x
{"experiment":"Resilience experiment on Holme and Kim graph generate_holme_kim(size=35,probability=0.1)","uuid":"f090d0f6-ca75-4872-b457-7367e3f7f3dd","seed":"110000","time":"33.4989740848541","date":"Wed Dec  5 23:07:18 2018","resilience":"32","nodes":[1,2,3]}
x
{"experiment":"Resilience experiment on Holme and Kim graph generate_holme_kim(size=35,probability=0.1)","uuid":"a1fcb1b7-d713-4a98-ab1a-08263e3c2370","seed":"1300000","time":"34.0546221733093","date":"Wed Dec  5 23:07:52 2018","resilience":"31","nodes":[1,2,3]}
x
{"experiment":"Resilience experiment on Scale free graph generate_scale_free(size=40,preference=1)","uuid":"ca46497a-6601-44c4-a7f3-12812a883b5c","seed":"2","time":"57.6418380737305","date":"Wed Dec  5 23:08:50 2018","resilience":"6","nodes":[1,2,6,7]}
x
{"experiment":"Resilience experiment on Scale free graph generate_scale_free(size=40,preference=1)","uuid":"c07d89b5-f077-4365-82a8-3009f7347fc8","seed":"30","time":"63.5211143493652","date":"Wed Dec  5 23:09:53 2018","resilience":"4","nodes":[1,2,6,10]}
x
{"experiment":"Resilience experiment on Scale free graph generate_scale_free(size=40,preference=1)","uuid":"5fb80a19-306b-4ebe-b61c-bc39ff64e130","seed":"500","time":"64.6474289894104","date":"Wed Dec  5 23:10:58 2018","resilience":"5","nodes":[2,4,10,17]}
x
{"experiment":"Resilience experiment on Scale free graph generate_scale_free(size=40,preference=1)","uuid":"4a462906-a9f6-4f5f-9820-8afc9fa8fd7c","seed":"7000","time":"63.7004764080048","date":"Wed Dec  5 23:12:02 2018","resilience":"7","nodes":[1,2,7,11]}
x
{"experiment":"Resilience experiment on Scale free graph generate_scale_free(size=40,preference=1)","uuid":"75a9a745-9e4b-4fdd-ae05-8359b1a5fe6b","seed":"110000","time":"61.6041994094849","date":"Wed Dec  5 23:13:03 2018","resilience":"4","nodes":[1,3,4,8]}
x
{"experiment":"Resilience experiment on Scale free graph generate_scale_free(size=40,preference=1)","uuid":"92a54979-1c29-45d8-9d83-ced440020e81","seed":"1300000","time":"61.1703906059265","date":"Wed Dec  5 23:14:05 2018","resilience":"5","nodes":[1,2,3,8]}
x
{"experiment":"Resilience experiment on Small world graph generate_small_world(size=40,probability=0.1)","uuid":"e9dc8ae4-af2e-4f6e-b73d-3aa0060eac79","seed":"2","time":"62.1824636459351","date":"Wed Dec  5 23:15:07 2018","resilience":"31","nodes":[3,13,15,24]}
x
{"experiment":"Resilience experiment on Small world graph generate_small_world(size=40,probability=0.1)","uuid":"381c410e-e101-4288-964e-137bf479fe9c","seed":"30","time":"62.8826041221619","date":"Wed Dec  5 23:16:10 2018","resilience":"31","nodes":[15,22,27,36]}
x
{"experiment":"Resilience experiment on Small world graph generate_small_world(size=40,probability=0.1)","uuid":"10fefc4f-fc3e-426d-9a1c-012fc7d60d0c","seed":"500","time":"63.3754329681396","date":"Wed Dec  5 23:17:13 2018","resilience":"32","nodes":[3,10,11,14]}
x
{"experiment":"Resilience experiment on Small world graph generate_small_world(size=40,probability=0.1)","uuid":"b02fdb51-ff52-4280-83ca-3512f7ba7684","seed":"7000","time":"63.4604158401489","date":"Wed Dec  5 23:18:17 2018","resilience":"30","nodes":[5,15,26,29]}
x
{"experiment":"Resilience experiment on Small world graph generate_small_world(size=40,probability=0.1)","uuid":"50b21cf3-d87c-4b49-b014-be48971e37fe","seed":"110000","time":"61.4549312591553","date":"Wed Dec  5 23:19:18 2018","resilience":"32","nodes":[1,4,9,20]}
x
{"experiment":"Resilience experiment on Small world graph generate_small_world(size=40,probability=0.1)","uuid":"61b29996-2c1d-4dd1-bbf7-5c1b33bfa1b0","seed":"1300000","time":"62.3540410995483","date":"Wed Dec  5 23:20:20 2018","resilience":"30","nodes":[5,8,15,21]}
x
{"experiment":"Resilience experiment on Holme and Kim graph generate_holme_kim(size=40,probability=0.1)","uuid":"8ac0c730-79f8-4be6-94ed-1041e106cc87","seed":"2","time":"61.7610263824463","date":"Wed Dec  5 23:21:22 2018","resilience":"23","nodes":[3,6,7,8]}
x
{"experiment":"Resilience experiment on Holme and Kim graph generate_holme_kim(size=40,probability=0.1)","uuid":"beaab422-db9e-453d-bf32-303a68835109","seed":"30","time":"62.8779745101929","date":"Wed Dec  5 23:22:25 2018","resilience":"24","nodes":[3,4,5,10]}
x
{"experiment":"Resilience experiment on Holme and Kim graph generate_holme_kim(size=40,probability=0.1)","uuid":"ebe2ec11-34f5-4fc8-8c7e-2356f4e6bc62","seed":"500","time":"64.9033935070038","date":"Wed Dec  5 23:23:30 2018","resilience":"26","nodes":[1,5,9,10]}
x
{"experiment":"Resilience experiment on Holme and Kim graph generate_holme_kim(size=40,probability=0.1)","uuid":"e4f72c28-378a-45f5-a039-a4199c3a9ee6","seed":"7000","time":"61.5720436573029","date":"Wed Dec  5 23:24:32 2018","resilience":"27","nodes":[3,10,16,33]}
x
{"experiment":"Resilience experiment on Holme and Kim graph generate_holme_kim(size=40,probability=0.1)","uuid":"009a249d-803e-4324-afa7-05f210cebbad","seed":"110000","time":"62.5225305557251","date":"Wed Dec  5 23:25:34 2018","resilience":"29","nodes":[1,3,5,17]}
x
{"experiment":"Resilience experiment on Holme and Kim graph generate_holme_kim(size=40,probability=0.1)","uuid":"46c38a80-347a-4954-8ad8-1e4d97c40a92","seed":"1300000","time":"62.238942861557","date":"Wed Dec  5 23:26:36 2018","resilience":"21","nodes":[2,4,6,9]}
x
{"experiment":"Resilience experiment on Scale free graph generate_scale_free(size=45,preference=1)","uuid":"e1c1930f-7ec1-4c5d-8d13-b230310170c8","seed":"2","time":"103.250453710556","date":"Wed Dec  5 23:28:20 2018","resilience":"6","nodes":[1,2,6,7]}
x
{"experiment":"Resilience experiment on Scale free graph generate_scale_free(size=45,preference=1)","uuid":"11b9dc76-23d5-44cf-aaee-c4f1e0f96ae0","seed":"30","time":"123.12350487709","date":"Wed Dec  5 23:30:23 2018","resilience":"4","nodes":[1,2,10,15]}
x
{"experiment":"Resilience experiment on Scale free graph generate_scale_free(size=45,preference=1)","uuid":"bc04eee6-c109-4fc1-9b36-ca0cefbaa84a","seed":"500","time":"118.333327293396","date":"Wed Dec  5 23:32:21 2018","resilience":"5","nodes":[2,4,10,17]}
x
{"experiment":"Resilience experiment on Scale free graph generate_scale_free(size=45,preference=1)","uuid":"e5be9ddf-4221-4cc9-9e52-86d08bf1c433","seed":"7000","time":"120.741043329239","date":"Wed Dec  5 23:34:22 2018","resilience":"8","nodes":[1,2,7,11]}
x
{"experiment":"Resilience experiment on Scale free graph generate_scale_free(size=45,preference=1)","uuid":"0b9b6058-9e83-4322-b085-bfb9286b552f","seed":"110000","time":"121.873750448227","date":"Wed Dec  5 23:36:24 2018","resilience":"4","nodes":[1,3,4,8]}
x
{"experiment":"Resilience experiment on Scale free graph generate_scale_free(size=45,preference=1)","uuid":"c7d040ee-695a-43f4-91be-87a756eb6c26","seed":"1300000","time":"125.298413276672","date":"Wed Dec  5 23:38:29 2018","resilience":"5","nodes":[1,2,3,8]}
x
{"experiment":"Resilience experiment on Small world graph generate_small_world(size=45,probability=0.1)","uuid":"c0572b4d-d9d7-44f9-9a0b-03c4a3bcb115","seed":"2","time":"123.297248363495","date":"Wed Dec  5 23:40:32 2018","resilience":"37","nodes":[3,12,32,34]}
x
{"experiment":"Resilience experiment on Small world graph generate_small_world(size=45,probability=0.1)","uuid":"6cf6044f-0037-4495-b181-2df6fc798e9b","seed":"30","time":"122.367745637894","date":"Wed Dec  5 23:42:35 2018","resilience":"35","nodes":[1,2,16,31]}
x
{"experiment":"Resilience experiment on Small world graph generate_small_world(size=45,probability=0.1)","uuid":"fe3566cc-fa02-4e37-845b-dcc672f0d9e1","seed":"500","time":"127.748858690262","date":"Wed Dec  5 23:44:43 2018","resilience":"35","nodes":[4,10,18,24]}
x
{"experiment":"Resilience experiment on Small world graph generate_small_world(size=45,probability=0.1)","uuid":"924d71df-b89e-40b2-af5d-7db05e557999","seed":"7000","time":"127.10627746582","date":"Wed Dec  5 23:46:50 2018","resilience":"37","nodes":[1,4,20,42]}
x
{"experiment":"Resilience experiment on Small world graph generate_small_world(size=45,probability=0.1)","uuid":"1a4aefb9-9c9d-4226-99e6-b74238785d4d","seed":"110000","time":"122.619802474976","date":"Wed Dec  5 23:48:52 2018","resilience":"37","nodes":[8,13,15,30]}
x
{"experiment":"Resilience experiment on Small world graph generate_small_world(size=45,probability=0.1)","uuid":"79872856-976b-4614-b7e3-8a7b7aa45a12","seed":"1300000","time":"123.100518941879","date":"Wed Dec  5 23:50:55 2018","resilience":"37","nodes":[12,15,33,43]}
x
{"experiment":"Resilience experiment on Holme and Kim graph generate_holme_kim(size=45,probability=0.1)","uuid":"296793c3-faaa-42d5-9b83-085a1a655180","seed":"2","time":"124.21190905571","date":"Wed Dec  5 23:53:00 2018","resilience":"29","nodes":[3,6,8,9]}
x
{"experiment":"Resilience experiment on Holme and Kim graph generate_holme_kim(size=45,probability=0.1)","uuid":"c9ae64f1-6c48-4aeb-b7ef-7416a678a7f6","seed":"30","time":"121.71009016037","date":"Wed Dec  5 23:55:01 2018","resilience":"29","nodes":[3,4,9,31]}
x
{"experiment":"Resilience experiment on Holme and Kim graph generate_holme_kim(size=45,probability=0.1)","uuid":"7ea52470-bd30-4d57-ab85-904971e2243d","seed":"500","time":"123.315232992172","date":"Wed Dec  5 23:57:05 2018","resilience":"29","nodes":[3,4,5,33]}
x
{"experiment":"Resilience experiment on Holme and Kim graph generate_holme_kim(size=45,probability=0.1)","uuid":"5924c4cc-dee5-4884-9cc6-737366109794","seed":"7000","time":"121.105697631836","date":"Wed Dec  5 23:59:06 2018","resilience":"32","nodes":[1,4,7,11]}
x
{"experiment":"Resilience experiment on Holme and Kim graph generate_holme_kim(size=45,probability=0.1)","uuid":"84abeca1-f38d-4cf9-a0ee-1b94bf93823b","seed":"110000","time":"122.63352560997","date":"Thu Dec  6 00:01:09 2018","resilience":"31","nodes":[1,2,5,28]}
x
{"experiment":"Resilience experiment on Holme and Kim graph generate_holme_kim(size=45,probability=0.1)","uuid":"e7763a4c-9699-49fd-b6c5-169a94d4ec3e","seed":"1300000","time":"121.336809873581","date":"Thu Dec  6 00:03:10 2018","resilience":"26","nodes":[2,3,4,6]}
x
{"experiment":"Resilience experiment on Scale-free graph_generate_scale_free(size=100,preference=1)","uuid":"c2dbe80d-84d2-44a3-b8f0-5b0cdc4fa890","seed":"2","time":"0.675986766815186","date":"Thu Dec  6 02:23:15 2018","resilience":"19","nodes":[1,6,2]}
x
{"experiment":"Resilience experiment on Scale-free graph_generate_scale_free(size=100,preference=1)","uuid":"7d071690-9056-4fbb-af06-76a260c51cb1","seed":"30","time":"0.860455274581909","date":"Thu Dec  6 02:23:16 2018","resilience":"15","nodes":[2,6,1]}
x
{"experiment":"Resilience experiment on Scale-free graph_generate_scale_free(size=100,preference=1)","uuid":"caa9cd8a-43c4-4bdb-bd30-4b3276e5a37e","seed":"500","time":"0.860604047775269","date":"Thu Dec  6 02:23:17 2018","resilience":"17","nodes":[4,2,11]}
x
{"experiment":"Resilience experiment on Scale-free graph_generate_scale_free(size=100,preference=1)","uuid":"739a83c2-a228-45de-9e84-e22a84e3c032","seed":"7000","time":"0.85935378074646","date":"Thu Dec  6 02:23:18 2018","resilience":"23","nodes":[1,7,6]}
x
{"experiment":"Resilience experiment on Scale-free graph_generate_scale_free(size=100,preference=1)","uuid":"f925a397-7305-4410-ab39-62ee3cd0b39b","seed":"110000","time":"0.860108852386475","date":"Thu Dec  6 02:23:19 2018","resilience":"27","nodes":[4,2,6]}
x
{"experiment":"Resilience experiment on Scale-free graph_generate_scale_free(size=100,preference=1)","uuid":"b6c92366-4901-40ba-a183-9ce4684a568e","seed":"1300000","time":"0.872405052185059","date":"Thu Dec  6 02:23:20 2018","resilience":"22","nodes":[2,3,1]}
x
{"experiment":"Resilience experiment on Small world graph_generate_small_world(size=100,probability=0.025)","uuid":"b83ca84d-0a39-472b-8f4c-68117133feb3","seed":"2","time":"0.858018636703491","date":"Thu Dec  6 02:23:21 2018","resilience":"81","nodes":[9,78,43]}
x
{"experiment":"Resilience experiment on Small world graph_generate_small_world(size=100,probability=0.025)","uuid":"8e67068f-70a0-49e7-b08a-f595246c238b","seed":"30","time":"0.859665870666504","date":"Thu Dec  6 02:23:21 2018","resilience":"75","nodes":[64,10,49]}
x
{"experiment":"Resilience experiment on Small world graph_generate_small_world(size=100,probability=0.025)","uuid":"ff47ca28-3da0-419c-94cc-383362e651b4","seed":"500","time":"0.864173650741577","date":"Thu Dec  6 02:23:22 2018","resilience":"82","nodes":[78,6,68]}
x
{"experiment":"Resilience experiment on Small world graph_generate_small_world(size=100,probability=0.025)","uuid":"6c1df459-455b-4189-ab11-3690bc19ddd5","seed":"7000","time":"0.861352205276489","date":"Thu Dec  6 02:23:23 2018","resilience":"78","nodes":[21,51,81]}
x
{"experiment":"Resilience experiment on Small world graph_generate_small_world(size=100,probability=0.025)","uuid":"70ea16cf-f6b6-4a3b-9a4e-ec7066419951","seed":"110000","time":"0.869887351989746","date":"Thu Dec  6 02:23:24 2018","resilience":"72","nodes":[21,92,1]}
x
{"experiment":"Resilience experiment on Small world graph_generate_small_world(size=100,probability=0.025)","uuid":"ad861d6c-8a54-41cb-bf0d-295864413e7e","seed":"1300000","time":"0.873745441436768","date":"Thu Dec  6 02:23:25 2018","resilience":"82","nodes":[62,35,69]}
x
{"experiment":"Resilience experiment on Holme and Kim graph_generate_holme_kim(size=100,probability=0.025)","uuid":"0bc2ca61-1af2-4f33-86a9-b8d35fc8662b","seed":"2","time":"0.852399110794067","date":"Thu Dec  6 02:23:26 2018","resilience":"95","nodes":[1,2,9]}
x
{"experiment":"Resilience experiment on Holme and Kim graph_generate_holme_kim(size=100,probability=0.025)","uuid":"5340b6f5-f5cd-4944-a821-9c3667a69bd4","seed":"30","time":"0.865244388580322","date":"Thu Dec  6 02:23:27 2018","resilience":"94","nodes":[1,35,4]}
x
{"experiment":"Resilience experiment on Holme and Kim graph_generate_holme_kim(size=100,probability=0.025)","uuid":"b3a14eb1-0d26-4f9c-8255-59ec26024ab3","seed":"500","time":"0.863364458084106","date":"Thu Dec  6 02:23:28 2018","resilience":"94","nodes":[1,3,8]}
x
{"experiment":"Resilience experiment on Holme and Kim graph_generate_holme_kim(size=100,probability=0.025)","uuid":"b75cd38f-cf5a-4ab3-ada9-88a3db37c072","seed":"7000","time":"0.928279876708984","date":"Thu Dec  6 02:23:29 2018","resilience":"94","nodes":[1,2,3]}
x
{"experiment":"Resilience experiment on Holme and Kim graph_generate_holme_kim(size=100,probability=0.025)","uuid":"24732aeb-64f1-445a-9562-7b4927ff5f52","seed":"110000","time":"0.864180088043213","date":"Thu Dec  6 02:23:30 2018","resilience":"90","nodes":[1,15,5]}
x
{"experiment":"Resilience experiment on Holme and Kim graph_generate_holme_kim(size=100,probability=0.025)","uuid":"ac86f549-ac85-4a47-a8ea-6d0182d02ddd","seed":"1300000","time":"0.855290651321411","date":"Thu Dec  6 02:23:30 2018","resilience":"94","nodes":[1,9,3]}
x
{"experiment":"Resilience experiment on Scale-free graph_generate_scale_free(size=200,preference=1)","uuid":"1cc747f3-85c0-4a91-88ba-aff9864f85e7","seed":"2","time":"2.20469951629639","date":"Thu Dec  6 02:23:33 2018","resilience":"24","nodes":[6,2,1,7,13]}
x
{"experiment":"Resilience experiment on Scale-free graph_generate_scale_free(size=200,preference=1)","uuid":"d7bba55e-5742-4a3f-ac83-c634644ea67a","seed":"30","time":"2.25098156929016","date":"Thu Dec  6 02:23:35 2018","resilience":"23","nodes":[2,6,1,15,4]}
x
{"experiment":"Resilience experiment on Scale-free graph_generate_scale_free(size=200,preference=1)","uuid":"69ff560a-f29a-41f7-850e-ae45c0249a48","seed":"500","time":"2.18727612495422","date":"Thu Dec  6 02:23:37 2018","resilience":"25","nodes":[4,2,11,5,17]}
x
{"experiment":"Resilience experiment on Scale-free graph_generate_scale_free(size=200,preference=1)","uuid":"dfceda68-65ce-4faa-a098-6eda2ad012c4","seed":"7000","time":"2.19782209396362","date":"Thu Dec  6 02:23:39 2018","resilience":"24","nodes":[1,6,7,13,12]}
x
{"experiment":"Resilience experiment on Scale-free graph_generate_scale_free(size=200,preference=1)","uuid":"5e43bb13-7d5f-4589-ba67-bc342da128e7","seed":"110000","time":"2.24992418289185","date":"Thu Dec  6 02:23:42 2018","resilience":"33","nodes":[4,3,6,1,8]}
x
{"experiment":"Resilience experiment on Scale-free graph_generate_scale_free(size=200,preference=1)","uuid":"2ec1956e-530f-46ac-8ffb-97e8b2619bf8","seed":"1300000","time":"2.19400215148926","date":"Thu Dec  6 02:23:44 2018","resilience":"17","nodes":[2,3,1,8,20]}
x
{"experiment":"Resilience experiment on Small world graph_generate_small_world(size=200,probability=0.025)","uuid":"f5e1da42-d557-4105-ab0f-4b92c2f434f1","seed":"2","time":"2.34783315658569","date":"Thu Dec  6 02:23:46 2018","resilience":"190","nodes":[15,44,95,100,119]}
x
{"experiment":"Resilience experiment on Small world graph_generate_small_world(size=200,probability=0.025)","uuid":"86b24128-2ecd-4c88-99db-a64fd9b92e6f","seed":"30","time":"2.32115149497986","date":"Thu Dec  6 02:23:49 2018","resilience":"187","nodes":[26,95,102,135,145]}
x
{"experiment":"Resilience experiment on Small world graph_generate_small_world(size=200,probability=0.025)","uuid":"95ce8aaf-cebe-4d40-85a1-d673ec7cef32","seed":"500","time":"2.28823184967041","date":"Thu Dec  6 02:23:51 2018","resilience":"189","nodes":[20,33,81,123,136]}
x
{"experiment":"Resilience experiment on Small world graph_generate_small_world(size=200,probability=0.025)","uuid":"45cc6143-1057-4cb0-b801-1f94346585d1","seed":"7000","time":"2.33031225204468","date":"Thu Dec  6 02:23:53 2018","resilience":"189","nodes":[16,24,100,106,120]}
x
{"experiment":"Resilience experiment on Small world graph_generate_small_world(size=200,probability=0.025)","uuid":"04c481ca-0a73-4bfe-9b7c-c2ca34d319bc","seed":"110000","time":"2.3223934173584","date":"Thu Dec  6 02:23:56 2018","resilience":"188","nodes":[2,83,7,49,56]}
x
{"experiment":"Resilience experiment on Small world graph_generate_small_world(size=200,probability=0.025)","uuid":"4f5a7b75-ed94-44e9-8be8-484384c2b564","seed":"1300000","time":"2.27930021286011","date":"Thu Dec  6 02:23:58 2018","resilience":"188","nodes":[18,24,32,38,45]}
x
{"experiment":"Resilience experiment on Holme and Kim graph_generate_holme_kim(size=200,probability=0.025)","uuid":"500e7d9e-1e6f-49f8-8936-a4c8f33c23df","seed":"2","time":"2.27360057830811","date":"Thu Dec  6 02:24:00 2018","resilience":"183","nodes":[1,9,5,2,6]}
x
{"experiment":"Resilience experiment on Holme and Kim graph_generate_holme_kim(size=200,probability=0.025)","uuid":"40d2e903-5321-4c89-9619-f84c3fa7e2a4","seed":"30","time":"2.31696200370789","date":"Thu Dec  6 02:24:03 2018","resilience":"187","nodes":[1,3,4,7,21]}
x
{"experiment":"Resilience experiment on Holme and Kim graph_generate_holme_kim(size=200,probability=0.025)","uuid":"36ab4fa9-35ae-42f7-a5b2-b64d07d14e75","seed":"500","time":"1.92318034172058","date":"Thu Dec  6 02:24:05 2018","resilience":"184","nodes":[1,5,50,67,31]}
x
{"experiment":"Resilience experiment on Holme and Kim graph_generate_holme_kim(size=200,probability=0.025)","uuid":"78a3c9fd-a9c1-49c9-acbd-5c27324c9065","seed":"7000","time":"2.34090614318848","date":"Thu Dec  6 02:24:07 2018","resilience":"188","nodes":[1,25,6,15,17]}
x
{"experiment":"Resilience experiment on Holme and Kim graph_generate_holme_kim(size=200,probability=0.025)","uuid":"3c875c9d-61f0-4278-b41f-ac5c66189626","seed":"110000","time":"2.25626444816589","date":"Thu Dec  6 02:24:10 2018","resilience":"188","nodes":[1,2,10,4,15]}
x
{"experiment":"Resilience experiment on Holme and Kim graph_generate_holme_kim(size=200,probability=0.025)","uuid":"787a7aa2-972b-4e60-8349-4d5050eddd3b","seed":"1300000","time":"2.33707165718079","date":"Thu Dec  6 02:24:12 2018","resilience":"186","nodes":[1,3,9,7,5]}
x
{"experiment":"Resilience experiment on Scale-free graph_generate_scale_free(size=300,preference=1)","uuid":"3ab861e2-b0f4-46cf-9bd0-b4f41062acdd","seed":"2","time":"5.05991744995117","date":"Thu Dec  6 02:24:17 2018","resilience":"20","nodes":[6,2,7,1,13,14,23,19]}
x
{"experiment":"Resilience experiment on Scale-free graph_generate_scale_free(size=300,preference=1)","uuid":"d7ba8069-d200-4ae1-a633-7c8cc54b2235","seed":"30","time":"4.8713538646698","date":"Thu Dec  6 02:24:22 2018","resilience":"20","nodes":[2,6,1,15,4,7,10,20]}
x
{"experiment":"Resilience experiment on Scale-free graph_generate_scale_free(size=300,preference=1)","uuid":"d309fb0e-5e09-4e14-89fa-2972beb67d32","seed":"500","time":"4.85503792762756","date":"Thu Dec  6 02:24:27 2018","resilience":"23","nodes":[4,2,9,1,3,5,17,7]}
x
{"experiment":"Resilience experiment on Scale-free graph_generate_scale_free(size=300,preference=1)","uuid":"6e0ad284-8394-460d-83c3-db2e8f2efcae","seed":"7000","time":"4.80784606933594","date":"Thu Dec  6 02:24:32 2018","resilience":"27","nodes":[1,6,7,13,12,26,43,2]}
x
{"experiment":"Resilience experiment on Scale-free graph_generate_scale_free(size=300,preference=1)","uuid":"8a30f232-c49d-4cac-aad5-68264c77bfe1","seed":"110000","time":"4.81200265884399","date":"Thu Dec  6 02:24:37 2018","resilience":"21","nodes":[4,2,6,3,8,26,1,23]}
x
{"experiment":"Resilience experiment on Scale-free graph_generate_scale_free(size=300,preference=1)","uuid":"9e58571f-9d3c-4d04-a221-8689d1bedb26","seed":"1300000","time":"4.84339594841003","date":"Thu Dec  6 02:24:42 2018","resilience":"27","nodes":[2,3,1,8,12,4,5,6]}
x
{"experiment":"Resilience experiment on Small world graph_generate_small_world(size=300,probability=0.025)","uuid":"000032fa-85a2-4f79-9857-d33902db7004","seed":"2","time":"5.34521818161011","date":"Thu Dec  6 02:24:47 2018","resilience":"292","nodes":[1,2,3,4,5,6,7,8]}
x
{"experiment":"Resilience experiment on Small world graph_generate_small_world(size=300,probability=0.025)","uuid":"7dbe3546-3ef2-4adf-91ef-48fee2e3faa2","seed":"30","time":"5.31442141532898","date":"Thu Dec  6 02:24:52 2018","resilience":"288","nodes":[56,142,218,235,1,3,4,5]}
x
{"experiment":"Resilience experiment on Small world graph_generate_small_world(size=300,probability=0.025)","uuid":"b1dce6ce-59db-42de-a844-471c46143416","seed":"500","time":"5.35149049758911","date":"Thu Dec  6 02:24:58 2018","resilience":"292","nodes":[1,2,3,4,5,6,7,8]}
x
{"experiment":"Resilience experiment on Small world graph_generate_small_world(size=300,probability=0.025)","uuid":"6af38b8d-e162-470e-bac6-f664e54b095a","seed":"7000","time":"5.33038091659546","date":"Thu Dec  6 02:25:03 2018","resilience":"291","nodes":[271,1,2,3,4,5,6,7]}
x
{"experiment":"Resilience experiment on Small world graph_generate_small_world(size=300,probability=0.025)","uuid":"707f5bc4-164a-43e1-befb-d39bf6a8936e","seed":"110000","time":"5.30906748771667","date":"Thu Dec  6 02:25:09 2018","resilience":"292","nodes":[1,2,3,4,5,6,7,8]}
x
{"experiment":"Resilience experiment on Small world graph_generate_small_world(size=300,probability=0.025)","uuid":"7af13f67-85c9-4063-af24-e443c4bd3a53","seed":"1300000","time":"5.39602732658386","date":"Thu Dec  6 02:25:14 2018","resilience":"287","nodes":[214,153,240,1,2,3,4,5]}
x
{"experiment":"Resilience experiment on Holme and Kim graph_generate_holme_kim(size=300,probability=0.025)","uuid":"efdd99cb-b48f-41b4-aaf7-6b72d0a9acfa","seed":"2","time":"4.76365542411804","date":"Thu Dec  6 02:25:19 2018","resilience":"271","nodes":[1,7,2,3,72,37,33,21]}
x
{"experiment":"Resilience experiment on Holme and Kim graph_generate_holme_kim(size=300,probability=0.025)","uuid":"d179e515-5124-4bcc-8471-7196b7f8b68b","seed":"30","time":"5.12408661842346","date":"Thu Dec  6 02:25:24 2018","resilience":"270","nodes":[1,164,5,17,2,3,26,33]}
x
{"experiment":"Resilience experiment on Holme and Kim graph_generate_holme_kim(size=300,probability=0.025)","uuid":"939a7bef-bde9-41ab-b46b-dd69983d52bd","seed":"500","time":"5.0974018573761","date":"Thu Dec  6 02:25:30 2018","resilience":"274","nodes":[1,6,43,5,9,3,2,16]}
x
{"experiment":"Resilience experiment on Holme and Kim graph_generate_holme_kim(size=300,probability=0.025)","uuid":"f381b6ee-e2ea-44a4-b346-45d64cffed77","seed":"7000","time":"5.08580231666565","date":"Thu Dec  6 02:25:35 2018","resilience":"276","nodes":[1,98,11,31,20,201,122,229]}
x
{"experiment":"Resilience experiment on Holme and Kim graph_generate_holme_kim(size=300,probability=0.025)","uuid":"7bd73b70-2339-480c-b38c-95af5cc9754b","seed":"110000","time":"4.8280074596405","date":"Thu Dec  6 02:25:40 2018","resilience":"276","nodes":[1,4,52,48,54,2,8,17]}
x
{"experiment":"Resilience experiment on Holme and Kim graph_generate_holme_kim(size=300,probability=0.025)","uuid":"586237cf-5d1e-41dc-aec2-385d901ef95c","seed":"1300000","time":"5.4912166595459","date":"Thu Dec  6 02:25:46 2018","resilience":"280","nodes":[1,2,35,102,7,239,6,19]}
x
{"experiment":"Resilience experiment on Scale-free graph_generate_scale_free(size=400,preference=1)","uuid":"e6b113b4-43a9-4658-9cba-1285b482b015","seed":"2","time":"8.43055200576782","date":"Thu Dec  6 02:25:54 2018","resilience":"44","nodes":[6,2,7,1,13,3,4,5,8,9]}
x
{"experiment":"Resilience experiment on Scale-free graph_generate_scale_free(size=400,preference=1)","uuid":"f337c559-f3ba-4a8d-8f94-132fb1ace9d2","seed":"30","time":"8.17957639694214","date":"Thu Dec  6 02:26:02 2018","resilience":"28","nodes":[2,6,1,15,4,10,7,20,30,26]}
x
{"experiment":"Resilience experiment on Scale-free graph_generate_scale_free(size=400,preference=1)","uuid":"3331b4b8-8c90-41d1-821e-51bf175b0f3e","seed":"500","time":"8.12031555175781","date":"Thu Dec  6 02:26:11 2018","resilience":"26","nodes":[4,2,9,5,11,3,7,17,10,13]}
x
{"experiment":"Resilience experiment on Scale-free graph_generate_scale_free(size=400,preference=1)","uuid":"51cd5671-9bd8-43e2-8283-b1fd4204c4e6","seed":"7000","time":"8.09917712211609","date":"Thu Dec  6 02:26:19 2018","resilience":"31","nodes":[1,6,7,13,12,26,43,34,30,2]}
x
{"experiment":"Resilience experiment on Scale-free graph_generate_scale_free(size=400,preference=1)","uuid":"d1813d29-ba45-479a-a7b0-212a3d07bbf8","seed":"110000","time":"8.0828857421875","date":"Thu Dec  6 02:26:27 2018","resilience":"26","nodes":[4,2,6,3,8,26,1,23,21,22]}
x
{"experiment":"Resilience experiment on Scale-free graph_generate_scale_free(size=400,preference=1)","uuid":"f66319bf-a528-431c-bba1-60a3750e2578","seed":"1300000","time":"8.97117638587952","date":"Thu Dec  6 02:26:36 2018","resilience":"36","nodes":[2,3,1,7,4,5,6,8,12,13]}
x
{"experiment":"Resilience experiment on Small world graph_generate_small_world(size=400,probability=0.025)","uuid":"aeaef94b-63f5-48d7-8677-0416b78f670c","seed":"2","time":"10.7486729621887","date":"Thu Dec  6 02:26:47 2018","resilience":"390","nodes":[1,2,3,4,5,6,7,8,9,10]}
x
{"experiment":"Resilience experiment on Small world graph_generate_small_world(size=400,probability=0.025)","uuid":"dd891a7c-0d0a-4bf1-aef4-52c4a84df7b7","seed":"30","time":"9.4761745929718","date":"Thu Dec  6 02:26:56 2018","resilience":"389","nodes":[1,2,3,4,5,6,7,8,9,10]}
x
{"experiment":"Resilience experiment on Small world graph_generate_small_world(size=400,probability=0.025)","uuid":"a8f8efc8-4796-4031-8c9d-ff7c50746ed7","seed":"500","time":"9.56621646881104","date":"Thu Dec  6 02:27:06 2018","resilience":"390","nodes":[1,2,3,4,5,6,7,8,9,10]}
x
{"experiment":"Resilience experiment on Small world graph_generate_small_world(size=400,probability=0.025)","uuid":"1a9aa736-d620-40ec-8824-87163d663a76","seed":"7000","time":"10.0062544345856","date":"Thu Dec  6 02:27:16 2018","resilience":"390","nodes":[1,2,3,4,5,6,7,8,9,10]}
x
{"experiment":"Resilience experiment on Small world graph_generate_small_world(size=400,probability=0.025)","uuid":"abfaed95-9d52-47c3-a720-7ed5d72edc27","seed":"110000","time":"10.0812587738037","date":"Thu Dec  6 02:27:26 2018","resilience":"390","nodes":[1,2,3,4,5,6,7,8,9,10]}
x
{"experiment":"Resilience experiment on Small world graph_generate_small_world(size=400,probability=0.025)","uuid":"f6e3cf52-0354-446c-8f80-a009a48666ea","seed":"1300000","time":"9.64130139350891","date":"Thu Dec  6 02:27:36 2018","resilience":"389","nodes":[1,2,3,4,5,6,7,8,9,10]}
x
{"experiment":"Resilience experiment on Holme and Kim graph_generate_holme_kim(size=400,probability=0.025)","uuid":"5aa2e95f-4836-4a0f-8e1b-41eeb7578020","seed":"2","time":"8.63928818702698","date":"Thu Dec  6 02:27:45 2018","resilience":"364","nodes":[1,3,60,5,159,14,7,65,49,71]}
x
{"experiment":"Resilience experiment on Holme and Kim graph_generate_holme_kim(size=400,probability=0.025)","uuid":"f6fbec2a-c9e7-464d-802a-4e37ea8ee86d","seed":"30","time":"8.59448385238647","date":"Thu Dec  6 02:27:54 2018","resilience":"368","nodes":[1,141,4,5,2,3,28,20,12,22]}
x
{"experiment":"Resilience experiment on Holme and Kim graph_generate_holme_kim(size=400,probability=0.025)","uuid":"a7e0f7a8-b10a-4e70-929b-45ce01aa78d1","seed":"500","time":"9.80882477760315","date":"Thu Dec  6 02:28:03 2018","resilience":"363","nodes":[1,3,5,9,24,11,133,2,48,13]}
x
{"experiment":"Resilience experiment on Holme and Kim graph_generate_holme_kim(size=400,probability=0.025)","uuid":"7b5e36cd-f5a5-4331-8a05-3b9cb8873849","seed":"7000","time":"9.54982423782349","date":"Thu Dec  6 02:28:13 2018","resilience":"368","nodes":[1,8,15,139,33,6,14,5,3,36]}
x
{"experiment":"Resilience experiment on Holme and Kim graph_generate_holme_kim(size=400,probability=0.025)","uuid":"0da05c0f-f192-4cb3-8519-43234194ed04","seed":"110000","time":"9.30420088768005","date":"Thu Dec  6 02:28:23 2018","resilience":"366","nodes":[1,4,5,9,12,35,178,2,14,3]}
x
{"experiment":"Resilience experiment on Holme and Kim graph_generate_holme_kim(size=400,probability=0.025)","uuid":"7e7592c0-59b3-4552-8c29-9c1473eb3c8f","seed":"1300000","time":"8.82274866104126","date":"Thu Dec  6 02:28:32 2018","resilience":"367","nodes":[1,3,8,2,6,10,4,55,33,119]}
x
{"experiment":"Resilience experiment on Scale-free graph_generate_scale_free(size=500,preference=1)","uuid":"0e29b314-e3d9-4b7a-903a-ab190da4d1fe","seed":"2","time":"13.8881840705872","date":"Thu Dec  6 02:28:46 2018","resilience":"17","nodes":[6,2,7,1,23,18,27,19,41,30,5,3,10]}
x
{"experiment":"Resilience experiment on Scale-free graph_generate_scale_free(size=500,preference=1)","uuid":"6e6f6b36-cd6f-40b9-8767-36122b75cc57","seed":"30","time":"14.1121528148651","date":"Thu Dec  6 02:29:00 2018","resilience":"23","nodes":[2,6,1,15,4,10,7,20,26,45,3,11,48]}
x
{"experiment":"Resilience experiment on Scale-free graph_generate_scale_free(size=500,preference=1)","uuid":"cc7347c3-6b43-4a38-91d6-f0e9a87cabab","seed":"500","time":"13.9775793552399","date":"Thu Dec  6 02:29:14 2018","resilience":"22","nodes":[4,2,9,5,3,11,7,17,10,13,51,84,8]}
x
{"experiment":"Resilience experiment on Scale-free graph_generate_scale_free(size=500,preference=1)","uuid":"a0876c3d-d890-418d-9fd7-41c2ae0be2bd","seed":"7000","time":"13.9146537780762","date":"Thu Dec  6 02:29:28 2018","resilience":"41","nodes":[1,6,7,13,12,26,43,30,2,3,4,5,8]}
x
{"experiment":"Resilience experiment on Scale-free graph_generate_scale_free(size=500,preference=1)","uuid":"c5de55be-3817-4fdf-8cd5-7155f3a6d894","seed":"110000","time":"13.9231824874878","date":"Thu Dec  6 02:29:42 2018","resilience":"27","nodes":[4,2,6,3,8,26,1,23,21,5,22,58,7]}
x
{"experiment":"Resilience experiment on Scale-free graph_generate_scale_free(size=500,preference=1)","uuid":"365317b1-7a09-4d27-ac6b-fe88579477b6","seed":"1300000","time":"14.4218482971191","date":"Thu Dec  6 02:29:56 2018","resilience":"27","nodes":[2,3,1,8,12,13,20,7,15,57,4,5,6]}
x
{"experiment":"Resilience experiment on Small world graph_generate_small_world(size=500,probability=0.025)","uuid":"27b263f9-8af4-44b6-a5c6-edcb37822040","seed":"2","time":"17.8017768859863","date":"Thu Dec  6 02:30:14 2018","resilience":"487","nodes":[1,2,3,4,5,6,7,8,9,10,11,12,13]}
x
{"experiment":"Resilience experiment on Small world graph_generate_small_world(size=500,probability=0.025)","uuid":"e301232d-88ea-43b8-9737-97587b82cb7d","seed":"30","time":"17.5203921794891","date":"Thu Dec  6 02:30:32 2018","resilience":"487","nodes":[1,2,3,4,5,6,7,8,9,10,11,12,13]}
x
{"experiment":"Resilience experiment on Small world graph_generate_small_world(size=500,probability=0.025)","uuid":"e1d79201-016c-4a64-9630-de371bbb4ad7","seed":"500","time":"17.6310148239136","date":"Thu Dec  6 02:30:50 2018","resilience":"487","nodes":[1,2,3,4,5,6,7,8,9,10,11,12,13]}
x
{"experiment":"Resilience experiment on Small world graph_generate_small_world(size=500,probability=0.025)","uuid":"8d7dcd4c-8f9d-468b-8e58-f93263ea7ab9","seed":"7000","time":"17.5661833286285","date":"Thu Dec  6 02:31:07 2018","resilience":"487","nodes":[1,2,3,4,5,6,7,8,9,10,11,12,13]}
x
{"experiment":"Resilience experiment on Small world graph_generate_small_world(size=500,probability=0.025)","uuid":"21f6755b-9db7-49d7-a44b-4be89795253e","seed":"110000","time":"17.4269070625305","date":"Thu Dec  6 02:31:25 2018","resilience":"487","nodes":[1,2,3,4,5,6,7,8,9,10,11,12,13]}
x
{"experiment":"Resilience experiment on Small world graph_generate_small_world(size=500,probability=0.025)","uuid":"eb184bbd-6af0-4a4e-ba6a-aa39351b473e","seed":"1300000","time":"17.5487067699432","date":"Thu Dec  6 02:31:43 2018","resilience":"486","nodes":[82,1,2,3,4,5,6,7,8,9,10,11,12]}
x
{"experiment":"Resilience experiment on Holme and Kim graph_generate_holme_kim(size=500,probability=0.025)","uuid":"7b797ffc-0397-4152-a965-2c74c0aae35d","seed":"2","time":"14.559839963913","date":"Thu Dec  6 02:31:58 2018","resilience":"458","nodes":[1,4,9,56,154,27,8,66,42,43,151,34,276]}
x
{"experiment":"Resilience experiment on Holme and Kim graph_generate_holme_kim(size=500,probability=0.025)","uuid":"4e2f9542-53da-483e-b685-99984ec04724","seed":"30","time":"14.4110548496246","date":"Thu Dec  6 02:32:13 2018","resilience":"446","nodes":[1,3,2,4,13,17,5,152,24,133,154,409,6]}
x
{"experiment":"Resilience experiment on Holme and Kim graph_generate_holme_kim(size=500,probability=0.025)","uuid":"2cd990e2-5257-4569-8cbc-6e105bba8667","seed":"500","time":"14.1648218631744","date":"Thu Dec  6 02:32:27 2018","resilience":"457","nodes":[1,148,14,3,2,27,42,23,167,4,31,76,309]}
x
{"experiment":"Resilience experiment on Holme and Kim graph_generate_holme_kim(size=500,probability=0.025)","uuid":"ddfaa9f7-76b2-445c-92f4-50399a9d92c3","seed":"7000","time":"14.5201020240784","date":"Thu Dec  6 02:32:42 2018","resilience":"454","nodes":[1,9,17,12,62,31,6,46,58,14,37,8,26]}
x
{"experiment":"Resilience experiment on Holme and Kim graph_generate_holme_kim(size=500,probability=0.025)","uuid":"5cf347d2-7881-4faf-afa9-479956405c93","seed":"110000","time":"14.5872383117676","date":"Thu Dec  6 02:32:57 2018","resilience":"464","nodes":[1,13,126,85,2,15,3,96,53,108,7,205,33]}
x
{"experiment":"Resilience experiment on Holme and Kim graph_generate_holme_kim(size=500,probability=0.025)","uuid":"d4aa6e70-6f3b-4450-981d-5761032767f6","seed":"1300000","time":"14.4591670036316","date":"Thu Dec  6 02:33:12 2018","resilience":"460","nodes":[1,33,125,2,3,16,17,91,5,4,8,18,43]}
x
{"experiment":"Resilience experiment on Scale-free graph_generate_scale_free(size=600,preference=1)","uuid":"e5028f96-3f0a-4056-b91c-fef2fb486f06","seed":"2","time":"20.0254733562469","date":"Thu Dec  6 02:33:32 2018","resilience":"53","nodes":[6,2,7,1,13,3,4,5,8,9,10,11,12,14,23]}
x
{"experiment":"Resilience experiment on Scale-free graph_generate_scale_free(size=600,preference=1)","uuid":"97f9874f-fcab-4f54-b1d6-355d7ea7f715","seed":"30","time":"19.8068470954895","date":"Thu Dec  6 02:33:52 2018","resilience":"33","nodes":[2,6,1,4,15,10,7,26,20,45,3,5,8,9,11]}
x
{"experiment":"Resilience experiment on Scale-free graph_generate_scale_free(size=600,preference=1)","uuid":"bf9f0cbc-b4b3-4842-957e-d8842cccbb3b","seed":"500","time":"19.6418912410736","date":"Thu Dec  6 02:34:11 2018","resilience":"27","nodes":[4,2,9,5,11,3,17,7,10,13,51,84,1,6,8]}
x
{"experiment":"Resilience experiment on Scale-free graph_generate_scale_free(size=600,preference=1)","uuid":"ef3ae190-f1ac-4e00-96aa-7ab16bd05bc0","seed":"7000","time":"19.6850914955139","date":"Thu Dec  6 02:34:31 2018","resilience":"47","nodes":[1,6,7,13,12,26,43,30,24,2,3,4,5,8,9]}
x
{"experiment":"Resilience experiment on Scale-free graph_generate_scale_free(size=600,preference=1)","uuid":"4494605b-bc28-472d-91f5-fb069aa4c78d","seed":"110000","time":"19.6918389797211","date":"Thu Dec  6 02:34:51 2018","resilience":"28","nodes":[4,2,6,3,8,26,1,23,21,37,5,58,22,35,7]}
x
{"experiment":"Resilience experiment on Scale-free graph_generate_scale_free(size=600,preference=1)","uuid":"ceadeb64-945a-4367-aaa3-cb418819c128","seed":"1300000","time":"19.6831226348877","date":"Thu Dec  6 02:35:11 2018","resilience":"35","nodes":[2,3,1,8,4,5,6,7,9,10,11,12,13,15,20]}
x
{"experiment":"Resilience experiment on Small world graph_generate_small_world(size=600,probability=0.025)","uuid":"e463de55-84c9-4e2a-9c61-2bfb012b5b8a","seed":"2","time":"27.4528422355652","date":"Thu Dec  6 02:35:38 2018","resilience":"585","nodes":[1,2,3,4,5,6,7,8,9,10,11,12,13,14,15]}
x
{"experiment":"Resilience experiment on Small world graph_generate_small_world(size=600,probability=0.025)","uuid":"21cf529a-c78d-4b65-b116-933d82a6007d","seed":"30","time":"27.4788007736206","date":"Thu Dec  6 02:36:06 2018","resilience":"585","nodes":[1,2,3,4,5,6,7,8,9,10,11,12,13,14,15]}
x
{"experiment":"Resilience experiment on Small world graph_generate_small_world(size=600,probability=0.025)","uuid":"5d9f6ba2-7bd9-4e66-81af-2c9a97d020eb","seed":"500","time":"27.3430390357971","date":"Thu Dec  6 02:36:34 2018","resilience":"585","nodes":[1,2,3,4,5,6,7,8,9,10,11,12,13,14,15]}
x
{"experiment":"Resilience experiment on Small world graph_generate_small_world(size=600,probability=0.025)","uuid":"93e86591-1ec0-48dc-bfa3-1e529ed06eed","seed":"7000","time":"27.4972186088562","date":"Thu Dec  6 02:37:01 2018","resilience":"585","nodes":[1,2,3,4,5,6,7,8,9,10,11,12,13,14,15]}
x
{"experiment":"Resilience experiment on Small world graph_generate_small_world(size=600,probability=0.025)","uuid":"e8f60b76-267d-4ab1-94c0-3cff539ccfbc","seed":"110000","time":"27.3818216323853","date":"Thu Dec  6 02:37:29 2018","resilience":"585","nodes":[1,2,3,4,5,6,7,8,9,10,11,12,13,14,15]}
x
{"experiment":"Resilience experiment on Small world graph_generate_small_world(size=600,probability=0.025)","uuid":"6c685533-36a1-4d98-9b2d-baa8b85a88fb","seed":"1300000","time":"27.6323494911194","date":"Thu Dec  6 02:37:57 2018","resilience":"585","nodes":[1,2,3,4,5,6,7,8,9,10,11,12,13,14,15]}
x
{"experiment":"Resilience experiment on Holme and Kim graph_generate_holme_kim(size=600,probability=0.025)","uuid":"ed57c5b4-d232-4cd9-9463-c548c0871f61","seed":"2","time":"21.3972346782684","date":"Thu Dec  6 02:38:19 2018","resilience":"542","nodes":[1,3,5,6,24,30,31,91,34,33,2,8,108,10,19]}
x
{"experiment":"Resilience experiment on Holme and Kim graph_generate_holme_kim(size=600,probability=0.025)","uuid":"798c05e8-f270-426e-ab8d-bd82667cf27a","seed":"30","time":"20.9496171474457","date":"Thu Dec  6 02:38:40 2018","resilience":"541","nodes":[1,4,6,3,26,34,37,55,121,368,2,250,51,42,54]}
x
{"experiment":"Resilience experiment on Holme and Kim graph_generate_holme_kim(size=600,probability=0.025)","uuid":"3a133c16-c8c4-4c7d-8d36-a12eddb61491","seed":"500","time":"21.0809047222137","date":"Thu Dec  6 02:39:02 2018","resilience":"554","nodes":[1,2,18,154,15,41,52,27,119,86,130,99,121,53,35]}
x
{"experiment":"Resilience experiment on Holme and Kim graph_generate_holme_kim(size=600,probability=0.025)","uuid":"5902ae69-e89c-40ff-8371-c3d3ed5a8d45","seed":"7000","time":"21.1550142765045","date":"Thu Dec  6 02:39:23 2018","resilience":"559","nodes":[1,2,3,22,31,57,167,47,61,44,306,502,4,64,9]}
x
{"experiment":"Resilience experiment on Holme and Kim graph_generate_holme_kim(size=600,probability=0.025)","uuid":"f102ebd4-047c-477f-8f8c-57ffe1bd7958","seed":"110000","time":"20.6670236587524","date":"Thu Dec  6 02:39:44 2018","resilience":"557","nodes":[1,6,23,60,63,117,131,56,2,10,14,18,19,5,184]}
x
{"experiment":"Resilience experiment on Holme and Kim graph_generate_holme_kim(size=600,probability=0.025)","uuid":"136a6512-2cc3-4d18-8f25-afbdef82a513","seed":"1300000","time":"20.7218317985535","date":"Thu Dec  6 02:40:06 2018","resilience":"553","nodes":[1,3,19,12,37,123,2,11,31,5,29,267,8,36,47]}
x
{"experiment":"Resilience experiment on Scale-free graph_generate_scale_free(size=700,preference=1)","uuid":"e116c5ee-7c58-4148-9772-0ba54751331b","seed":"2","time":"28.0305624008179","date":"Thu Dec  6 02:40:34 2018","resilience":"26","nodes":[6,2,7,1,23,19,41,27,30,3,5,43,4,8,9,10,11,12]}
x
{"experiment":"Resilience experiment on Scale-free graph_generate_scale_free(size=700,preference=1)","uuid":"0f1a09e6-8d6d-4f74-81df-5c75c34a6e15","seed":"30","time":"28.0610680580139","date":"Thu Dec  6 02:41:02 2018","resilience":"23","nodes":[2,6,1,15,4,10,7,26,20,3,45,48,11,32,12,68,22,93]}
x
{"experiment":"Resilience experiment on Scale-free graph_generate_scale_free(size=700,preference=1)","uuid":"4ada7515-f949-4d7d-8d60-d212d6dafb27","seed":"500","time":"27.9792935848236","date":"Thu Dec  6 02:41:30 2018","resilience":"20","nodes":[4,2,9,5,3,17,7,10,84,51,34,8,20,65,80,29,53,1]}
x
{"experiment":"Resilience experiment on Scale-free graph_generate_scale_free(size=700,preference=1)","uuid":"8758d4d3-8be1-4018-87b5-47a018c1f41b","seed":"7000","time":"28.1343114376068","date":"Thu Dec  6 02:41:59 2018","resilience":"22","nodes":[1,6,7,13,12,26,43,24,30,34,39,35,48,2,21,5,28,17]}
x
{"experiment":"Resilience experiment on Scale-free graph_generate_scale_free(size=700,preference=1)","uuid":"9c3d99f2-b82e-4415-86f7-622ccd576a34","seed":"110000","time":"28.0590245723724","date":"Thu Dec  6 02:42:27 2018","resilience":"26","nodes":[4,2,6,3,8,26,1,23,5,21,58,22,35,12,7,36,10,40]}
x
{"experiment":"Resilience experiment on Scale-free graph_generate_scale_free(size=700,preference=1)","uuid":"da85c586-0b3f-42a8-9213-dcac67ed306d","seed":"1300000","time":"28.0716192722321","date":"Thu Dec  6 02:42:55 2018","resilience":"22","nodes":[2,3,1,8,12,13,15,20,7,58,21,57,68,5,19,24,115,52]}
x
{"experiment":"Resilience experiment on Small world graph_generate_small_world(size=700,probability=0.025)","uuid":"d9f22fa0-1961-499c-9b8c-4f284bd8a3af","seed":"2","time":"42.9898223876953","date":"Thu Dec  6 02:43:38 2018","resilience":"682","nodes":[1,2,3,4,5,6,7,8,9,10,11,12,13,14,15,16,17,18]}
x
{"experiment":"Resilience experiment on Small world graph_generate_small_world(size=700,probability=0.025)","uuid":"4a0c707f-19b9-427d-8b98-aaac978e7e03","seed":"30","time":"42.982353925705","date":"Thu Dec  6 02:44:21 2018","resilience":"682","nodes":[1,2,3,4,5,6,7,8,9,10,11,12,13,14,15,16,17,18]}
x
{"experiment":"Resilience experiment on Small world graph_generate_small_world(size=700,probability=0.025)","uuid":"9491507d-bf03-416a-a0e6-4b0fa225300e","seed":"500","time":"42.9199600219727","date":"Thu Dec  6 02:45:05 2018","resilience":"682","nodes":[1,2,3,4,5,6,7,8,9,10,11,12,13,14,15,16,17,18]}
x
{"experiment":"Resilience experiment on Small world graph_generate_small_world(size=700,probability=0.025)","uuid":"94cc4caf-8f6a-404a-8035-5ef5c6a40ffc","seed":"7000","time":"43.1459400653839","date":"Thu Dec  6 02:45:48 2018","resilience":"682","nodes":[1,2,3,4,5,6,7,8,9,10,11,12,13,14,15,16,17,18]}
x
{"experiment":"Resilience experiment on Small world graph_generate_small_world(size=700,probability=0.025)","uuid":"672fdd75-0ac9-437d-9590-d958b7f24313","seed":"110000","time":"43.0036034584045","date":"Thu Dec  6 02:46:32 2018","resilience":"682","nodes":[1,2,3,4,5,6,7,8,9,10,11,12,13,14,15,16,17,18]}
x
{"experiment":"Resilience experiment on Small world graph_generate_small_world(size=700,probability=0.025)","uuid":"b6592b26-1250-4b15-9502-2d9eccf3dfbf","seed":"1300000","time":"43.1900296211243","date":"Thu Dec  6 02:47:15 2018","resilience":"682","nodes":[1,2,3,4,5,6,7,8,9,10,11,12,13,14,15,16,17,18]}
x
{"experiment":"Resilience experiment on Holme and Kim graph_generate_holme_kim(size=700,probability=0.025)","uuid":"2733ec45-152f-4e85-b6d3-3fb3eb7ad80f","seed":"2","time":"30.7485799789429","date":"Thu Dec  6 02:47:47 2018","resilience":"640","nodes":[1,60,3,7,10,4,5,676,17,192,21,255,2,9,386,219,466,23]}
x
{"experiment":"Resilience experiment on Holme and Kim graph_generate_holme_kim(size=700,probability=0.025)","uuid":"d24b2ab0-add1-48c5-bb36-4834adf87484","seed":"30","time":"30.6408398151398","date":"Thu Dec  6 02:48:18 2018","resilience":"623","nodes":[1,5,61,2,3,21,4,10,22,65,15,27,59,6,221,71,125,25]}
x
{"experiment":"Resilience experiment on Holme and Kim graph_generate_holme_kim(size=700,probability=0.025)","uuid":"17bab5e1-fd2b-4db1-bd12-0447c2deb32d","seed":"500","time":"30.8011734485626","date":"Thu Dec  6 02:48:49 2018","resilience":"634","nodes":[1,3,4,41,149,11,14,29,47,128,130,13,283,22,15,88,63,23]}
x
{"experiment":"Resilience experiment on Holme and Kim graph_generate_holme_kim(size=700,probability=0.025)","uuid":"21036dbe-c90a-4002-b61f-d95d4c0441df","seed":"7000","time":"31.1239652633667","date":"Thu Dec  6 02:49:21 2018","resilience":"637","nodes":[1,44,2,5,3,17,4,8,23,51,22,27,130,478,6,120,210,341]}
x
{"experiment":"Resilience experiment on Holme and Kim graph_generate_holme_kim(size=700,probability=0.025)","uuid":"e1546c72-9fa4-4073-8e38-c2da428037a7","seed":"110000","time":"30.8116929531097","date":"Thu Dec  6 02:49:52 2018","resilience":"648","nodes":[1,56,116,8,45,11,87,2,18,73,108,138,146,195,210,33,200,207]}
x
{"experiment":"Resilience experiment on Holme and Kim graph_generate_holme_kim(size=700,probability=0.025)","uuid":"4d72fc7e-94ed-437d-9517-eaa4e89b84f3","seed":"1300000","time":"30.9269680976868","date":"Thu Dec  6 02:50:24 2018","resilience":"642","nodes":[1,3,112,25,2,5,9,20,14,64,204,226,311,366,16,123,10,30]}
x
{"experiment":"Resilience experiment on Scale-free graph_generate_scale_free(size=800,preference=1)","uuid":"d8298ce5-436c-4573-8d48-af5e562c7632","seed":"2","time":"37.4273295402527","date":"Thu Dec  6 02:51:01 2018","resilience":"28","nodes":[6,2,1,7,23,19,41,27,3,30,5,24,43,53,112,4,8,9,10,11]}
x
{"experiment":"Resilience experiment on Scale-free graph_generate_scale_free(size=800,preference=1)","uuid":"fd4f312a-d8a4-4fd6-bda2-0e33eaeaa92a","seed":"30","time":"37.4384405612946","date":"Thu Dec  6 02:51:39 2018","resilience":"34","nodes":[2,6,1,4,15,10,7,26,30,20,3,45,5,8,9,11,48,32,12,13]}
x
{"experiment":"Resilience experiment on Scale-free graph_generate_scale_free(size=800,preference=1)","uuid":"a60e5648-6a52-4f36-9aa7-984784923119","seed":"500","time":"37.4936902523041","date":"Thu Dec  6 02:52:17 2018","resilience":"24","nodes":[4,2,9,5,11,3,17,7,10,79,51,84,34,8,20,65,29,53,1,6]}
x
{"experiment":"Resilience experiment on Scale-free graph_generate_scale_free(size=800,preference=1)","uuid":"12be432d-9b5a-4f19-b93d-76f8096d00d6","seed":"7000","time":"37.484256029129","date":"Thu Dec  6 02:52:54 2018","resilience":"24","nodes":[1,6,7,13,12,26,43,24,30,34,39,35,48,2,21,5,8,28,17,49]}
x
{"experiment":"Resilience experiment on Scale-free graph_generate_scale_free(size=800,preference=1)","uuid":"06596cf3-55b7-4845-9780-da959e062d53","seed":"110000","time":"37.5219850540161","date":"Thu Dec  6 02:53:32 2018","resilience":"23","nodes":[4,2,6,3,8,26,1,58,5,21,22,12,35,7,40,36,10,14,115,9]}
x
{"experiment":"Resilience experiment on Scale-free graph_generate_scale_free(size=800,preference=1)","uuid":"f1d403d2-09a7-4956-b205-8fdfd4156030","seed":"1300000","time":"37.5247888565063","date":"Thu Dec  6 02:54:10 2018","resilience":"47","nodes":[2,3,1,8,12,13,15,20,7,57,4,5,6,9,10,11,14,16,17,18]}
x
{"experiment":"Resilience experiment on Small world graph_generate_small_world(size=800,probability=0.025)","uuid":"98564d8b-73e8-4e72-b1c1-51afb7c9b8df","seed":"2","time":"62.7866563796997","date":"Thu Dec  6 02:55:13 2018","resilience":"780","nodes":[1,2,3,4,5,6,7,8,9,10,11,12,13,14,15,16,17,18,19,20]}
x
{"experiment":"Resilience experiment on Small world graph_generate_small_world(size=800,probability=0.025)","uuid":"3ae87df6-9232-4746-a65e-5709c016df8f","seed":"30","time":"62.8010830879211","date":"Thu Dec  6 02:56:16 2018","resilience":"780","nodes":[1,2,3,4,5,6,7,8,9,10,11,12,13,14,15,16,17,18,19,20]}
x
{"experiment":"Resilience experiment on Small world graph_generate_small_world(size=800,probability=0.025)","uuid":"e7d97028-d8dc-4d22-be78-bd4cc3f0abfa","seed":"500","time":"62.565824508667","date":"Thu Dec  6 02:57:19 2018","resilience":"780","nodes":[1,2,3,4,5,6,7,8,9,10,11,12,13,14,15,16,17,18,19,20]}
x
{"experiment":"Resilience experiment on Small world graph_generate_small_world(size=800,probability=0.025)","uuid":"c3775c74-867d-42c1-a8fe-adb68be465d8","seed":"7000","time":"62.9457471370697","date":"Thu Dec  6 02:58:23 2018","resilience":"780","nodes":[1,2,3,4,5,6,7,8,9,10,11,12,13,14,15,16,17,18,19,20]}
x
{"experiment":"Resilience experiment on Small world graph_generate_small_world(size=800,probability=0.025)","uuid":"38922b5d-4739-4683-8c61-72d8bd7002fe","seed":"110000","time":"62.2837784290314","date":"Thu Dec  6 02:59:26 2018","resilience":"780","nodes":[1,2,3,4,5,6,7,8,9,10,11,12,13,14,15,16,17,18,19,20]}
x
{"experiment":"Resilience experiment on Small world graph_generate_small_world(size=800,probability=0.025)","uuid":"c53fd221-8e9c-4e6f-9d33-3d9cc7e46c06","seed":"1300000","time":"62.9278833866119","date":"Thu Dec  6 03:00:29 2018","resilience":"780","nodes":[1,2,3,4,5,6,7,8,9,10,11,12,13,14,15,16,17,18,19,20]}
x
{"experiment":"Resilience experiment on Holme and Kim graph_generate_holme_kim(size=800,probability=0.025)","uuid":"5069a80a-8615-47ee-b7bf-164d8fd33268","seed":"2","time":"41.0454723834991","date":"Thu Dec  6 03:01:11 2018","resilience":"726","nodes":[1,2,4,3,6,12,15,44,132,189,288,7,35,36,14,101,18,206,29,126]}
x
{"experiment":"Resilience experiment on Holme and Kim graph_generate_holme_kim(size=800,probability=0.025)","uuid":"bef67ee9-6b45-4027-a44d-bf3c87ca2c21","seed":"30","time":"40.9422721862793","date":"Thu Dec  6 03:01:53 2018","resilience":"722","nodes":[1,5,191,2,87,30,3,27,84,488,67,4,137,21,8,34,9,95,36,140]}
x
{"experiment":"Resilience experiment on Holme and Kim graph_generate_holme_kim(size=800,probability=0.025)","uuid":"3f335b66-2b6a-4de7-8f93-85d156114aab","seed":"500","time":"41.0444846153259","date":"Thu Dec  6 03:02:35 2018","resilience":"729","nodes":[1,154,2,145,21,28,123,25,46,59,9,4,19,110,98,20,22,5,121,37]}
x
{"experiment":"Resilience experiment on Holme and Kim graph_generate_holme_kim(size=800,probability=0.025)","uuid":"18924c18-3617-45a7-81cf-77ca9dc11953","seed":"7000","time":"40.981146812439","date":"Thu Dec  6 03:03:17 2018","resilience":"733","nodes":[1,2,10,6,8,9,36,100,138,175,7,82,12,15,287,29,72,5,442,13]}
x
{"experiment":"Resilience experiment on Holme and Kim graph_generate_holme_kim(size=800,probability=0.025)","uuid":"074c3574-0684-4c27-9b4e-6200eecd8bd1","seed":"110000","time":"41.2265694141388","date":"Thu Dec  6 03:03:59 2018","resilience":"741","nodes":[1,6,2,7,187,89,3,9,405,15,95,167,188,195,233,50,76,5,55,8]}
x
{"experiment":"Resilience experiment on Holme and Kim graph_generate_holme_kim(size=800,probability=0.025)","uuid":"dc38a4e7-285a-4ca5-a554-99b5d585d14a","seed":"1300000","time":"41.4362123012543","date":"Thu Dec  6 03:04:41 2018","resilience":"739","nodes":[1,110,91,81,3,34,4,111,121,298,189,12,2,25,101,86,183,32,9,143]}
x
{"experiment":"Resilience experiment on Scale-free graph_generate_scale_free(size=900,preference=1)","uuid":"552184be-9a3c-4b71-a83d-ed3a1ebc644d","seed":"2","time":"49.9049775600433","date":"Thu Dec  6 03:05:31 2018","resilience":"26","nodes":[6,2,1,7,23,19,41,3,27,30,24,5,43,53,14,112,4,8,9,10,125,11,12]}
x
{"experiment":"Resilience experiment on Scale-free graph_generate_scale_free(size=900,preference=1)","uuid":"de5dd3b2-b8ac-4452-8b6d-807899a63372","seed":"30","time":"49.9407303333282","date":"Thu Dec  6 03:06:21 2018","resilience":"41","nodes":[2,6,1,4,15,10,7,26,20,30,3,45,11,32,5,8,9,12,13,14,16,17,18]}
x
{"experiment":"Resilience experiment on Scale-free graph_generate_scale_free(size=900,preference=1)","uuid":"ccb0ad38-cfcc-4167-8c01-4b9095f6ff73","seed":"500","time":"50.3952207565308","date":"Thu Dec  6 03:07:11 2018","resilience":"27","nodes":[4,2,9,5,11,3,17,7,10,84,51,34,8,20,65,53,29,68,1,6,12,13,14]}
x
{"experiment":"Resilience experiment on Scale-free graph_generate_scale_free(size=900,preference=1)","uuid":"f22a40fd-45a3-4611-b5b6-b2b9c0a956e8","seed":"7000","time":"50.3386900424957","date":"Thu Dec  6 03:08:02 2018","resilience":"27","nodes":[1,6,7,13,12,26,43,24,30,34,39,35,21,2,3,4,5,48,8,28,17,9,10]}
x
{"experiment":"Resilience experiment on Scale-free graph_generate_scale_free(size=900,preference=1)","uuid":"a8e2797a-17ef-470d-9223-60461581e1d3","seed":"110000","time":"50.0906589031219","date":"Thu Dec  6 03:08:52 2018","resilience":"23","nodes":[4,2,1,3,8,26,23,6,58,5,21,22,35,12,7,36,40,10,14,115,13,61,55]}
x
{"experiment":"Resilience experiment on Scale-free graph_generate_scale_free(size=900,preference=1)","uuid":"cbc94f7c-83b7-4e98-8c0f-4253f170fc76","seed":"1300000","time":"50.0736262798309","date":"Thu Dec  6 03:09:43 2018","resilience":"46","nodes":[2,3,1,7,4,8,12,13,15,58,5,6,9,10,11,14,16,17,18,19,20,21,57]}
x
{"experiment":"Resilience experiment on Small world graph_generate_small_world(size=900,probability=0.025)","uuid":"fa754ff5-4eb0-4119-8633-cc763026d7b6","seed":"2","time":"92.3787999153137","date":"Thu Dec  6 03:11:15 2018","resilience":"877","nodes":[1,2,3,4,5,6,7,8,9,10,11,12,13,14,15,16,17,18,19,20,21,22,23]}
x
{"experiment":"Resilience experiment on Small world graph_generate_small_world(size=900,probability=0.025)","uuid":"f9f09852-696c-41c3-a081-6a4e67361ae9","seed":"30","time":"92.2761871814728","date":"Thu Dec  6 03:12:48 2018","resilience":"877","nodes":[1,2,3,4,5,6,7,8,9,10,11,12,13,14,15,16,17,18,19,20,21,22,23]}
x
{"experiment":"Resilience experiment on Small world graph_generate_small_world(size=900,probability=0.025)","uuid":"01c3b5e9-748d-42b9-bb2a-c821d7c69245","seed":"500","time":"91.9254140853882","date":"Thu Dec  6 03:14:21 2018","resilience":"877","nodes":[1,2,3,4,5,6,7,8,9,10,11,12,13,14,15,16,17,18,19,20,21,22,23]}
x
{"experiment":"Resilience experiment on Small world graph_generate_small_world(size=900,probability=0.025)","uuid":"077080c5-182f-44f5-869c-827cffb1aadd","seed":"7000","time":"93.3158342838287","date":"Thu Dec  6 03:15:55 2018","resilience":"877","nodes":[1,2,3,4,5,6,7,8,9,10,11,12,13,14,15,16,17,18,19,20,21,22,23]}
x
{"experiment":"Resilience experiment on Small world graph_generate_small_world(size=900,probability=0.025)","uuid":"0902ff80-8a40-40aa-bb00-8d35a439ed2b","seed":"110000","time":"92.6722319126129","date":"Thu Dec  6 03:17:28 2018","resilience":"877","nodes":[1,2,3,4,5,6,7,8,9,10,11,12,13,14,15,16,17,18,19,20,21,22,23]}
x
{"experiment":"Resilience experiment on Small world graph_generate_small_world(size=900,probability=0.025)","uuid":"80a166ca-2be2-4c28-9f96-0ec3a74fdeb8","seed":"1300000","time":"93.508989572525","date":"Thu Dec  6 03:19:02 2018","resilience":"877","nodes":[1,2,3,4,5,6,7,8,9,10,11,12,13,14,15,16,17,18,19,20,21,22,23]}
x
{"experiment":"Resilience experiment on Holme and Kim graph_generate_holme_kim(size=900,probability=0.025)","uuid":"ca746335-fc94-4a1d-bca1-9064ac3beca5","seed":"2","time":"56.0969407558441","date":"Thu Dec  6 03:19:59 2018","resilience":"818","nodes":[1,8,3,7,89,88,113,118,15,246,19,24,34,71,78,2,64,4,74,107,29,42,58]}
x
{"experiment":"Resilience experiment on Holme and Kim graph_generate_holme_kim(size=900,probability=0.025)","uuid":"c4fcf157-2df2-4f75-8000-9d8a706da7ca","seed":"30","time":"56.0895569324493","date":"Thu Dec  6 03:20:56 2018","resilience":"807","nodes":[1,3,2,4,5,102,10,16,59,206,14,99,15,17,21,355,23,45,86,106,51,342,124]}
x
{"experiment":"Resilience experiment on Holme and Kim graph_generate_holme_kim(size=900,probability=0.025)","uuid":"ccd5908a-28f1-4bf2-803a-0323e937ed20","seed":"500","time":"55.7789108753204","date":"Thu Dec  6 03:21:53 2018","resilience":"822","nodes":[1,3,5,44,354,12,4,52,22,109,11,15,158,33,46,24,54,62,341,30,408,556,81]}
x
{"experiment":"Resilience experiment on Holme and Kim graph_generate_holme_kim(size=900,probability=0.025)","uuid":"13f75b31-f71f-4184-b5dc-c958912e8d3e","seed":"7000","time":"56.0192346572876","date":"Thu Dec  6 03:22:49 2018","resilience":"809","nodes":[1,57,2,30,4,13,10,15,7,168,184,274,390,9,3,12,40,33,25,20,47,159,116]}
x
{"experiment":"Resilience experiment on Holme and Kim graph_generate_holme_kim(size=900,probability=0.025)","uuid":"224a27e0-e321-4144-b155-f664da79665d","seed":"110000","time":"56.3354978561401","date":"Thu Dec  6 03:23:46 2018","resilience":"825","nodes":[1,6,10,13,69,96,2,14,5,4,40,8,12,26,17,41,51,252,9,142,154,25,70]}
x
{"experiment":"Resilience experiment on Holme and Kim graph_generate_holme_kim(size=900,probability=0.025)","uuid":"380fe856-2879-4e64-9694-896291968599","seed":"1300000","time":"56.0922517776489","date":"Thu Dec  6 03:24:43 2018","resilience":"828","nodes":[1,2,19,307,3,46,9,17,20,30,75,174,26,22,29,16,51,64,31,10,15,6,142]}
x
{"experiment":"Resilience experiment on Scale-free graph_generate_scale_free(size=1000,preference=1)","uuid":"c51b09f4-e3ab-4d1e-9ee4-661c77a8c43a","seed":"2","time":"63.5381059646606","date":"Thu Dec  6 03:25:47 2018","resilience":"35","nodes":[6,2,7,1,23,18,41,19,27,3,30,24,43,5,4,8,9,10,11,12,13,14,15,16,17]}
x
{"experiment":"Resilience experiment on Scale-free graph_generate_scale_free(size=1000,preference=1)","uuid":"f8507e8c-e96a-4e48-8e56-a8e65f034854","seed":"30","time":"62.745762348175","date":"Thu Dec  6 03:26:50 2018","resilience":"46","nodes":[2,6,1,4,15,7,10,26,20,3,45,5,8,9,11,32,48,12,13,14,16,17,18,19,21]}
x
{"experiment":"Resilience experiment on Scale-free graph_generate_scale_free(size=1000,preference=1)","uuid":"79fe2790-24ba-4994-b666-794686b14995","seed":"500","time":"62.7654449939728","date":"Thu Dec  6 03:27:53 2018","resilience":"28","nodes":[4,2,9,5,11,3,17,7,10,84,51,34,1,6,8,65,20,53,29,127,68,12,13,14,15]}
x
{"experiment":"Resilience experiment on Scale-free graph_generate_scale_free(size=1000,preference=1)","uuid":"dbe9ad6d-c83b-4f1e-97e8-b4f78ee92eaf","seed":"7000","time":"62.918913602829","date":"Thu Dec  6 03:28:56 2018","resilience":"44","nodes":[1,6,7,13,12,26,43,24,30,34,39,35,21,2,3,4,5,8,48,9,10,11,14,15,16]}
x
{"experiment":"Resilience experiment on Scale-free graph_generate_scale_free(size=1000,preference=1)","uuid":"b31de5e6-7cb8-404b-ac3d-65c9740c6a64","seed":"110000","time":"63.7734196186066","date":"Thu Dec  6 03:30:00 2018","resilience":"56","nodes":[4,3,6,1,8,26,23,2,58,5,21,7,9,10,11,12,13,14,15,16,17,18,19,20,22]}
x
{"experiment":"Resilience experiment on Scale-free graph_generate_scale_free(size=1000,preference=1)","uuid":"bcebde3b-9886-4b33-971f-4ba224755996","seed":"1300000","time":"64.8852570056915","date":"Thu Dec  6 03:31:05 2018","resilience":"41","nodes":[2,3,1,7,4,8,12,13,15,20,5,6,9,10,11,14,16,17,18,19,21,58,57,115,24]}
x
{"experiment":"Resilience experiment on Small world graph_generate_small_world(size=1000,probability=0.025)","uuid":"d6535f84-0c47-49c6-9d80-0d691b2390b9","seed":"2","time":"130.075071573257","date":"Thu Dec  6 03:33:16 2018","resilience":"975","nodes":[1,2,3,4,5,6,7,8,9,10,11,12,13,14,15,16,17,18,19,20,21,22,23,24,25]}
x
{"experiment":"Resilience experiment on Small world graph_generate_small_world(size=1000,probability=0.025)","uuid":"18a8a75a-8f5f-4398-87bb-feb5ffcbbba9","seed":"30","time":"128.057195901871","date":"Thu Dec  6 03:35:25 2018","resilience":"975","nodes":[1,2,3,4,5,6,7,8,9,10,11,12,13,14,15,16,17,18,19,20,21,22,23,24,25]}
x
{"experiment":"Resilience experiment on Small world graph_generate_small_world(size=1000,probability=0.025)","uuid":"a045de7c-ebf2-4ead-b6f3-57953d056f60","seed":"500","time":"129.05126953125","date":"Thu Dec  6 03:37:35 2018","resilience":"975","nodes":[1,2,3,4,5,6,7,8,9,10,11,12,13,14,15,16,17,18,19,20,21,22,23,24,25]}
x
{"experiment":"Resilience experiment on Small world graph_generate_small_world(size=1000,probability=0.025)","uuid":"a9bd849c-dee5-45ae-9fe2-5140496d774a","seed":"7000","time":"129.939043283463","date":"Thu Dec  6 03:39:45 2018","resilience":"975","nodes":[1,2,3,4,5,6,7,8,9,10,11,12,13,14,15,16,17,18,19,20,21,22,23,24,25]}
x
{"experiment":"Resilience experiment on Small world graph_generate_small_world(size=1000,probability=0.025)","uuid":"4bb24eb5-07f7-41a2-a5c4-6422793be148","seed":"110000","time":"129.180898427963","date":"Thu Dec  6 03:41:56 2018","resilience":"975","nodes":[1,2,3,4,5,6,7,8,9,10,11,12,13,14,15,16,17,18,19,20,21,22,23,24,25]}
x
{"experiment":"Resilience experiment on Small world graph_generate_small_world(size=1000,probability=0.025)","uuid":"7316516b-c603-4147-89c2-990c9227a909","seed":"1300000","time":"132.726389169693","date":"Thu Dec  6 03:44:09 2018","resilience":"975","nodes":[1,2,3,4,5,6,7,8,9,10,11,12,13,14,15,16,17,18,19,20,21,22,23,24,25]}
x
{"experiment":"Resilience experiment on Holme and Kim graph_generate_holme_kim(size=1000,probability=0.025)","uuid":"13bbee6c-0aee-428a-8009-554736c3ff9b","seed":"2","time":"72.1665034294128","date":"Thu Dec  6 03:45:23 2018","resilience":"909","nodes":[1,380,3,13,112,41,184,2,24,6,11,7,161,392,655,12,47,45,115,520,150,117,198,38,357]}
x
{"experiment":"Resilience experiment on Holme and Kim graph_generate_holme_kim(size=1000,probability=0.025)","uuid":"861e4496-a153-4884-8076-d0984e5f80b8","seed":"30","time":"72.0959072113037","date":"Thu Dec  6 03:46:36 2018","resilience":"904","nodes":[1,5,3,4,39,82,20,194,488,2,6,25,46,74,98,114,133,235,465,9,11,163,395,16,31]}
x
{"experiment":"Resilience experiment on Holme and Kim graph_generate_holme_kim(size=1000,probability=0.025)","uuid":"9b1b6271-f6e5-48dd-9224-014dd3bfe1d8","seed":"500","time":"70.8286607265472","date":"Thu Dec  6 03:47:48 2018","resilience":"919","nodes":[1,11,4,25,3,101,154,5,15,122,80,85,21,82,494,14,27,36,65,391,48,10,202,50,24]}
x
{"experiment":"Resilience experiment on Holme and Kim graph_generate_holme_kim(size=1000,probability=0.025)","uuid":"fdf91d8e-9884-4b4a-9d1f-da1cd1c91272","seed":"7000","time":"69.8505396842957","date":"Thu Dec  6 03:48:59 2018","resilience":"897","nodes":[1,2,5,24,4,34,9,14,257,26,45,31,7,50,711,19,28,30,12,13,59,242,17,18,35]}
x
{"experiment":"Resilience experiment on Holme and Kim graph_generate_holme_kim(size=1000,probability=0.025)","uuid":"f737ab86-c79c-47cc-a2ec-641815bbb140","seed":"110000","time":"70.2991673946381","date":"Thu Dec  6 03:50:10 2018","resilience":"918","nodes":[1,7,14,15,2,18,9,37,91,3,67,113,11,114,122,127,206,480,60,10,5,4,30,40,36]}
x
{"experiment":"Resilience experiment on Holme and Kim graph_generate_holme_kim(size=1000,probability=0.025)","uuid":"a2081a87-30c6-426c-8cae-c4fe8619305f","seed":"1300000","time":"70.0050029754639","date":"Thu Dec  6 03:51:21 2018","resilience":"919","nodes":[1,2,5,383,3,7,10,124,4,12,36,37,8,15,21,242,361,13,11,19,32,44,47,51,65]}
